Running on Cartesius 

[1;31mtime	Thu Jan  8 12:19:22 CET 2015[0;39m
mat_name\tp\tn\tk\ttime_init\ttime_mv\ttime_ip\ttime_done\ttime_total
randmat_64_0_01.mtx-P1	1	64	14	0.001369	0.000334	0.000326	0.002035	0.002044
randmat_64_0_01.mtx-P2	2	64	14	0.001855	0.000859	0.001428	0.004153	0.004180
randmat_64_0_01.mtx-P4	4	64	14	0.002290	0.001113	0.001998	0.005409	0.005446
randmat_64_0_01.mtx-P8	8	64	14	0.003072	0.001506	0.002739	0.007322	0.007382
randmat_64_0_02.mtx-P1	1	64	23	0.001460	0.000460	0.000588	0.002523	0.002533
randmat_64_0_02.mtx-P2	2	64	23	0.001984	0.001182	0.002169	0.005347	0.005382
randmat_64_0_02.mtx-P4	4	64	23	0.002313	0.001856	0.002838	0.007021	0.007057
randmat_64_0_03.mtx-P1	1	64	15	0.001809	0.000319	0.000443	0.002603	0.002625
randmat_64_0_03.mtx-P2	2	64	15	0.001821	0.000845	0.001415	0.004145	0.004171
randmat_64_0_03.mtx-P4	4	64	15	0.002445	0.001212	0.002023	0.005691	0.005728
randmat_64_0_04.mtx-P1	1	64	19	0.001576	0.000437	0.000469	0.002492	0.002501
randmat_64_0_04.mtx-P2	2	64	19	0.002099	0.001068	0.001668	0.004849	0.004873
randmat_64_0_04.mtx-P4	4	64	19	0.002280	0.001346	0.002501	0.006137	0.006182
randmat_64_0_05.mtx-P1	1	64	15	0.001624	0.000273	0.000292	0.002196	0.002205
randmat_64_0_05.mtx-P2	2	64	15	0.001979	0.000797	0.001617	0.004404	0.004429
randmat_64_0_05.mtx-P4	4	64	15	0.002280	0.001107	0.002099	0.005493	0.005540
randmat_64_0_05.mtx-P8	8	64	15	0.003336	0.001499	0.003126	0.007966	0.008034
randmat_64_0_1.mtx-P1	1	64	14	0.001841	0.000384	0.000360	0.002592	0.002603
randmat_64_0_1.mtx-P2	2	64	14	0.002184	0.000808	0.001432	0.004436	0.004462
randmat_64_0_1.mtx-P4	4	64	14	0.002621	0.001315	0.001757	0.005703	0.005740
randmat_64_0_1.mtx-P8	8	64	14	0.003637	0.001512	0.002699	0.007856	0.007935
randmat_64_0_1.mtx-P16	16	64	14	0.004981	0.002228	0.004085	0.011298	0.011390
randmat_64_0_2.mtx-P1	1	64	13	0.002173	0.000343	0.000317	0.002844	0.002854
randmat_64_0_2.mtx-P2	2	64	13	0.002242	0.000706	0.001328	0.004282	0.004307
randmat_64_0_2.mtx-P4	4	64	13	0.002847	0.001080	0.001976	0.005909	0.005948
randmat_64_0_2.mtx-P8	8	64	13	0.003476	0.001624	0.002748	0.007853	0.007914
randmat_128_0_01.mtx-P1	1	128	19	0.001647	0.000533	0.000613	0.002823	0.002834
randmat_128_0_01.mtx-P2	2	128	19	0.001980	0.001070	0.001824	0.004884	0.004912
randmat_128_0_01.mtx-P4	4	128	19	0.002477	0.001262	0.002686	0.006429	0.006467
randmat_128_0_01.mtx-P8	8	128	19	0.003578	0.001982	0.003735	0.009304	0.009367
randmat_128_0_02.mtx-P1	1	128	17	0.001821	0.000565	0.000394	0.002794	0.002814
randmat_128_0_02.mtx-P2	2	128	17	0.002218	0.000954	0.001612	0.004804	0.004843
randmat_128_0_02.mtx-P4	4	128	17	0.002546	0.001274	0.002219	0.006056	0.006096
randmat_128_0_03.mtx-P1	1	128	14	0.002099	0.000417	0.000373	0.002984	0.002996
randmat_128_0_03.mtx-P2	2	128	14	0.002446	0.000851	0.001368	0.004680	0.004715
randmat_128_0_03.mtx-P4	4	128	14	0.002818	0.001106	0.001845	0.005777	0.005815
randmat_128_0_03.mtx-P8	8	128	14	0.003665	0.001451	0.002814	0.007935	0.007999
randmat_128_0_03.mtx-P16	16	128	14	0.005119	0.002244	0.004077	0.011448	0.011540
randmat_128_0_04.mtx-P1	1	128	15	0.002094	0.000598	0.000430	0.003138	0.003149
randmat_128_0_04.mtx-P2	2	128	15	0.002557	0.000988	0.001324	0.004880	0.004908
randmat_128_0_04.mtx-P4	4	128	15	0.002858	0.001215	0.001946	0.006029	0.006069
randmat_128_0_04.mtx-P8	8	128	15	0.003927	0.001595	0.002884	0.008414	0.008483
randmat_128_0_05.mtx-P1	1	128	15	0.002377	0.000446	0.000372	0.003214	0.003225
randmat_128_0_05.mtx-P2	2	128	15	0.002803	0.001019	0.001226	0.005058	0.005086
randmat_128_0_05.mtx-P4	4	128	15	0.002969	0.001184	0.001868	0.006029	0.006067
randmat_128_0_05.mtx-P8	8	128	15	0.003935	0.001809	0.002713	0.008466	0.008587
randmat_128_0_05.mtx-P16	16	128	15	0.005308	0.002543	0.004196	0.012053	0.012146
randmat_128_0_1.mtx-P1	1	128	13	0.002859	0.000550	0.000320	0.003741	0.003764
randmat_128_0_1.mtx-P2	2	128	13	0.003358	0.000781	0.001094	0.005242	0.005270
randmat_128_0_1.mtx-P4	4	128	13	0.003554	0.001009	0.001576	0.006152	0.006191
randmat_128_0_1.mtx-P8	8	128	13	0.004447	0.001430	0.002522	0.008404	0.008509
randmat_128_0_1.mtx-P16	16	128	13	0.005972	0.002318	0.003593	0.011890	0.011984
randmat_128_0_1.mtx-P32	32	128	13	0.065672	0.013658	0.021484	0.100821	0.101367
randmat_128_0_2.mtx-P1	1	128	12	0.004049	0.000334	0.000229	0.004618	0.004629
randmat_128_0_2.mtx-P2	2	128	12	0.004571	0.000812	0.000902	0.006297	0.006325
randmat_128_0_2.mtx-P4	4	128	12	0.004649	0.000877	0.001430	0.006960	0.007000
randmat_128_0_2.mtx-P8	8	128	12	0.005364	0.001435	0.002271	0.009076	0.009138
randmat_128_0_2.mtx-P16	16	128	12	0.007196	0.001941	0.003357	0.012502	0.012596
randmat_128_0_2.mtx-P32	32	128	12	0.066262	0.012683	0.019838	0.098787	0.099328
randmat_256_0_01.mtx-P1	1	256	15	0.002396	0.000700	0.000548	0.003661	0.003676
randmat_256_0_01.mtx-P2	2	256	15	0.002746	0.001108	0.001304	0.005168	0.005203
randmat_256_0_01.mtx-P4	4	256	15	0.003001	0.001188	0.001807	0.006006	0.006047
randmat_256_0_01.mtx-P8	8	256	15	0.003578	0.001990	0.002998	0.008572	0.008640
randmat_256_0_01.mtx-P16	16	256	15	0.005083	0.002464	0.004200	0.011760	0.011857
randmat_256_0_01.mtx-P32	32	256	15	0.066282	0.015271	0.024682	0.106250	0.106867
randmat_256_0_02.mtx-P1	1	256	15	0.002872	0.000757	0.000372	0.004031	0.004047
randmat_256_0_02.mtx-P2	2	256	15	0.003395	0.000994	0.001226	0.005625	0.005663
randmat_256_0_02.mtx-P4	4	256	15	0.003538	0.001194	0.001925	0.006674	0.006736
randmat_256_0_02.mtx-P8	8	256	15	0.004513	0.001672	0.002899	0.009090	0.009155
randmat_256_0_02.mtx-P16	16	256	15	0.005936	0.002481	0.004202	0.012626	0.012723
randmat_256_0_02.mtx-P32	32	256	15	0.065926	0.013674	0.025822	0.105435	0.106057
randmat_256_0_02.mtx-P64	64	256	15	0.107646	0.020093	0.033627	0.161373	0.162123
randmat_256_0_03.mtx-P1	1	256	13	0.003501	0.000519	0.000262	0.004300	0.004315
randmat_256_0_03.mtx-P2	2	256	13	0.003831	0.000888	0.001021	0.005751	0.005801
randmat_256_0_03.mtx-P4	4	256	13	0.003914	0.001023	0.001597	0.006545	0.006746
randmat_256_0_03.mtx-P8	8	256	13	0.004804	0.001528	0.002547	0.008884	0.008951
randmat_256_0_03.mtx-P16	16	256	13	0.006538	0.002201	0.003617	0.012362	0.012478
randmat_256_0_03.mtx-P32	32	256	13	0.066965	0.013681	0.021430	0.102089	0.102668
randmat_256_0_04.mtx-P1	1	256	12	0.003945	0.000503	0.000271	0.004731	0.004746
randmat_256_0_04.mtx-P2	2	256	12	0.004287	0.000812	0.000983	0.006098	0.006145
randmat_256_0_04.mtx-P4	4	256	12	0.004443	0.001123	0.001385	0.006960	0.007001
randmat_256_0_04.mtx-P8	8	256	12	0.005207	0.001376	0.002413	0.009002	0.009119
randmat_256_0_04.mtx-P16	16	256	12	0.006715	0.002055	0.003298	0.012074	0.012169
randmat_256_0_04.mtx-P32	32	256	12	0.066594	0.012826	0.019915	0.099341	0.099958
randmat_256_0_04.mtx-P64	64	256	12	0.108057	0.016472	0.027071	0.151614	0.152354
randmat_256_0_05.mtx-P1	1	256	12	0.004407	0.000552	0.000291	0.005266	0.005280
randmat_256_0_05.mtx-P2	2	256	12	0.004733	0.000868	0.000918	0.006527	0.006569
randmat_256_0_05.mtx-P4	4	256	12	0.004803	0.000957	0.001603	0.007369	0.007411
randmat_256_0_05.mtx-P8	8	256	12	0.005583	0.001415	0.002444	0.009451	0.009588
randmat_256_0_05.mtx-P16	16	256	12	0.007405	0.002017	0.003344	0.012770	0.012867
randmat_256_0_05.mtx-P32	32	256	12	0.066218	0.012980	0.019859	0.099065	0.099647
randmat_256_0_1.mtx-P1	1	256	11	0.006560	0.000599	0.000278	0.007453	0.007468
randmat_256_0_1.mtx-P2	2	256	11	0.006960	0.001034	0.000891	0.008902	0.008934
randmat_256_0_1.mtx-P4	4	256	11	0.006672	0.000989	0.001336	0.009006	0.009057
randmat_256_0_1.mtx-P8	8	256	11	0.007573	0.001305	0.002138	0.011026	0.011093
randmat_256_0_1.mtx-P16	16	256	11	0.009208	0.001833	0.002964	0.014014	0.014111
randmat_256_0_1.mtx-P32	32	256	11	0.175744	0.012185	0.018232	0.206170	0.206791
randmat_256_0_1.mtx-P64	64	256	11	0.112162	0.015381	0.024755	0.152305	0.153038
randmat_256_0_2.mtx-P1	1	256	10	0.010990	0.000548	0.000204	0.011752	0.011767
randmat_256_0_2.mtx-P2	2	256	10	0.011002	0.000835	0.000688	0.012538	0.012569
randmat_256_0_2.mtx-P4	4	256	10	0.011073	0.000835	0.001082	0.012997	0.013038
randmat_256_0_2.mtx-P8	8	256	10	0.011217	0.001161	0.001803	0.014188	0.014251
randmat_256_0_2.mtx-P16	16	256	10	0.012640	0.001688	0.002726	0.017059	0.017155
randmat_256_0_2.mtx-P32	32	256	10	0.177978	0.009733	0.016680	0.204398	0.204985
randmat_256_0_2.mtx-P64	64	256	10	0.766728	0.014096	0.022506	0.803335	0.804068
randmat_512_0_01.mtx-P1	1	512	14	0.004435	0.000926	0.000303	0.005697	0.005719
randmat_512_0_01.mtx-P2	2	512	14	0.004606	0.001153	0.001057	0.006843	0.006879
randmat_512_0_01.mtx-P4	4	512	14	0.004710	0.001451	0.001764	0.007935	0.007985
randmat_512_0_01.mtx-P8	8	512	14	0.005248	0.001679	0.002903	0.009841	0.009909
randmat_512_0_01.mtx-P16	16	512	14	0.007103	0.002371	0.003830	0.013314	0.013413
randmat_512_0_01.mtx-P32	32	512	14	0.066340	0.010947	0.025259	0.102551	0.102991
randmat_512_0_01.mtx-P64	64	512	14	0.109125	0.017018	0.032120	0.158273	0.159097
randmat_512_0_02.mtx-P1	1	512	13	0.006035	0.000965	0.000324	0.007357	0.007382
randmat_512_0_02.mtx-P2	2	512	13	0.006342	0.001271	0.001102	0.008740	0.008835
randmat_512_0_02.mtx-P4	4	512	13	0.006280	0.001294	0.001632	0.009218	0.009264
randmat_512_0_02.mtx-P8	8	512	13	0.006924	0.001803	0.002537	0.011271	0.011340
randmat_512_0_02.mtx-P16	16	512	13	0.008790	0.002263	0.003545	0.014606	0.014706
randmat_512_0_02.mtx-P32	32	512	13	0.169717	0.010545	0.021653	0.201925	0.202369
randmat_512_0_02.mtx-P64	64	512	13	0.111844	0.018227	0.029274	0.159354	0.160152
randmat_512_0_03.mtx-P1	1	512	12	0.007834	0.000902	0.000294	0.009058	0.009080
randmat_512_0_03.mtx-P2	2	512	12	0.008215	0.001287	0.000878	0.010393	0.010429
randmat_512_0_03.mtx-P4	4	512	12	0.008256	0.001318	0.001359	0.010946	0.010998
randmat_512_0_03.mtx-P8	8	512	12	0.008575	0.001619	0.002291	0.012492	0.012561
randmat_512_0_03.mtx-P16	16	512	12	0.010095	0.002259	0.003320	0.015683	0.015783
randmat_512_0_03.mtx-P32	32	512	12	0.167070	0.010091	0.019964	0.197134	0.197573
randmat_512_0_03.mtx-P64	64	512	12	0.114766	0.017049	0.027198	0.159022	0.159812
randmat_512_0_04.mtx-P1	1	512	11	0.009652	0.000833	0.000221	0.010726	0.010748
randmat_512_0_04.mtx-P2	2	512	11	0.009897	0.001186	0.000789	0.011886	0.011923
randmat_512_0_04.mtx-P4	4	512	11	0.010165	0.001145	0.001181	0.012500	0.012546
randmat_512_0_04.mtx-P8	8	512	11	0.010123	0.001423	0.002009	0.013562	0.013631
randmat_512_0_04.mtx-P16	16	512	11	0.011506	0.001948	0.003055	0.016515	0.016615
randmat_512_0_04.mtx-P32	32	512	11	0.178491	0.007984	0.018263	0.204745	0.205198
randmat_512_0_04.mtx-P64	64	512	11	0.801717	0.014058	0.025065	0.840847	0.841682
randmat_512_0_05.mtx-P1	1	512	11	0.011101	0.000900	0.000222	0.012244	0.012268
randmat_512_0_05.mtx-P2	2	512	11	0.011306	0.001289	0.000829	0.013445	0.013486
randmat_512_0_05.mtx-P4	4	512	11	0.011382	0.001205	0.001206	0.013803	0.013851
randmat_512_0_05.mtx-P8	8	512	11	0.011495	0.001373	0.002001	0.014872	0.014941
randmat_512_0_05.mtx-P16	16	512	11	0.012920	0.001966	0.003120	0.018013	0.018111
randmat_512_0_05.mtx-P32	32	512	11	0.188204	0.007958	0.018329	0.214500	0.214936
randmat_512_0_05.mtx-P64	64	512	11	0.778262	0.013978	0.025164	0.817414	0.818200
randmat_512_0_1.mtx-P1	1	512	10	0.019836	0.001006	0.000209	0.021072	0.021094
randmat_512_0_1.mtx-P2	2	512	10	0.019341	0.001307	0.000728	0.021394	0.021434
randmat_512_0_1.mtx-P4	4	512	10	0.019206	0.001088	0.001130	0.021430	0.021477
randmat_512_0_1.mtx-P8	8	512	10	0.019488	0.001241	0.001899	0.022634	0.022701
randmat_512_0_1.mtx-P16	16	512	10	0.020331	0.001901	0.002790	0.025025	0.025124
randmat_512_0_1.mtx-P32	32	512	10	0.185740	0.007223	0.016688	0.209659	0.210102
randmat_512_0_1.mtx-P64	64	512	10	0.802781	0.013170	0.022938	0.838898	0.839689
randmat_512_0_2.mtx-P1	1	512	9	0.036229	0.001214	0.000208	0.037669	0.037693
randmat_512_0_2.mtx-P2	2	512	9	0.035018	0.001318	0.000647	0.037001	0.037037
randmat_512_0_2.mtx-P4	4	512	9	0.033592	0.001124	0.000983	0.035709	0.035755
randmat_512_0_2.mtx-P8	8	512	9	0.033906	0.001268	0.001630	0.036809	0.036877
randmat_512_0_2.mtx-P16	16	512	9	0.036303	0.001696	0.002439	0.040442	0.040541
randmat_512_0_2.mtx-P32	32	512	9	0.189402	0.006410	0.015040	0.210859	0.211306
randmat_512_0_2.mtx-P64	64	512	9	0.779831	0.010351	0.020568	0.810761	0.811386
randmat_1024_0_01.mtx-P1	1	1024	12	0.010387	0.001492	0.000287	0.012203	0.012241
randmat_1024_0_01.mtx-P2	2	1024	12	0.010535	0.001753	0.000910	0.013230	0.013280
randmat_1024_0_01.mtx-P4	4	1024	12	0.010581	0.001574	0.001297	0.013469	0.013523
randmat_1024_0_01.mtx-P8	8	1024	12	0.010575	0.001702	0.002186	0.014469	0.014545
randmat_1024_0_01.mtx-P16	16	1024	12	0.012044	0.002286	0.003327	0.017665	0.017792
randmat_1024_0_01.mtx-P32	32	1024	12	0.186686	0.008813	0.020055	0.215562	0.216025
randmat_1024_0_01.mtx-P64	64	1024	12	0.765722	0.012558	0.027387	0.805677	0.806320
randmat_1024_0_02.mtx-P1	1	1024	11	0.017221	0.001575	0.000264	0.019100	0.019138
randmat_1024_0_02.mtx-P2	2	1024	11	0.016997	0.001959	0.000801	0.019783	0.019832
randmat_1024_0_02.mtx-P4	4	1024	11	0.016548	0.001659	0.001285	0.019508	0.019563
randmat_1024_0_02.mtx-P8	8	1024	11	0.017309	0.001647	0.002087	0.021053	0.021133
randmat_1024_0_02.mtx-P16	16	1024	11	0.017700	0.002201	0.003109	0.023019	0.023130
randmat_1024_0_02.mtx-P32	32	1024	11	0.176484	0.008175	0.018359	0.203026	0.203485
randmat_1024_0_02.mtx-P64	64	1024	11	0.779426	0.011744	0.025351	0.816526	0.817253
randmat_1024_0_03.mtx-P1	1	1024	10	0.023618	0.001595	0.000236	0.025483	0.025521
randmat_1024_0_03.mtx-P2	2	1024	10	0.023266	0.002055	0.000818	0.026179	0.026234
randmat_1024_0_03.mtx-P4	4	1024	10	0.022447	0.001631	0.001137	0.025229	0.025284
randmat_1024_0_03.mtx-P8	8	1024	10	0.023167	0.001690	0.001789	0.026654	0.026742
randmat_1024_0_03.mtx-P16	16	1024	10	0.024369	0.002086	0.002795	0.029256	0.029379
randmat_1024_0_03.mtx-P32	32	1024	10	0.174606	0.007453	0.016639	0.198709	0.199160
randmat_1024_0_03.mtx-P64	64	1024	10	0.824928	0.010455	0.022893	0.858282	0.858912
randmat_1024_0_04.mtx-P1	1	1024	10	0.030423	0.001853	0.000238	0.032549	0.032587
randmat_1024_0_04.mtx-P2	2	1024	10	0.029729	0.002161	0.000753	0.032677	0.032731
randmat_1024_0_04.mtx-P4	4	1024	10	0.028474	0.001483	0.001525	0.031488	0.031544
randmat_1024_0_04.mtx-P8	8	1024	10	0.028918	0.001726	0.001793	0.032450	0.032531
randmat_1024_0_04.mtx-P16	16	1024	10	0.031235	0.002118	0.002820	0.036178	0.036284
randmat_1024_0_04.mtx-P32	32	1024	10	0.186359	0.007515	0.016742	0.210626	0.211077
randmat_1024_0_04.mtx-P64	64	1024	10	0.760231	0.010634	0.022942	0.793819	0.794443
randmat_1024_0_05.mtx-P1	1	1024	10	0.036946	0.001860	0.000228	0.039069	0.039107
randmat_1024_0_05.mtx-P2	2	1024	10	0.035842	0.002058	0.000744	0.038666	0.038720
randmat_1024_0_05.mtx-P4	4	1024	10	0.034262	0.001699	0.001177	0.037151	0.037204
randmat_1024_0_05.mtx-P8	8	1024	10	0.034856	0.001744	0.001862	0.038471	0.038551
randmat_1024_0_05.mtx-P16	16	1024	10	0.036954	0.002179	0.002859	0.042000	0.042110
randmat_1024_0_05.mtx-P32	32	1024	10	0.192793	0.007521	0.016723	0.217049	0.217512
randmat_1024_0_05.mtx-P64	64	1024	10	0.762429	0.010732	0.023004	0.796168	0.796809
randmat_1024_0_1.mtx-P1	1	1024	9	0.071358	0.002329	0.000211	0.073928	0.073965
randmat_1024_0_1.mtx-P2	2	1024	9	0.067584	0.002432	0.000677	0.070723	0.070782
randmat_1024_0_1.mtx-P4	4	1024	9	0.063922	0.001558	0.001137	0.066624	0.066681
randmat_1024_0_1.mtx-P8	8	1024	9	0.064036	0.001676	0.001630	0.067350	0.067429
randmat_1024_0_1.mtx-P16	16	1024	9	0.065256	0.002022	0.002424	0.069712	0.069818
randmat_1024_0_1.mtx-P32	32	1024	9	0.221318	0.006722	0.015073	0.243119	0.243575
randmat_1024_0_1.mtx-P64	64	1024	9	0.809491	0.009504	0.020921	0.839927	0.840570
randmat_1024_0_2.mtx-P1	1	1024	8	0.138278	0.003183	0.000184	0.141673	0.141710
randmat_1024_0_2.mtx-P2	2	1024	8	0.132568	0.002662	0.000599	0.135860	0.135917
randmat_1024_0_2.mtx-P4	4	1024	8	0.122482	0.001679	0.001031	0.125200	0.125255
randmat_1024_0_2.mtx-P8	8	1024	8	0.120531	0.001611	0.001439	0.123586	0.123661
randmat_1024_0_2.mtx-P16	16	1024	8	0.120911	0.001901	0.002221	0.125040	0.125153
randmat_1024_0_2.mtx-P32	32	1024	8	0.280397	0.006143	0.013326	0.299872	0.300329
randmat_1024_0_2.mtx-P64	64	1024	8	0.868271	0.008783	0.018505	0.895563	0.896208
randmat_2048_0_01.mtx-P1	1	2048	11	0.032579	0.002965	0.000292	0.035903	0.035968
randmat_2048_0_01.mtx-P2	2	2048	11	0.031959	0.003461	0.000859	0.036323	0.036394
randmat_2048_0_01.mtx-P4	4	2048	11	0.030594	0.002881	0.001352	0.034851	0.034924
randmat_2048_0_01.mtx-P8	8	2048	11	0.030778	0.002430	0.002059	0.035286	0.035394
randmat_2048_0_01.mtx-P16	16	2048	11	0.032882	0.002711	0.003107	0.038705	0.038841
randmat_2048_0_01.mtx-P32	32	2048	11	0.190107	0.008501	0.018437	0.217056	0.217539
randmat_2048_0_01.mtx-P64	64	2048	11	0.786369	0.011965	0.025262	0.823601	0.824254
randmat_2048_0_02.mtx-P1	1	2048	10	0.060348	0.003271	0.000279	0.063964	0.064034
randmat_2048_0_02.mtx-P2	2	2048	10	0.058231	0.003541	0.000783	0.062592	0.062665
randmat_2048_0_02.mtx-P4	4	2048	10	0.054379	0.002753	0.001288	0.058442	0.058515
randmat_2048_0_02.mtx-P8	8	2048	10	0.054028	0.002579	0.001824	0.058451	0.058554
randmat_2048_0_02.mtx-P16	16	2048	10	0.056017	0.002692	0.002861	0.061583	0.061727
randmat_2048_0_02.mtx-P32	32	2048	10	0.207878	0.008016	0.016576	0.232482	0.232959
randmat_2048_0_02.mtx-P64	64	2048	10	0.811989	0.011310	0.022726	0.846035	0.846702
randmat_2048_0_03.mtx-P1	1	2048	9	0.086323	0.003529	0.000237	0.090146	0.090213
randmat_2048_0_03.mtx-P2	2	2048	9	0.084355	0.003540	0.000704	0.088633	0.088708
randmat_2048_0_03.mtx-P4	4	2048	9	0.079288	0.002644	0.001060	0.083018	0.083093
randmat_2048_0_03.mtx-P8	8	2048	9	0.077746	0.002243	0.001762	0.081763	0.081856
randmat_2048_0_03.mtx-P16	16	2048	9	0.079810	0.002522	0.002567	0.084907	0.085051
randmat_2048_0_03.mtx-P32	32	2048	9	0.230454	0.007754	0.015759	0.253978	0.254443
randmat_2048_0_03.mtx-P64	64	2048	9	0.838411	0.010301	0.020683	0.869405	0.870071
randmat_2048_0_04.mtx-P1	1	2048	9	0.114387	0.004025	0.000242	0.118718	0.118784
randmat_2048_0_04.mtx-P2	2	2048	9	0.110110	0.004006	0.000775	0.114951	0.115039
randmat_2048_0_04.mtx-P4	4	2048	9	0.102459	0.002635	0.001085	0.106202	0.106278
randmat_2048_0_04.mtx-P8	8	2048	9	0.100513	0.002341	0.001659	0.104528	0.104620
randmat_2048_0_04.mtx-P16	16	2048	9	0.102550	0.002477	0.002568	0.107604	0.107746
randmat_2048_0_04.mtx-P32	32	2048	9	0.261090	0.007433	0.015149	0.283680	0.284153
randmat_2048_0_04.mtx-P64	64	2048	9	0.831805	0.010249	0.020887	0.862953	0.863598
randmat_2048_0_05.mtx-P1	1	2048	9	0.143784	0.004544	0.000242	0.148633	0.148698
randmat_2048_0_05.mtx-P2	2	2048	9	0.135068	0.004208	0.000773	0.140110	0.140193
randmat_2048_0_05.mtx-P4	4	2048	9	0.126084	0.002815	0.001012	0.129932	0.130012
randmat_2048_0_05.mtx-P8	8	2048	9	0.122827	0.002360	0.001670	0.126870	0.126962
randmat_2048_0_05.mtx-P16	16	2048	9	0.124415	0.002555	0.002496	0.129478	0.129613
randmat_2048_0_05.mtx-P32	32	2048	9	0.287572	0.007391	0.014997	0.309968	0.310436
randmat_2048_0_05.mtx-P64	64	2048	9	0.864307	0.010393	0.020633	0.895339	0.896002
randmat_2048_0_1.mtx-P1	1	2048	8	0.278662	0.006341	0.000216	0.285267	0.285333
randmat_2048_0_1.mtx-P2	2	2048	8	0.267690	0.004944	0.000630	0.273300	0.273375
randmat_2048_0_1.mtx-P4	4	2048	8	0.250043	0.002930	0.001061	0.254049	0.254122
randmat_2048_0_1.mtx-P8	8	2048	8	0.241270	0.002416	0.001508	0.245208	0.245303
randmat_2048_0_1.mtx-P16	16	2048	8	0.238210	0.002347	0.002246	0.242808	0.242936
randmat_2048_0_1.mtx-P32	32	2048	8	0.395615	0.006579	0.013444	0.415645	0.416113
randmat_2048_0_1.mtx-P64	64	2048	8	0.971214	0.009140	0.018782	0.999143	0.999879
randmat_2048_0_2.mtx-P1	1	2048	7	0.570729	0.009550	0.000187	0.580515	0.580581
randmat_2048_0_2.mtx-P2	2	2048	7	0.528570	0.006386	0.000586	0.535572	0.535647
randmat_2048_0_2.mtx-P4	4	2048	7	0.494767	0.003620	0.000911	0.499311	0.499385
randmat_2048_0_2.mtx-P8	8	2048	7	0.476180	0.002564	0.001400	0.480149	0.480245
randmat_2048_0_2.mtx-P16	16	2048	7	0.463870	0.002214	0.002105	0.468196	0.468333
randmat_2048_0_2.mtx-P32	32	2048	7	0.611733	0.005882	0.011837	0.629460	0.629999
randmat_2048_0_2.mtx-P64	64	2048	7	1.201083	0.008273	0.016051	1.225410	1.226079
randmat_4096_0_01.mtx-P1	1	4096	10	0.116704	0.006582	0.000347	0.123758	0.123880
randmat_4096_0_01.mtx-P2	2	4096	10	0.113107	0.007494	0.000910	0.121644	0.121789
randmat_4096_0_01.mtx-P4	4	4096	10	0.105137	0.004110	0.002117	0.111380	0.111497
randmat_4096_0_01.mtx-P8	8	4096	10	0.103353	0.003666	0.002030	0.109067	0.109192
randmat_4096_0_01.mtx-P16	16	4096	10	0.104019	0.003664	0.003079	0.110776	0.110948
randmat_4096_0_01.mtx-P32	32	4096	10	0.258604	0.012212	0.017590	0.288419	0.288927
randmat_4096_0_01.mtx-P64	64	4096	10	0.848007	0.016194	0.027678	0.891887	0.892709
randmat_4096_0_02.mtx-P1	1	4096	9	0.226048	0.008089	0.000307	0.234560	0.234684
randmat_4096_0_02.mtx-P2	2	4096	9	0.217785	0.007476	0.000776	0.226109	0.226231
randmat_4096_0_02.mtx-P4	4	4096	9	0.204507	0.004722	0.001074	0.210337	0.210451
randmat_4096_0_02.mtx-P8	8	4096	9	0.197141	0.003445	0.001899	0.202498	0.202626
randmat_4096_0_02.mtx-P16	16	4096	9	0.195723	0.003646	0.002464	0.201848	0.202014
randmat_4096_0_02.mtx-P32	32	4096	9	0.359795	0.010265	0.016199	0.386269	0.386776
randmat_4096_0_02.mtx-P64	64	4096	9	0.939637	0.015083	0.025238	0.979969	0.980828
randmat_4096_0_03.mtx-P1	1	4096	9	0.333929	0.010348	0.000308	0.344698	0.344822
randmat_4096_0_03.mtx-P2	2	4096	9	0.321233	0.009343	0.000819	0.331513	0.331658
randmat_4096_0_03.mtx-P4	4	4096	9	0.302915	0.005028	0.001473	0.309439	0.309559
randmat_4096_0_03.mtx-P8	8	4096	9	0.291329	0.003747	0.001917	0.297009	0.297139
randmat_4096_0_03.mtx-P16	16	4096	9	0.288077	0.003646	0.002589	0.294332	0.294503
randmat_4096_0_03.mtx-P32	32	4096	9	0.441247	0.010065	0.015985	0.467311	0.467833
randmat_4096_0_03.mtx-P64	64	4096	9	1.010956	0.015258	0.025055	1.051276	1.052095
randmat_4096_0_04.mtx-P1	1	4096	8	0.454429	0.011248	0.000271	0.466049	0.466175
randmat_4096_0_04.mtx-P2	2	4096	8	0.429746	0.009439	0.000737	0.440028	0.440172
randmat_4096_0_04.mtx-P4	4	4096	8	0.400863	0.004848	0.001294	0.407026	0.407142
randmat_4096_0_04.mtx-P8	8	4096	8	0.387130	0.003631	0.001710	0.392483	0.392606
randmat_4096_0_04.mtx-P16	16	4096	8	0.380928	0.003130	0.002601	0.386662	0.386840
randmat_4096_0_04.mtx-P32	32	4096	8	0.548140	0.009109	0.014313	0.571568	0.572080
randmat_4096_0_04.mtx-P64	64	4096	8	1.100226	0.013812	0.022260	1.136306	1.137113
randmat_4096_0_05.mtx-P1	1	4096	8	0.566988	0.013204	0.000277	0.580568	0.580703
randmat_4096_0_05.mtx-P2	2	4096	8	0.534968	0.010431	0.000729	0.546234	0.546376
randmat_4096_0_05.mtx-P4	4	4096	8	0.497516	0.005717	0.000986	0.504250	0.504369
randmat_4096_0_05.mtx-P8	8	4096	8	0.481901	0.004020	0.001523	0.487463	0.487596
randmat_4096_0_05.mtx-P16	16	4096	8	0.473638	0.003504	0.002257	0.479414	0.479578
randmat_4096_0_05.mtx-P32	32	4096	8	0.616712	0.009484	0.014257	0.640467	0.640982
randmat_4096_0_05.mtx-P64	64	4096	8	1.260826	0.013360	0.022218	1.296408	1.297232
randmat_4096_0_1.mtx-P1	1	4096	7	1.206510	0.021142	0.000243	1.227990	1.228114
randmat_4096_0_1.mtx-P2	2	4096	7	1.071600	0.013308	0.000652	1.085615	1.085739
randmat_4096_0_1.mtx-P4	4	4096	7	0.997296	0.006917	0.001111	1.005341	1.005454
randmat_4096_0_1.mtx-P8	8	4096	7	0.962482	0.004505	0.001421	0.968420	0.968546
randmat_4096_0_1.mtx-P16	16	4096	7	0.947038	0.003477	0.002144	0.952668	0.952843
randmat_4096_0_1.mtx-P32	32	4096	7	1.135296	0.008489	0.012576	1.156369	1.156871
randmat_4096_0_1.mtx-P64	64	4096	7	1.673387	0.012271	0.019451	1.705114	1.705960
randmat_4096_0_2.mtx-P1	1	4096	7	2.399168	0.041883	0.000237	2.441387	2.441515
randmat_4096_0_2.mtx-P2	2	4096	7	2.146838	0.023263	0.000608	2.170766	2.170893
randmat_4096_0_2.mtx-P4	4	4096	7	1.978192	0.011818	0.000920	1.990958	1.991079
randmat_4096_0_2.mtx-P8	8	4096	7	1.914150	0.006784	0.001305	1.922262	1.922386
randmat_4096_0_2.mtx-P16	16	4096	7	1.877606	0.004866	0.002009	1.884497	1.884675
randmat_4096_0_2.mtx-P32	32	4096	7	1.987965	0.009132	0.012477	2.009584	2.010140
randmat_4096_0_2.mtx-P64	64	4096	7	2.545280	0.012239	0.019819	2.577340	2.578197
