Running on Cartesius 

[1;31mtime	Thu Jan  8 12:02:52 CET 2015[0;39m
mat_name\tp\tn\tk\ttime_init\ttime_mv\ttime_ip\ttime_done\ttime_total
randmat_64_0_01.mtx-P1	1	64	5	0.001511	0.000109	0.000112	0.001737	0.001795
randmat_64_0_01.mtx-P2	2	64	5	0.001723	0.000258	0.000506	0.002493	0.002584
randmat_64_0_01.mtx-P4	4	64	5	0.002277	0.000350	0.000774	0.003406	0.003456
randmat_64_0_01.mtx-P8	8	64	5	0.003155	0.000610	0.001011	0.004778	0.004840
randmat_64_0_02.mtx-P1	1	64	6	0.001627	0.000104	0.000105	0.001841	0.001849
randmat_64_0_02.mtx-P2	2	64	6	0.001762	0.000324	0.000673	0.002760	0.002799
randmat_64_0_02.mtx-P4	4	64	6	0.002381	0.000487	0.000732	0.003605	0.003641
randmat_64_0_03.mtx-P1	1	64	4	0.001657	0.000130	0.000092	0.001883	0.001892
randmat_64_0_03.mtx-P2	2	64	4	0.001903	0.000275	0.000367	0.002551	0.002578
randmat_64_0_03.mtx-P4	4	64	4	0.002390	0.000363	0.000765	0.003522	0.003560
randmat_64_0_04.mtx-P1	1	64	5	0.001634	0.000176	0.000111	0.001926	0.001936
randmat_64_0_04.mtx-P2	2	64	5	0.001968	0.000270	0.000463	0.002707	0.002816
randmat_64_0_04.mtx-P4	4	64	5	0.002365	0.000459	0.000840	0.003669	0.003704
randmat_64_0_05.mtx-P1	1	64	4	0.001754	0.000072	0.000079	0.001907	0.001915
randmat_64_0_05.mtx-P2	2	64	4	0.002153	0.000325	0.000411	0.002892	0.002917
randmat_64_0_05.mtx-P4	4	64	4	0.002413	0.000443	0.000490	0.003348	0.003404
randmat_64_0_05.mtx-P8	8	64	4	0.003377	0.000503	0.000881	0.004763	0.004824
randmat_64_0_1.mtx-P1	1	64	4	0.001798	0.000086	0.000111	0.002001	0.002010
randmat_64_0_1.mtx-P2	2	64	4	0.002136	0.000670	0.001305	0.004114	0.004143
randmat_64_0_1.mtx-P4	4	64	4	0.002502	0.000293	0.000628	0.003425	0.003461
randmat_64_0_1.mtx-P8	8	64	4	0.003440	0.000560	0.000819	0.004820	0.004888
randmat_64_0_1.mtx-P16	16	64	4	0.005267	0.000775	0.001234	0.007281	0.007373
randmat_64_0_2.mtx-P1	1	64	3	0.002131	0.000064	0.000148	0.002347	0.002356
randmat_64_0_2.mtx-P2	2	64	3	0.002520	0.000209	0.000315	0.003047	0.003071
randmat_64_0_2.mtx-P4	4	64	3	0.002813	0.000310	0.000432	0.003556	0.003593
randmat_64_0_2.mtx-P8	8	64	3	0.004006	0.000327	0.000527	0.004861	0.004922
randmat_128_0_01.mtx-P1	1	128	5	0.001744	0.000113	0.000138	0.001999	0.002010
randmat_128_0_01.mtx-P2	2	128	5	0.002070	0.000340	0.000461	0.002875	0.002942
randmat_128_0_01.mtx-P4	4	128	5	0.002358	0.000485	0.000532	0.003377	0.003428
randmat_128_0_01.mtx-P8	8	128	5	0.003511	0.000672	0.000886	0.005073	0.005135
randmat_128_0_02.mtx-P1	1	128	4	0.001829	0.000175	0.000074	0.002082	0.002093
randmat_128_0_02.mtx-P2	2	128	4	0.002220	0.000240	0.000502	0.002967	0.003008
randmat_128_0_02.mtx-P4	4	128	4	0.002507	0.000427	0.000601	0.003535	0.003575
randmat_128_0_03.mtx-P1	1	128	4	0.001956	0.000106	0.000160	0.002226	0.002237
randmat_128_0_03.mtx-P2	2	128	4	0.002271	0.000246	0.000376	0.002897	0.002924
randmat_128_0_03.mtx-P4	4	128	4	0.002818	0.000502	0.000646	0.003970	0.004015
randmat_128_0_03.mtx-P8	8	128	4	0.003617	0.000546	0.000723	0.004886	0.004948
randmat_128_0_03.mtx-P16	16	128	4	0.005190	0.000727	0.001249	0.007168	0.007273
randmat_128_0_04.mtx-P1	1	128	4	0.002113	0.000101	0.000073	0.002290	0.002314
randmat_128_0_04.mtx-P2	2	128	4	0.002618	0.000239	0.000334	0.003196	0.003222
randmat_128_0_04.mtx-P4	4	128	4	0.002933	0.000276	0.000445	0.003658	0.003710
randmat_128_0_04.mtx-P8	8	128	4	0.003960	0.000420	0.000697	0.005081	0.005147
randmat_128_0_05.mtx-P1	1	128	4	0.002095	0.000096	0.000078	0.002275	0.002286
randmat_128_0_05.mtx-P2	2	128	4	0.002706	0.000261	0.000448	0.003416	0.003488
randmat_128_0_05.mtx-P4	4	128	4	0.002874	0.000319	0.000670	0.003867	0.003905
randmat_128_0_05.mtx-P8	8	128	4	0.004015	0.000410	0.000710	0.005139	0.005203
randmat_128_0_05.mtx-P16	16	128	4	0.005224	0.000747	0.001200	0.007173	0.007266
randmat_128_0_1.mtx-P1	1	128	3	0.002863	0.000191	0.000086	0.003146	0.003159
randmat_128_0_1.mtx-P2	2	128	3	0.003219	0.000257	0.000240	0.003719	0.003749
randmat_128_0_1.mtx-P4	4	128	3	0.003503	0.000267	0.000361	0.004135	0.004188
randmat_128_0_1.mtx-P8	8	128	3	0.004491	0.000337	0.000525	0.005355	0.005416
randmat_128_0_1.mtx-P16	16	128	3	0.006093	0.000505	0.000977	0.007576	0.007742
randmat_128_0_1.mtx-P32	32	128	3	0.063842	0.003239	0.005015	0.072098	0.072643
randmat_128_0_2.mtx-P1	1	128	3	0.004233	0.000087	0.000058	0.004383	0.004393
randmat_128_0_2.mtx-P2	2	128	3	0.004437	0.000197	0.000232	0.004868	0.004896
randmat_128_0_2.mtx-P4	4	128	3	0.004710	0.000207	0.000337	0.005257	0.005302
randmat_128_0_2.mtx-P8	8	128	3	0.005421	0.000327	0.000533	0.006283	0.006345
randmat_128_0_2.mtx-P16	16	128	3	0.007113	0.000474	0.000917	0.008506	0.008675
randmat_128_0_2.mtx-P32	32	128	3	0.068848	0.003239	0.004986	0.077076	0.077622
randmat_256_0_01.mtx-P1	1	256	4	0.002315	0.000166	0.000118	0.002608	0.002623
randmat_256_0_01.mtx-P2	2	256	4	0.002833	0.000351	0.000398	0.003586	0.003616
randmat_256_0_01.mtx-P4	4	256	4	0.002940	0.000391	0.000610	0.003947	0.004004
randmat_256_0_01.mtx-P8	8	256	4	0.003929	0.000500	0.000705	0.005136	0.005203
randmat_256_0_01.mtx-P16	16	256	4	0.005109	0.000713	0.001284	0.007109	0.007207
randmat_256_0_01.mtx-P32	32	256	4	0.064626	0.004169	0.006612	0.075412	0.076029
randmat_256_0_02.mtx-P1	1	256	4	0.002863	0.000162	0.000098	0.003128	0.003142
randmat_256_0_02.mtx-P2	2	256	4	0.003179	0.000426	0.000364	0.003973	0.004005
randmat_256_0_02.mtx-P4	4	256	4	0.003565	0.000309	0.000726	0.004603	0.004644
randmat_256_0_02.mtx-P8	8	256	4	0.004470	0.000445	0.000716	0.005634	0.005699
randmat_256_0_02.mtx-P16	16	256	4	0.005905	0.000761	0.001271	0.007941	0.008038
randmat_256_0_02.mtx-P32	32	256	4	0.065099	0.003711	0.006688	0.075501	0.076113
randmat_256_0_02.mtx-P64	64	256	4	0.109687	0.005469	0.009016	0.124175	0.124918
randmat_256_0_03.mtx-P1	1	256	3	0.003421	0.000147	0.000086	0.003659	0.003673
randmat_256_0_03.mtx-P2	2	256	3	0.003800	0.000217	0.000242	0.004263	0.004295
randmat_256_0_03.mtx-P4	4	256	3	0.004133	0.000261	0.000354	0.004751	0.004798
randmat_256_0_03.mtx-P8	8	256	3	0.004631	0.000354	0.000535	0.005521	0.005587
randmat_256_0_03.mtx-P16	16	256	3	0.006476	0.000655	0.000868	0.008000	0.008126
randmat_256_0_03.mtx-P32	32	256	3	0.068941	0.003213	0.005014	0.077171	0.077760
randmat_256_0_04.mtx-P1	1	256	3	0.004091	0.000138	0.000071	0.004304	0.004319
randmat_256_0_04.mtx-P2	2	256	3	0.004291	0.000226	0.000232	0.004751	0.004796
randmat_256_0_04.mtx-P4	4	256	3	0.004461	0.000240	0.000361	0.005066	0.005120
randmat_256_0_04.mtx-P8	8	256	3	0.005074	0.000334	0.000581	0.005989	0.006109
randmat_256_0_04.mtx-P16	16	256	3	0.006966	0.000537	0.000871	0.008374	0.008541
randmat_256_0_04.mtx-P32	32	256	3	0.067529	0.003283	0.005258	0.076072	0.076686
randmat_256_0_04.mtx-P64	64	256	3	0.108071	0.004222	0.006816	0.119112	0.119849
randmat_256_0_05.mtx-P1	1	256	3	0.004292	0.000139	0.000061	0.004495	0.004515
randmat_256_0_05.mtx-P2	2	256	3	0.004773	0.000221	0.000221	0.005218	0.005251
randmat_256_0_05.mtx-P4	4	256	3	0.004982	0.000254	0.000367	0.005606	0.005647
randmat_256_0_05.mtx-P8	8	256	3	0.005541	0.000332	0.000545	0.006418	0.006498
randmat_256_0_05.mtx-P16	16	256	3	0.007330	0.000568	0.000884	0.008784	0.008880
randmat_256_0_05.mtx-P32	32	256	3	0.064299	0.003364	0.005020	0.072686	0.073274
randmat_256_0_1.mtx-P1	1	256	3	0.006553	0.000138	0.000059	0.006752	0.006767
randmat_256_0_1.mtx-P2	2	256	3	0.007051	0.000325	0.000253	0.007631	0.007662
randmat_256_0_1.mtx-P4	4	256	3	0.006785	0.000268	0.000534	0.007589	0.007630
randmat_256_0_1.mtx-P8	8	256	3	0.007621	0.000413	0.000612	0.008650	0.008716
randmat_256_0_1.mtx-P16	16	256	3	0.009520	0.000525	0.000805	0.010852	0.010950
randmat_256_0_1.mtx-P32	32	256	3	0.175851	0.003438	0.005022	0.184314	0.184939
randmat_256_0_1.mtx-P64	64	256	3	0.110934	0.004259	0.006815	0.122011	0.122747
randmat_256_0_2.mtx-P1	1	256	3	0.010989	0.000168	0.000057	0.011218	0.011233
randmat_256_0_2.mtx-P2	2	256	3	0.011138	0.000254	0.000201	0.011599	0.011630
randmat_256_0_2.mtx-P4	4	256	3	0.011675	0.000244	0.000319	0.012240	0.012302
randmat_256_0_2.mtx-P8	8	256	3	0.011330	0.000359	0.000535	0.012227	0.012291
randmat_256_0_2.mtx-P16	16	256	3	0.013015	0.000529	0.000810	0.014356	0.014461
randmat_256_0_2.mtx-P32	32	256	3	0.175524	0.002961	0.005101	0.183590	0.184176
randmat_256_0_2.mtx-P64	64	256	3	0.777065	0.004308	0.006735	0.788111	0.788855
randmat_512_0_01.mtx-P1	1	512	3	0.004360	0.000231	0.000072	0.004670	0.004695
randmat_512_0_01.mtx-P2	2	512	3	0.004426	0.000322	0.000233	0.004988	0.005025
randmat_512_0_01.mtx-P4	4	512	3	0.004543	0.000279	0.000355	0.005180	0.005251
randmat_512_0_01.mtx-P8	8	512	3	0.005387	0.000398	0.000527	0.006315	0.006382
randmat_512_0_01.mtx-P16	16	512	3	0.007298	0.000609	0.000861	0.008771	0.008871
randmat_512_0_01.mtx-P32	32	512	3	0.065637	0.002212	0.005021	0.072872	0.073301
randmat_512_0_01.mtx-P64	64	512	3	0.108612	0.003784	0.006918	0.119319	0.120150
randmat_512_0_02.mtx-P1	1	512	3	0.006126	0.000216	0.000060	0.006407	0.006429
randmat_512_0_02.mtx-P2	2	512	3	0.006444	0.000302	0.000264	0.007015	0.007051
randmat_512_0_02.mtx-P4	4	512	3	0.006260	0.000330	0.000400	0.006994	0.007101
randmat_512_0_02.mtx-P8	8	512	3	0.007055	0.000365	0.000554	0.007975	0.008060
randmat_512_0_02.mtx-P16	16	512	3	0.008709	0.000560	0.000821	0.010093	0.010225
randmat_512_0_02.mtx-P32	32	512	3	0.173349	0.002529	0.005043	0.180922	0.181364
randmat_512_0_02.mtx-P64	64	512	3	0.110423	0.004260	0.006810	0.121496	0.122301
randmat_512_0_03.mtx-P1	1	512	3	0.007825	0.000239	0.000074	0.008144	0.008166
randmat_512_0_03.mtx-P2	2	512	3	0.008135	0.000312	0.000215	0.008663	0.008699
randmat_512_0_03.mtx-P4	4	512	3	0.008186	0.000312	0.000464	0.008965	0.009010
randmat_512_0_03.mtx-P8	8	512	3	0.008516	0.000398	0.000604	0.009520	0.009588
randmat_512_0_03.mtx-P16	16	512	3	0.010091	0.000588	0.000827	0.011507	0.011606
randmat_512_0_03.mtx-P32	32	512	3	0.166909	0.002654	0.005057	0.174623	0.175065
randmat_512_0_03.mtx-P64	64	512	3	0.114388	0.004339	0.006786	0.125516	0.126299
randmat_512_0_04.mtx-P1	1	512	3	0.009641	0.000276	0.000076	0.009999	0.010020
randmat_512_0_04.mtx-P2	2	512	3	0.009780	0.000353	0.000209	0.010346	0.010383
randmat_512_0_04.mtx-P4	4	512	3	0.010008	0.000318	0.000331	0.010661	0.010706
randmat_512_0_04.mtx-P8	8	512	3	0.010062	0.000431	0.000548	0.011044	0.011113
randmat_512_0_04.mtx-P16	16	512	3	0.011505	0.000562	0.000829	0.012901	0.013002
randmat_512_0_04.mtx-P32	32	512	3	0.169406	0.002238	0.005097	0.176744	0.177200
randmat_512_0_04.mtx-P64	64	512	3	0.791403	0.003897	0.006896	0.802199	0.803035
randmat_512_0_05.mtx-P1	1	512	3	0.011232	0.000254	0.000060	0.011554	0.011575
randmat_512_0_05.mtx-P2	2	512	3	0.011415	0.000359	0.000213	0.011992	0.012031
randmat_512_0_05.mtx-P4	4	512	3	0.011348	0.000336	0.000314	0.012001	0.012045
randmat_512_0_05.mtx-P8	8	512	3	0.011480	0.000373	0.000558	0.012414	0.012483
randmat_512_0_05.mtx-P16	16	512	3	0.012978	0.000566	0.000830	0.014375	0.014473
randmat_512_0_05.mtx-P32	32	512	3	0.168412	0.002271	0.005069	0.175754	0.176206
randmat_512_0_05.mtx-P64	64	512	3	0.736479	0.003909	0.006939	0.747329	0.748115
randmat_512_0_1.mtx-P1	1	512	3	0.019690	0.000316	0.000063	0.020081	0.020108
randmat_512_0_1.mtx-P2	2	512	3	0.019294	0.000389	0.000210	0.019901	0.019945
randmat_512_0_1.mtx-P4	4	512	3	0.018720	0.000347	0.000355	0.019425	0.019475
randmat_512_0_1.mtx-P8	8	512	3	0.019476	0.000377	0.000565	0.020420	0.020497
randmat_512_0_1.mtx-P16	16	512	3	0.020433	0.000628	0.000838	0.021900	0.021998
randmat_512_0_1.mtx-P32	32	512	3	0.178127	0.002250	0.005058	0.185436	0.185876
randmat_512_0_1.mtx-P64	64	512	3	0.806421	0.004130	0.006877	0.817430	0.818230
randmat_512_0_2.mtx-P1	1	512	2	0.036208	0.000288	0.000041	0.036541	0.036563
randmat_512_0_2.mtx-P2	2	512	2	0.035274	0.000298	0.000138	0.035715	0.035752
randmat_512_0_2.mtx-P4	4	512	2	0.033509	0.000257	0.000216	0.033983	0.034029
randmat_512_0_2.mtx-P8	8	512	2	0.034115	0.000275	0.000383	0.034775	0.034843
randmat_512_0_2.mtx-P16	16	512	2	0.036120	0.000416	0.000547	0.037084	0.037182
randmat_512_0_2.mtx-P32	32	512	2	0.195119	0.001504	0.003389	0.200015	0.200465
randmat_512_0_2.mtx-P64	64	512	2	0.753364	0.002448	0.004578	0.760393	0.761032
randmat_1024_0_01.mtx-P1	1	1024	3	0.010233	0.000390	0.000068	0.010700	0.010737
randmat_1024_0_01.mtx-P2	2	1024	3	0.010558	0.000446	0.000220	0.011231	0.011281
randmat_1024_0_01.mtx-P4	4	1024	3	0.010505	0.000380	0.000333	0.011224	0.011279
randmat_1024_0_01.mtx-P8	8	1024	3	0.010634	0.000428	0.000555	0.011619	0.011697
randmat_1024_0_01.mtx-P16	16	1024	3	0.012159	0.000623	0.000843	0.013627	0.013743
randmat_1024_0_01.mtx-P32	32	1024	3	0.169308	0.002316	0.005101	0.176730	0.177199
randmat_1024_0_01.mtx-P64	64	1024	3	0.779005	0.003385	0.006880	0.789273	0.789897
randmat_1024_0_02.mtx-P1	1	1024	3	0.017055	0.000432	0.000068	0.017564	0.017602
randmat_1024_0_02.mtx-P2	2	1024	3	0.017069	0.000556	0.000214	0.017846	0.017894
randmat_1024_0_02.mtx-P4	4	1024	3	0.016526	0.000470	0.000338	0.017337	0.017392
randmat_1024_0_02.mtx-P8	8	1024	3	0.017198	0.000481	0.000565	0.018246	0.018327
randmat_1024_0_02.mtx-P16	16	1024	3	0.017957	0.000664	0.000848	0.019471	0.019581
randmat_1024_0_02.mtx-P32	32	1024	3	0.186191	0.002368	0.005041	0.193603	0.194057
randmat_1024_0_02.mtx-P64	64	1024	3	0.777637	0.003390	0.006917	0.787946	0.788587
randmat_1024_0_03.mtx-P1	1	1024	3	0.023654	0.000476	0.000069	0.024208	0.024247
randmat_1024_0_03.mtx-P2	2	1024	3	0.023409	0.000650	0.000232	0.024302	0.024359
randmat_1024_0_03.mtx-P4	4	1024	3	0.022509	0.000494	0.000339	0.023346	0.023400
randmat_1024_0_03.mtx-P8	8	1024	3	0.023300	0.000513	0.000537	0.024355	0.024432
randmat_1024_0_03.mtx-P16	16	1024	3	0.024440	0.000706	0.000850	0.025999	0.026115
randmat_1024_0_03.mtx-P32	32	1024	3	0.193835	0.002371	0.005033	0.201241	0.201696
randmat_1024_0_03.mtx-P64	64	1024	3	0.783012	0.003308	0.006873	0.793193	0.793820
randmat_1024_0_04.mtx-P1	1	1024	3	0.030555	0.000504	0.000078	0.031146	0.031184
randmat_1024_0_04.mtx-P2	2	1024	3	0.029588	0.000658	0.000225	0.030481	0.030534
randmat_1024_0_04.mtx-P4	4	1024	3	0.028450	0.000449	0.000418	0.029320	0.029375
randmat_1024_0_04.mtx-P8	8	1024	3	0.029001	0.000529	0.000550	0.030083	0.030172
randmat_1024_0_04.mtx-P16	16	1024	3	0.031155	0.000751	0.000818	0.032726	0.032835
randmat_1024_0_04.mtx-P32	32	1024	3	0.199511	0.002452	0.005056	0.207019	0.207466
randmat_1024_0_04.mtx-P64	64	1024	3	0.771551	0.003334	0.006870	0.781757	0.782397
randmat_1024_0_05.mtx-P1	1	1024	3	0.037014	0.000576	0.000067	0.037666	0.037702
randmat_1024_0_05.mtx-P2	2	1024	3	0.036139	0.000622	0.000218	0.036984	0.037034
randmat_1024_0_05.mtx-P4	4	1024	3	0.034349	0.000520	0.000360	0.035231	0.035285
randmat_1024_0_05.mtx-P8	8	1024	3	0.034773	0.000538	0.000546	0.035858	0.035939
randmat_1024_0_05.mtx-P16	16	1024	3	0.036798	0.000763	0.000849	0.038411	0.038533
randmat_1024_0_05.mtx-P32	32	1024	3	0.193262	0.002446	0.005045	0.200758	0.201216
randmat_1024_0_05.mtx-P64	64	1024	3	0.799016	0.003268	0.006895	0.809184	0.809823
randmat_1024_0_1.mtx-P1	1	1024	2	0.070800	0.000514	0.000045	0.071364	0.071401
randmat_1024_0_1.mtx-P2	2	1024	2	0.066907	0.000524	0.000148	0.067586	0.067640
randmat_1024_0_1.mtx-P4	4	1024	2	0.063915	0.000351	0.000248	0.064516	0.064573
randmat_1024_0_1.mtx-P8	8	1024	2	0.063113	0.000371	0.000373	0.063859	0.063938
randmat_1024_0_1.mtx-P16	16	1024	2	0.065336	0.000495	0.000570	0.066402	0.066513
randmat_1024_0_1.mtx-P32	32	1024	2	0.226157	0.001668	0.003392	0.231218	0.231687
randmat_1024_0_1.mtx-P64	64	1024	2	0.804106	0.002281	0.004681	0.811072	0.811722
randmat_1024_0_2.mtx-P1	1	1024	2	0.137143	0.000803	0.000043	0.137997	0.138034
randmat_1024_0_2.mtx-P2	2	1024	2	0.132373	0.000673	0.000147	0.133199	0.133253
randmat_1024_0_2.mtx-P4	4	1024	2	0.122792	0.000422	0.000272	0.123487	0.123544
randmat_1024_0_2.mtx-P8	8	1024	2	0.120149	0.000406	0.000356	0.120913	0.120988
randmat_1024_0_2.mtx-P16	16	1024	2	0.121301	0.000556	0.000571	0.122429	0.122540
randmat_1024_0_2.mtx-P32	32	1024	2	0.279982	0.001647	0.003375	0.285005	0.285464
randmat_1024_0_2.mtx-P64	64	1024	2	0.879465	0.002359	0.004621	0.886447	0.887101
randmat_2048_0_01.mtx-P1	1	2048	3	0.032762	0.000842	0.000080	0.033704	0.033770
randmat_2048_0_01.mtx-P2	2	2048	3	0.031978	0.000964	0.000249	0.033203	0.033274
randmat_2048_0_01.mtx-P4	4	2048	3	0.030580	0.000735	0.000381	0.031703	0.031775
randmat_2048_0_01.mtx-P8	8	2048	3	0.030861	0.000655	0.000551	0.032071	0.032167
randmat_2048_0_01.mtx-P16	16	2048	3	0.033052	0.000820	0.000843	0.034718	0.034868
randmat_2048_0_01.mtx-P32	32	2048	3	0.192236	0.002501	0.005062	0.199803	0.200277
randmat_2048_0_01.mtx-P64	64	2048	3	0.789408	0.003513	0.006916	0.799837	0.800504
randmat_2048_0_02.mtx-P1	1	2048	3	0.061692	0.000996	0.000078	0.062786	0.062850
randmat_2048_0_02.mtx-P2	2	2048	3	0.057710	0.001078	0.000229	0.059030	0.059102
randmat_2048_0_02.mtx-P4	4	2048	3	0.054543	0.000825	0.000374	0.055750	0.055823
randmat_2048_0_02.mtx-P8	8	2048	3	0.054216	0.000752	0.000539	0.055511	0.055607
randmat_2048_0_02.mtx-P16	16	2048	3	0.056168	0.000925	0.000878	0.057974	0.058106
randmat_2048_0_02.mtx-P32	32	2048	3	0.218223	0.002649	0.005012	0.225887	0.226359
randmat_2048_0_02.mtx-P64	64	2048	3	0.779918	0.003665	0.006931	0.790518	0.791181
randmat_2048_0_03.mtx-P1	1	2048	2	0.086181	0.000792	0.000053	0.087039	0.087105
randmat_2048_0_03.mtx-P2	2	2048	2	0.084422	0.000785	0.000164	0.085380	0.085452
randmat_2048_0_03.mtx-P4	4	2048	2	0.078627	0.000555	0.000242	0.079432	0.079507
randmat_2048_0_03.mtx-P8	8	2048	2	0.077300	0.000497	0.000397	0.078198	0.078291
randmat_2048_0_03.mtx-P16	16	2048	2	0.079771	0.000686	0.000579	0.081040	0.081180
randmat_2048_0_03.mtx-P32	32	2048	2	0.243922	0.001891	0.003525	0.249340	0.249812
randmat_2048_0_03.mtx-P64	64	2048	2	0.816917	0.002531	0.004592	0.824041	0.824714
randmat_2048_0_04.mtx-P1	1	2048	2	0.113984	0.000917	0.000053	0.114967	0.115034
randmat_2048_0_04.mtx-P2	2	2048	2	0.110060	0.000894	0.000181	0.111149	0.111232
randmat_2048_0_04.mtx-P4	4	2048	2	0.102762	0.000590	0.000239	0.103596	0.103673
randmat_2048_0_04.mtx-P8	8	2048	2	0.100178	0.000535	0.000354	0.101070	0.101161
randmat_2048_0_04.mtx-P16	16	2048	2	0.102324	0.000654	0.000583	0.103564	0.103697
randmat_2048_0_04.mtx-P32	32	2048	2	0.259502	0.001831	0.003387	0.264724	0.265196
randmat_2048_0_04.mtx-P64	64	2048	2	0.817683	0.002535	0.004696	0.824917	0.825578
randmat_2048_0_05.mtx-P1	1	2048	2	0.140390	0.001017	0.000050	0.141471	0.141538
randmat_2048_0_05.mtx-P2	2	2048	2	0.134729	0.000965	0.000164	0.135872	0.135956
randmat_2048_0_05.mtx-P4	4	2048	2	0.130441	0.000634	0.000225	0.131304	0.131378
randmat_2048_0_05.mtx-P8	8	2048	2	0.123611	0.000538	0.000384	0.124537	0.124631
randmat_2048_0_05.mtx-P16	16	2048	2	0.124611	0.000643	0.000554	0.125810	0.125949
randmat_2048_0_05.mtx-P32	32	2048	2	0.283042	0.001838	0.003378	0.288260	0.288738
randmat_2048_0_05.mtx-P64	64	2048	2	0.842508	0.002554	0.004614	0.849680	0.850354
randmat_2048_0_1.mtx-P1	1	2048	2	0.279399	0.001583	0.000053	0.281049	0.281114
randmat_2048_0_1.mtx-P2	2	2048	2	0.265454	0.001235	0.000159	0.266857	0.266931
randmat_2048_0_1.mtx-P4	4	2048	2	0.248815	0.000750	0.000258	0.249826	0.249902
randmat_2048_0_1.mtx-P8	8	2048	2	0.239867	0.000609	0.000357	0.240837	0.240929
randmat_2048_0_1.mtx-P16	16	2048	2	0.239146	0.000659	0.000555	0.240362	0.240489
randmat_2048_0_1.mtx-P32	32	2048	2	0.399907	0.001882	0.003375	0.405164	0.405637
randmat_2048_0_1.mtx-P64	64	2048	2	0.981819	0.002664	0.004729	0.989214	0.989945
randmat_2048_0_2.mtx-P1	1	2048	2	0.571234	0.002824	0.000054	0.574130	0.574195
randmat_2048_0_2.mtx-P2	2	2048	2	0.529235	0.001857	0.000154	0.531255	0.531334
randmat_2048_0_2.mtx-P4	4	2048	2	0.491485	0.001030	0.000253	0.492772	0.492845
randmat_2048_0_2.mtx-P8	8	2048	2	0.477331	0.000735	0.000394	0.478460	0.478555
randmat_2048_0_2.mtx-P16	16	2048	2	0.470151	0.000672	0.000614	0.471438	0.471574
randmat_2048_0_2.mtx-P32	32	2048	2	0.604197	0.001840	0.003431	0.609469	0.610027
randmat_2048_0_2.mtx-P64	64	2048	2	1.214266	0.002619	0.004647	1.221534	1.222198
randmat_4096_0_01.mtx-P1	1	4096	3	0.116973	0.001943	0.000100	0.119055	0.119176
randmat_4096_0_01.mtx-P2	2	4096	3	0.116097	0.002277	0.000277	0.118689	0.118832
randmat_4096_0_01.mtx-P4	4	4096	3	0.106497	0.001284	0.000620	0.108404	0.108516
randmat_4096_0_01.mtx-P8	8	4096	3	0.103387	0.001095	0.000610	0.105099	0.105227
randmat_4096_0_01.mtx-P16	16	4096	3	0.104202	0.001255	0.000926	0.106386	0.106568
randmat_4096_0_01.mtx-P32	32	4096	3	0.258476	0.003812	0.005311	0.267603	0.268109
randmat_4096_0_01.mtx-P64	64	4096	3	0.840183	0.005352	0.008371	0.853910	0.854720
randmat_4096_0_02.mtx-P1	1	4096	2	0.227788	0.001803	0.000069	0.229685	0.229807
randmat_4096_0_02.mtx-P2	2	4096	2	0.216932	0.001697	0.000168	0.218813	0.218934
randmat_4096_0_02.mtx-P4	4	4096	2	0.211390	0.001065	0.000237	0.212701	0.212816
randmat_4096_0_02.mtx-P8	8	4096	2	0.197109	0.000776	0.000418	0.198307	0.198440
randmat_4096_0_02.mtx-P16	16	4096	2	0.194879	0.000862	0.000563	0.196308	0.196474
randmat_4096_0_02.mtx-P32	32	4096	2	0.351496	0.002507	0.003659	0.357666	0.358191
randmat_4096_0_02.mtx-P64	64	4096	2	0.946886	0.003745	0.005662	0.956294	0.957110
randmat_4096_0_03.mtx-P1	1	4096	2	0.334821	0.002304	0.000069	0.337220	0.337342
randmat_4096_0_03.mtx-P2	2	4096	2	0.320933	0.002079	0.000180	0.323218	0.323363
randmat_4096_0_03.mtx-P4	4	4096	2	0.301578	0.001110	0.000321	0.303014	0.303133
randmat_4096_0_03.mtx-P8	8	4096	2	0.290147	0.000844	0.000418	0.291413	0.291542
randmat_4096_0_03.mtx-P16	16	4096	2	0.287944	0.000947	0.000571	0.289467	0.289636
randmat_4096_0_03.mtx-P32	32	4096	2	0.448004	0.002498	0.003626	0.454129	0.454657
randmat_4096_0_03.mtx-P64	64	4096	2	1.018224	0.003888	0.005596	1.027709	1.028520
randmat_4096_0_04.mtx-P1	1	4096	2	0.453590	0.002799	0.000069	0.456484	0.456612
randmat_4096_0_04.mtx-P2	2	4096	2	0.426096	0.002341	0.000179	0.428641	0.428783
randmat_4096_0_04.mtx-P4	4	4096	2	0.404706	0.001211	0.000329	0.406251	0.406367
randmat_4096_0_04.mtx-P8	8	4096	2	0.387599	0.000940	0.000421	0.388964	0.389088
randmat_4096_0_04.mtx-P16	16	4096	2	0.378686	0.000907	0.000668	0.380264	0.380443
randmat_4096_0_04.mtx-P32	32	4096	2	0.521551	0.002512	0.003616	0.527682	0.528211
randmat_4096_0_04.mtx-P64	64	4096	2	1.145651	0.003846	0.005551	1.155049	1.155877
randmat_4096_0_05.mtx-P1	1	4096	2	0.568730	0.003310	0.000069	0.572133	0.572256
randmat_4096_0_05.mtx-P2	2	4096	2	0.532627	0.002597	0.000179	0.535429	0.535573
randmat_4096_0_05.mtx-P4	4	4096	2	0.505916	0.001460	0.000244	0.507628	0.507743
randmat_4096_0_05.mtx-P8	8	4096	2	0.482190	0.001052	0.000377	0.483624	0.483753
randmat_4096_0_05.mtx-P16	16	4096	2	0.470185	0.000969	0.000580	0.471739	0.471903
randmat_4096_0_05.mtx-P32	32	4096	2	0.643085	0.002609	0.003594	0.649290	0.649803
randmat_4096_0_05.mtx-P64	64	4096	2	1.177368	0.003710	0.005593	1.186674	1.187507
randmat_4096_0_1.mtx-P1	1	4096	2	1.208846	0.006154	0.000068	1.215096	1.215219
randmat_4096_0_1.mtx-P2	2	4096	2	1.061417	0.003804	0.000175	1.065412	1.065533
randmat_4096_0_1.mtx-P4	4	4096	2	0.990323	0.001984	0.000303	0.992617	0.992728
randmat_4096_0_1.mtx-P8	8	4096	2	0.959912	0.001300	0.000402	0.961618	0.961747
randmat_4096_0_1.mtx-P16	16	4096	2	0.942924	0.001103	0.000594	0.944624	0.944796
randmat_4096_0_1.mtx-P32	32	4096	2	1.063324	0.002589	0.003584	1.069501	1.070010
randmat_4096_0_1.mtx-P64	64	4096	2	1.650905	0.004029	0.005638	1.660574	1.661443
randmat_4096_0_2.mtx-P1	1	4096	2	2.379646	0.012260	0.000073	2.392006	2.392136
randmat_4096_0_2.mtx-P2	2	4096	2	2.137871	0.006768	0.000176	2.144834	2.144962
randmat_4096_0_2.mtx-P4	4	4096	2	1.983639	0.003430	0.000267	1.987344	1.987464
randmat_4096_0_2.mtx-P8	8	4096	2	1.909657	0.002028	0.000382	1.912072	1.912197
randmat_4096_0_2.mtx-P16	16	4096	2	1.889525	0.001591	0.000580	1.891699	1.891873
randmat_4096_0_2.mtx-P32	32	4096	2	2.001769	0.002780	0.003616	2.008168	2.008709
randmat_4096_0_2.mtx-P64	64	4096	2	2.569424	0.003765	0.005723	2.578913	2.579763
