Running on Cartesius 

[1;31mtime	Thu Jan  8 12:43:53 CET 2015[0;39m
mat_name\tp\tn\tk\ttime_init\ttime_mv\ttime_ip\ttime_done\ttime_total
randmat_64_0_01.mtx-P1	1	2	64	15	0.001492	0.000343	0.000477	0.002322	0.002339
randmat_64_0_01.mtx-P2	2	2	64	15	0.001837	0.000881	0.001656	0.004395	0.004421
randmat_64_0_01.mtx-P4	4	2	64	15	0.002574	0.001142	0.002110	0.005830	0.005869
randmat_64_0_01.mtx-P8	8	2	64	15	0.003694	0.001490	0.002787	0.007978	0.008040
randmat_64_0_02.mtx-P1	1	2	64	22	0.001565	0.000594	0.000716	0.002904	0.002914
randmat_64_0_02.mtx-P2	2	2	64	22	0.002135	0.001176	0.002172	0.005497	0.005522
randmat_64_0_02.mtx-P4	4	2	64	22	0.002370	0.001740	0.002910	0.007033	0.007070
randmat_64_0_03.mtx-P1	1	2	64	14	0.001572	0.000260	0.000357	0.002198	0.002238
randmat_64_0_03.mtx-P2	2	2	64	14	0.002102	0.000912	0.001389	0.004416	0.004453
randmat_64_0_03.mtx-P4	4	2	64	14	0.002674	0.001189	0.001881	0.005754	0.005793
randmat_64_0_04.mtx-P1	1	2	64	19	0.001583	0.000470	0.000558	0.002622	0.002632
randmat_64_0_04.mtx-P2	2	2	64	19	0.001912	0.001128	0.002021	0.005088	0.005118
randmat_64_0_04.mtx-P4	4	2	64	19	0.002475	0.001489	0.002703	0.006676	0.006721
randmat_64_0_05.mtx-P1	1	2	64	15	0.001664	0.000337	0.000418	0.002431	0.002463
randmat_64_0_05.mtx-P2	2	2	64	15	0.002250	0.000914	0.001518	0.004688	0.004717
randmat_64_0_05.mtx-P4	4	2	64	15	0.002554	0.001239	0.002096	0.005903	0.005941
randmat_64_0_05.mtx-P8	8	2	64	15	0.003755	0.001612	0.002804	0.008175	0.008237
randmat_64_0_1.mtx-P1	1	2	64	14	0.001806	0.000371	0.000278	0.002462	0.002495
randmat_64_0_1.mtx-P2	2	2	64	14	0.002408	0.000816	0.001499	0.004731	0.004766
randmat_64_0_1.mtx-P4	4	2	64	14	0.002516	0.001209	0.001963	0.005697	0.005739
randmat_64_0_1.mtx-P8	8	2	64	14	0.003799	0.001517	0.002516	0.007838	0.007899
randmat_64_0_1.mtx-P16	16	2	64	14	0.005007	0.002285	0.003986	0.011287	0.011378
randmat_64_0_2.mtx-P1	1	2	64	13	0.002203	0.000337	0.000335	0.002887	0.002896
randmat_64_0_2.mtx-P2	2	2	64	13	0.002797	0.000888	0.001208	0.004899	0.004930
randmat_64_0_2.mtx-P4	4	2	64	13	0.003123	0.001168	0.001760	0.006056	0.006095
randmat_64_0_2.mtx-P8	8	2	64	13	0.004140	0.001415	0.002357	0.007917	0.007986
randmat_128_0_01.mtx-P1	1	2	128	18	0.001906	0.000758	0.000458	0.003141	0.003152
randmat_128_0_01.mtx-P2	2	2	128	18	0.002003	0.001062	0.001889	0.004968	0.005001
randmat_128_0_01.mtx-P4	4	2	128	18	0.002571	0.001355	0.002562	0.006498	0.006546
randmat_128_0_01.mtx-P8	8	2	128	18	0.003734	0.001964	0.003486	0.009193	0.009256
randmat_128_0_02.mtx-P1	1	2	128	16	0.001885	0.000547	0.000568	0.003017	0.003028
randmat_128_0_02.mtx-P2	2	2	128	16	0.002208	0.000928	0.001643	0.004791	0.004837
randmat_128_0_02.mtx-P4	4	2	128	16	0.002789	0.001368	0.002110	0.006275	0.006315
randmat_128_0_03.mtx-P1	1	2	128	14	0.002187	0.000431	0.000592	0.003228	0.003240
randmat_128_0_03.mtx-P2	2	2	128	14	0.002550	0.000847	0.001452	0.004859	0.004888
randmat_128_0_03.mtx-P4	4	2	128	14	0.003122	0.001063	0.001834	0.006031	0.006073
randmat_128_0_03.mtx-P8	8	2	128	14	0.004090	0.001410	0.002637	0.008141	0.008208
randmat_128_0_03.mtx-P16	16	2	128	14	0.005427	0.002313	0.003977	0.011721	0.011814
randmat_128_0_04.mtx-P1	1	2	128	15	0.002206	0.000564	0.000453	0.003245	0.003256
randmat_128_0_04.mtx-P2	2	2	128	15	0.002660	0.000979	0.001516	0.005166	0.005196
randmat_128_0_04.mtx-P4	4	2	128	15	0.002904	0.001206	0.002240	0.006360	0.006400
randmat_128_0_04.mtx-P8	8	2	128	15	0.004163	0.001573	0.002773	0.008515	0.008581
randmat_128_0_05.mtx-P1	1	2	128	15	0.002331	0.000634	0.000545	0.003530	0.003541
randmat_128_0_05.mtx-P2	2	2	128	15	0.002888	0.000972	0.001362	0.005231	0.005264
randmat_128_0_05.mtx-P4	4	2	128	15	0.003181	0.001336	0.001871	0.006395	0.006437
randmat_128_0_05.mtx-P8	8	2	128	15	0.004363	0.001580	0.002834	0.008787	0.008856
randmat_128_0_05.mtx-P16	16	2	128	15	0.005536	0.002559	0.004201	0.012309	0.012408
randmat_128_0_1.mtx-P1	1	2	128	13	0.003014	0.000453	0.000381	0.003858	0.003891
randmat_128_0_1.mtx-P2	2	2	128	13	0.003599	0.000714	0.000963	0.005287	0.005317
randmat_128_0_1.mtx-P4	4	2	128	13	0.003682	0.001012	0.001646	0.006344	0.006384
randmat_128_0_1.mtx-P8	8	2	128	13	0.004603	0.001372	0.002497	0.008479	0.008543
randmat_128_0_1.mtx-P16	16	2	128	13	0.006363	0.002115	0.003771	0.012257	0.012351
randmat_128_0_1.mtx-P32	32	2	128	13	0.065156	0.014598	0.021486	0.101253	0.101807
randmat_128_0_2.mtx-P1	1	2	128	12	0.004429	0.000335	0.000220	0.004994	0.005005
randmat_128_0_2.mtx-P2	2	2	128	12	0.004887	0.000745	0.000885	0.006530	0.006571
randmat_128_0_2.mtx-P4	4	2	128	12	0.004950	0.001044	0.001388	0.007387	0.007427
randmat_128_0_2.mtx-P8	8	2	128	12	0.005604	0.001278	0.002447	0.009337	0.009410
randmat_128_0_2.mtx-P16	16	2	128	12	0.007566	0.002087	0.003478	0.013135	0.013231
randmat_128_0_2.mtx-P32	32	2	128	12	0.064558	0.012702	0.019960	0.097232	0.097776
randmat_256_0_01.mtx-P1	1	2	256	15	0.002498	0.000890	0.000456	0.003856	0.003875
randmat_256_0_01.mtx-P2	2	2	256	15	0.003093	0.000950	0.001415	0.005474	0.005505
randmat_256_0_01.mtx-P4	4	2	256	15	0.003283	0.001224	0.001993	0.006514	0.006558
randmat_256_0_01.mtx-P8	8	2	256	15	0.004348	0.001565	0.002824	0.008751	0.008820
randmat_256_0_01.mtx-P16	16	2	256	15	0.005480	0.002460	0.004299	0.012243	0.012338
randmat_256_0_01.mtx-P32	32	2	256	15	0.066701	0.016248	0.025746	0.108710	0.109369
randmat_256_0_02.mtx-P1	1	2	256	14	0.003181	0.000629	0.000323	0.004150	0.004165
randmat_256_0_02.mtx-P2	2	2	256	14	0.003648	0.000961	0.001173	0.005798	0.005830
randmat_256_0_02.mtx-P4	4	2	256	14	0.003796	0.001331	0.001715	0.006853	0.006906
randmat_256_0_02.mtx-P8	8	2	256	14	0.004686	0.001591	0.002620	0.008901	0.008967
randmat_256_0_02.mtx-P16	16	2	256	14	0.006208	0.002419	0.003882	0.012518	0.012615
randmat_256_0_02.mtx-P32	32	2	256	14	0.064443	0.012630	0.024245	0.101330	0.101946
randmat_256_0_02.mtx-P64	64	2	256	14	0.110315	0.018665	0.031476	0.160470	0.161199
randmat_256_0_03.mtx-P1	1	2	256	13	0.003715	0.000573	0.000289	0.004606	0.004622
randmat_256_0_03.mtx-P2	2	2	256	13	0.003991	0.000939	0.001033	0.005975	0.006006
randmat_256_0_03.mtx-P4	4	2	256	13	0.004462	0.001037	0.001683	0.007192	0.007235
randmat_256_0_03.mtx-P8	8	2	256	13	0.005061	0.001470	0.002427	0.008966	0.009032
randmat_256_0_03.mtx-P16	16	2	256	13	0.006808	0.002240	0.003681	0.012735	0.012831
randmat_256_0_03.mtx-P32	32	2	256	13	3.064354	0.014744	0.021536	3.100642	3.101230
randmat_256_0_04.mtx-P1	1	2	256	12	0.004382	0.000544	0.000242	0.005182	0.005201
randmat_256_0_04.mtx-P2	2	2	256	12	0.004503	0.000839	0.000942	0.006293	0.006324
randmat_256_0_04.mtx-P4	4	2	256	12	0.004823	0.000997	0.001404	0.007232	0.007275
randmat_256_0_04.mtx-P8	8	2	256	12	0.005327	0.001379	0.002302	0.009013	0.009164
randmat_256_0_04.mtx-P16	16	2	256	12	0.006913	0.002063	0.003437	0.012419	0.012517
randmat_256_0_04.mtx-P32	32	2	256	12	0.065537	0.012791	0.022966	0.101299	0.101920
randmat_256_0_04.mtx-P64	64	2	256	12	0.111250	0.016311	0.027010	0.154580	0.155339
randmat_256_0_05.mtx-P1	1	2	256	12	0.004797	0.000499	0.000256	0.005572	0.005602
randmat_256_0_05.mtx-P2	2	2	256	12	0.005118	0.000885	0.000895	0.006906	0.006941
randmat_256_0_05.mtx-P4	4	2	256	12	0.005077	0.001003	0.001525	0.007615	0.007658
randmat_256_0_05.mtx-P8	8	2	256	12	0.005788	0.001523	0.002355	0.009672	0.009739
randmat_256_0_05.mtx-P16	16	2	256	12	0.007542	0.002197	0.003327	0.013070	0.013167
randmat_256_0_05.mtx-P32	32	2	256	12	0.065002	0.013885	0.019856	0.098754	0.099336
randmat_256_0_1.mtx-P1	1	2	256	11	0.006929	0.000538	0.000240	0.007720	0.007735
randmat_256_0_1.mtx-P2	2	2	256	11	0.007353	0.000879	0.000902	0.009143	0.009176
randmat_256_0_1.mtx-P4	4	2	256	11	0.007156	0.001044	0.001276	0.009483	0.009527
randmat_256_0_1.mtx-P8	8	2	256	11	0.007608	0.001382	0.002444	0.011444	0.011511
randmat_256_0_1.mtx-P16	16	2	256	11	0.009451	0.001809	0.003064	0.014330	0.014431
randmat_256_0_1.mtx-P32	32	2	256	11	0.170098	0.012066	0.018252	0.200424	0.201038
randmat_256_0_1.mtx-P64	64	2	256	11	0.116509	0.015345	0.024855	0.156720	0.157476
randmat_256_0_2.mtx-P1	1	2	256	10	0.011362	0.000544	0.000186	0.012106	0.012121
randmat_256_0_2.mtx-P2	2	2	256	10	0.011556	0.000864	0.000709	0.013143	0.013176
randmat_256_0_2.mtx-P4	4	2	256	10	0.011641	0.000828	0.001106	0.013580	0.013623
randmat_256_0_2.mtx-P8	8	2	256	10	0.011530	0.001161	0.001981	0.014681	0.014753
randmat_256_0_2.mtx-P16	16	2	256	10	0.013171	0.001689	0.002759	0.017622	0.017716
randmat_256_0_2.mtx-P32	32	2	256	10	0.174069	0.009520	0.016697	0.200294	0.200877
randmat_256_0_2.mtx-P64	64	2	256	10	0.778033	0.014107	0.022547	0.814695	0.815433
randmat_512_0_01.mtx-P1	1	2	512	14	0.004615	0.000973	0.000369	0.005985	0.006007
randmat_512_0_01.mtx-P2	2	2	512	14	0.004954	0.001205	0.001110	0.007293	0.007343
randmat_512_0_01.mtx-P4	4	2	512	14	0.004931	0.001248	0.001678	0.007868	0.007922
randmat_512_0_01.mtx-P8	8	2	512	14	0.005820	0.001706	0.002915	0.010447	0.010518
randmat_512_0_01.mtx-P16	16	2	512	14	0.007635	0.002296	0.004086	0.014024	0.014122
randmat_512_0_01.mtx-P32	32	2	512	14	0.066295	0.010849	0.023455	0.100610	0.101048
randmat_512_0_01.mtx-P64	64	2	512	14	0.109735	0.016862	0.032075	0.158680	0.159568
randmat_512_0_02.mtx-P1	1	2	512	13	0.006522	0.000887	0.000292	0.007725	0.007748
randmat_512_0_02.mtx-P2	2	2	512	13	0.006594	0.001313	0.001159	0.009085	0.009123
randmat_512_0_02.mtx-P4	4	2	512	13	0.006703	0.001391	0.001520	0.009621	0.009668
randmat_512_0_02.mtx-P8	8	2	512	13	0.007242	0.001860	0.002602	0.011711	0.011788
randmat_512_0_02.mtx-P16	16	2	512	13	0.008964	0.002196	0.003780	0.014946	0.015049
randmat_512_0_02.mtx-P32	32	2	512	13	0.174594	0.010596	0.021678	0.206879	0.207325
randmat_512_0_02.mtx-P64	64	2	512	13	0.112546	0.018241	0.029316	0.160115	0.160911
randmat_512_0_03.mtx-P1	1	2	512	12	0.008161	0.000900	0.000266	0.009359	0.009381
randmat_512_0_03.mtx-P2	2	2	512	12	0.008488	0.001418	0.000955	0.010873	0.010910
randmat_512_0_03.mtx-P4	4	2	512	12	0.008443	0.001230	0.001416	0.011098	0.011144
randmat_512_0_03.mtx-P8	8	2	512	12	0.008651	0.001696	0.002396	0.012757	0.012826
randmat_512_0_03.mtx-P16	16	2	512	12	0.010777	0.002073	0.003339	0.016196	0.016297
randmat_512_0_03.mtx-P32	32	2	512	12	0.167115	0.009953	0.020098	0.197172	0.197619
randmat_512_0_03.mtx-P64	64	2	512	12	0.118771	0.016992	0.027100	0.162872	0.163666
randmat_512_0_04.mtx-P1	1	2	512	11	0.010056	0.000889	0.000289	0.011259	0.011282
randmat_512_0_04.mtx-P2	2	2	512	11	0.010376	0.001223	0.000799	0.012414	0.012452
randmat_512_0_04.mtx-P4	4	2	512	11	0.010187	0.001305	0.001270	0.012772	0.012818
randmat_512_0_04.mtx-P8	8	2	512	11	0.010493	0.001479	0.002023	0.014002	0.014072
randmat_512_0_04.mtx-P16	16	2	512	11	0.012022	0.001919	0.002997	0.016948	0.017048
randmat_512_0_04.mtx-P32	32	2	512	11	0.170336	0.007927	0.018403	0.196674	0.197129
randmat_512_0_04.mtx-P64	64	2	512	11	0.779445	0.013907	0.025220	0.818581	0.819420
randmat_512_0_05.mtx-P1	1	2	512	11	0.011652	0.000882	0.000221	0.012777	0.012799
randmat_512_0_05.mtx-P2	2	2	512	11	0.011796	0.001361	0.000830	0.014009	0.014051
randmat_512_0_05.mtx-P4	4	2	512	11	0.011650	0.001187	0.001206	0.014056	0.014102
randmat_512_0_05.mtx-P8	8	2	512	11	0.012104	0.001411	0.002051	0.015574	0.015645
randmat_512_0_05.mtx-P16	16	2	512	11	0.014145	0.001925	0.003039	0.019119	0.019220
randmat_512_0_05.mtx-P32	32	2	512	11	0.172192	0.007859	0.018440	0.198502	0.198947
randmat_512_0_05.mtx-P64	64	2	512	11	0.798588	0.013866	0.025146	0.837609	0.838372
randmat_512_0_1.mtx-P1	1	2	512	10	0.020412	0.001001	0.000207	0.021639	0.021661
randmat_512_0_1.mtx-P2	2	2	512	10	0.020230	0.001311	0.000747	0.022308	0.022348
randmat_512_0_1.mtx-P4	4	2	512	10	0.019489	0.001099	0.001178	0.021771	0.021818
randmat_512_0_1.mtx-P8	8	2	512	10	0.019999	0.001249	0.001884	0.023139	0.023208
randmat_512_0_1.mtx-P16	16	2	512	10	0.021025	0.001833	0.002763	0.025630	0.025730
randmat_512_0_1.mtx-P32	32	2	512	10	0.189956	0.007187	0.016732	0.213886	0.214336
randmat_512_0_1.mtx-P64	64	2	512	10	0.800555	0.012979	0.024333	0.837874	0.838665
randmat_512_0_2.mtx-P1	1	2	512	9	0.036957	0.001185	0.000177	0.038337	0.038359
randmat_512_0_2.mtx-P2	2	2	512	9	0.036474	0.001298	0.000679	0.038461	0.038499
randmat_512_0_2.mtx-P4	4	2	512	9	0.034392	0.001111	0.001036	0.036547	0.036593
randmat_512_0_2.mtx-P8	8	2	512	9	0.034972	0.001228	0.001730	0.037936	0.038007
randmat_512_0_2.mtx-P16	16	2	512	9	0.037458	0.001629	0.002444	0.041538	0.041644
randmat_512_0_2.mtx-P32	32	2	512	9	0.201034	0.006374	0.015055	0.222472	0.222917
randmat_512_0_2.mtx-P64	64	2	512	9	7.759653	0.010277	0.020723	7.790657	7.791287
randmat_1024_0_01.mtx-P1	1	2	1024	12	0.010942	0.001505	0.000264	0.012757	0.012793
randmat_1024_0_01.mtx-P2	2	2	1024	12	0.011144	0.001862	0.000960	0.013995	0.014048
randmat_1024_0_01.mtx-P4	4	2	1024	12	0.010804	0.001537	0.001359	0.013717	0.013774
randmat_1024_0_01.mtx-P8	8	2	1024	12	0.011090	0.001721	0.002160	0.014982	0.015057
randmat_1024_0_01.mtx-P16	16	2	1024	12	0.012964	0.002262	0.003305	0.018537	0.018655
randmat_1024_0_01.mtx-P32	32	2	1024	12	0.176432	0.008652	0.019997	0.205091	0.205549
[31:tcn6] unexpected disconnect completion event from [63:tcn7]
Assertion failed in file ../../dapl_conn_rc.c at line 1128: 0
internal ABORT - process 31
[20:tcn5] unexpected disconnect completion event from [63:tcn7]
Assertion failed in file ../../dapl_conn_rc.c at line 1128: 0
internal ABORT - process 20
[42:tcn6] unexpected disconnect completion event from [63:tcn7]
Assertion failed in file ../../dapl_conn_rc.c at line 1128: 0
internal ABORT - process 42
[40:tcn6] unexpected disconnect completion event from [63:tcn7]
Assertion failed in file ../../dapl_conn_rc.c at line 1128: 0
internal ABORT - process 40
[34:tcn6] unexpected disconnect completion event from [63:tcn7]
Assertion failed in file ../../dapl_conn_rc.c at line 1128: 0
internal ABORT - process 34
[41:tcn6] unexpected disconnect completion event from [63:tcn7]
Assertion failed in file ../../dapl_conn_rc.c at line 1128: 0
internal ABORT - process 41
[39:tcn6] unexpected disconnect completion event from [63:tcn7]
Assertion failed in file ../../dapl_conn_rc.c at line 1128: 0
internal ABORT - process 39
[27:tcn6] unexpected disconnect completion event from [63:tcn7]
Assertion failed in file ../../dapl_conn_rc.c at line 1128: 0
internal ABORT - process 27
[26:tcn6] unexpected disconnect completion event from [63:tcn7]
Assertion failed in file ../../dapl_conn_rc.c at line 1128: 0
internal ABORT - process 26
[35:tcn6] unexpected disconnect completion event from [63:tcn7]
Assertion failed in file ../../dapl_conn_rc.c at line 1128: 0
internal ABORT - process 35
[23:tcn6] unexpected disconnect completion event from [63:tcn7]
Assertion failed in file ../../dapl_conn_rc.c at line 1128: 0
internal ABORT - process 23
[36:tcn6] unexpected disconnect completion event from [63:tcn7]
Assertion failed in file ../../dapl_conn_rc.c at line 1128: 0
internal ABORT - process 36
[37:tcn6] unexpected disconnect completion event from [63:tcn7]
Assertion failed in file ../../dapl_conn_rc.c at line 1128: 0
internal ABORT - process 37
[30:tcn6] unexpected disconnect completion event from [63:tcn7]
Assertion failed in file ../../dapl_conn_rc.c at line 1128: 0
[33:tcn6] unexpected disconnect completion event from [63:tcn7]
Assertion failed in file ../../dapl_conn_rc.c at line 1128: 0
internal ABORT - process 33
internal ABORT - process 30
[38:tcn6] unexpected disconnect completion event from [63:tcn7]
Assertion failed in file ../../dapl_conn_rc.c at line 1128: 0
internal ABORT - process 38
[32:tcn6] unexpected disconnect completion event from [63:tcn7]
Assertion failed in file ../../dapl_conn_rc.c at line 1128: 0
internal ABORT - process 32
[22:tcn6] unexpected disconnect completion event from [63:tcn7]
Assertion failed in file ../../dapl_conn_rc.c at line 1128: 0
internal ABORT - process 22
[24:tcn6] unexpected disconnect completion event from [63:tcn7]
Assertion failed in file ../../dapl_conn_rc.c at line 1128: 0
internal ABORT - process 24
[28:tcn6] unexpected disconnect completion event from [63:tcn7]
Assertion failed in file ../../dapl_conn_rc.c at line 1128: 0
internal ABORT - process 28
[29:tcn6] unexpected disconnect completion event from [63:tcn7]
Assertion failed in file ../../dapl_conn_rc.c at line 1128: 0
internal ABORT - process 29
[25:tcn6] unexpected disconnect completion event from [63:tcn7]
Assertion failed in file ../../dapl_conn_rc.c at line 1128: 0
internal ABORT - process 25
srun: error: tcn7: task 63: Segmentation fault (core dumped)
srun: Terminating job step 1113690.160
slurmd[tcn5]: *** STEP 1113690.160 KILLED AT 2015-01-08T12:48:09 WITH SIGNAL 9 ***
slurmd[tcn6]: *** STEP 1113690.160 KILLED AT 2015-01-08T12:48:09 WITH SIGNAL 9 ***
slurmd[tcn7]: *** STEP 1113690.160 KILLED AT 2015-01-08T12:48:09 WITH SIGNAL 9 ***
srun: Job step aborted: Waiting up to 2 seconds for job step to finish.
slurmd[tcn5]: *** STEP 1113690.160 KILLED AT 2015-01-08T12:48:09 WITH SIGNAL 9 ***
slurmd[tcn6]: *** STEP 1113690.160 KILLED AT 2015-01-08T12:48:09 WITH SIGNAL 9 ***
slurmd[tcn7]: *** STEP 1113690.160 KILLED AT 2015-01-08T12:48:09 WITH SIGNAL 9 ***
srun: error: tcn5: task 20: Exited with exit code 1
srun: error: tcn6: tasks 22-42: Exited with exit code 1
srun: error: tcn7: tasks 43-62: Killed
srun: error: tcn5: tasks 0-19,21: Killed
randmat_1024_0_02.mtx-P1	1	2	1024	11	0.017959	0.001569	0.000246	0.019815	0.019878
randmat_1024_0_02.mtx-P2	2	2	1024	11	0.017859	0.002005	0.000845	0.020734	0.020784
randmat_1024_0_02.mtx-P4	4	2	1024	11	0.016918	0.001717	0.001288	0.019937	0.019997
randmat_1024_0_02.mtx-P8	8	2	1024	11	0.017954	0.001661	0.002111	0.021733	0.021814
randmat_1024_0_02.mtx-P16	16	2	1024	11	0.018864	0.002188	0.003069	0.024128	0.024236
randmat_1024_0_02.mtx-P32	32	2	1024	11	0.182982	0.008223	0.018406	0.209622	0.210077
randmat_1024_0_02.mtx-P64	64	2	1024	11	0.779375	0.011425	0.025465	0.816276	0.816927
randmat_1024_0_03.mtx-P1	1	2	1024	10	0.024539	0.001562	0.000230	0.026362	0.026399
randmat_1024_0_03.mtx-P2	2	2	1024	10	0.024419	0.002088	0.000827	0.027370	0.027426
randmat_1024_0_03.mtx-P4	4	2	1024	10	0.023026	0.001664	0.001149	0.025852	0.025908
randmat_1024_0_03.mtx-P8	8	2	1024	10	0.023817	0.001671	0.001862	0.027358	0.027435
randmat_1024_0_03.mtx-P16	16	2	1024	10	0.025348	0.001932	0.002898	0.030185	0.030296
randmat_1024_0_03.mtx-P32	32	2	1024	10	0.180889	0.007357	0.016633	0.204885	0.205351
randmat_1024_0_03.mtx-P64	64	2	1024	10	0.812362	0.010394	0.022849	0.845608	0.846232
randmat_1024_0_04.mtx-P1	1	2	1024	10	0.031104	0.001706	0.000216	0.033061	0.033098
randmat_1024_0_04.mtx-P2	2	2	1024	10	0.030798	0.002158	0.000802	0.033807	0.033863
randmat_1024_0_04.mtx-P4	4	2	1024	10	0.029473	0.001516	0.001375	0.032373	0.032431
randmat_1024_0_04.mtx-P8	8	2	1024	10	0.030272	0.001716	0.001892	0.033888	0.033970
randmat_1024_0_04.mtx-P16	16	2	1024	10	0.031986	0.002064	0.002790	0.036848	0.036956
randmat_1024_0_04.mtx-P32	32	2	1024	10	0.186954	0.007416	0.016817	0.211197	0.211653
randmat_1024_0_04.mtx-P64	64	2	1024	10	0.769128	0.010456	0.023130	0.802723	0.803425
randmat_1024_0_05.mtx-P1	1	2	1024	10	0.037818	0.001811	0.000219	0.039879	0.039916
randmat_1024_0_05.mtx-P2	2	2	1024	10	0.036574	0.002082	0.000771	0.039450	0.039501
randmat_1024_0_05.mtx-P4	4	2	1024	10	0.035669	0.001706	0.001354	0.038739	0.038794
randmat_1024_0_05.mtx-P8	8	2	1024	10	0.035488	0.001726	0.001880	0.039103	0.039196
randmat_1024_0_05.mtx-P16	16	2	1024	10	0.037569	0.002061	0.002764	0.042404	0.042511
randmat_1024_0_05.mtx-P32	32	2	1024	10	0.190636	0.007394	0.016794	0.214833	0.215295
randmat_1024_0_05.mtx-P64	64	2	1024	10	0.788307	0.010682	0.023063	0.822059	0.822710
randmat_1024_0_1.mtx-P1	1	2	1024	9	0.072295	0.002286	0.000196	0.074808	0.074845
randmat_1024_0_1.mtx-P2	2	2	1024	9	0.070059	0.002320	0.000684	0.073094	0.073150
randmat_1024_0_1.mtx-P4	4	2	1024	9	0.064926	0.001555	0.001213	0.067706	0.067764
randmat_1024_0_1.mtx-P8	8	2	1024	9	0.064173	0.001626	0.001645	0.067458	0.067539
randmat_1024_0_1.mtx-P16	16	2	1024	9	0.065825	0.001946	0.002514	0.070295	0.070405
randmat_1024_0_1.mtx-P32	32	2	1024	9	0.223148	0.006581	0.015133	0.244868	0.245331
randmat_1024_0_1.mtx-P64	64	2	1024	9	0.782612	0.009312	0.020964	0.812894	0.813548
randmat_1024_0_2.mtx-P1	1	2	1024	8	0.139382	0.003138	0.000175	0.142723	0.142759
randmat_1024_0_2.mtx-P2	2	2	1024	8	0.134990	0.002651	0.000631	0.138299	0.138355
randmat_1024_0_2.mtx-P4	4	2	1024	8	0.126122	0.001648	0.001029	0.128808	0.128866
randmat_1024_0_2.mtx-P8	8	2	1024	8	0.124699	0.001599	0.001470	0.127774	0.127851
randmat_1024_0_2.mtx-P16	16	2	1024	8	0.121412	0.001757	0.002260	0.125437	0.125550
randmat_1024_0_2.mtx-P32	32	2	1024	8	0.281629	0.006034	0.013343	0.301014	0.301468
randmat_1024_0_2.mtx-P64	64	2	1024	8	0.856434	0.008523	0.018460	0.883419	0.884058
randmat_2048_0_01.mtx-P1	1	2	2048	11	0.033416	0.003013	0.000285	0.036789	0.036855
randmat_2048_0_01.mtx-P2	2	2	2048	11	0.033015	0.003515	0.000913	0.037484	0.037558
randmat_2048_0_01.mtx-P4	4	2	2048	11	0.032016	0.002872	0.001391	0.036306	0.036400
randmat_2048_0_01.mtx-P8	8	2	2048	11	0.031462	0.002476	0.002057	0.036011	0.036104
randmat_2048_0_01.mtx-P16	16	2	2048	11	0.033706	0.002671	0.003036	0.039428	0.039567
randmat_2048_0_01.mtx-P32	32	2	2048	11	0.185115	0.008322	0.018502	0.211948	0.212418
randmat_2048_0_01.mtx-P64	64	2	2048	11	0.757109	0.011752	0.025207	0.794076	0.794748
randmat_2048_0_02.mtx-P1	1	2	2048	10	0.061157	0.003191	0.000269	0.064686	0.064752
randmat_2048_0_02.mtx-P2	2	2	2048	10	0.059051	0.003492	0.000806	0.063388	0.063462
randmat_2048_0_02.mtx-P4	4	2	2048	10	0.055439	0.002772	0.001307	0.059539	0.059613
randmat_2048_0_02.mtx-P8	8	2	2048	10	0.055570	0.002430	0.001879	0.059891	0.059998
randmat_2048_0_02.mtx-P16	16	2	2048	10	0.057041	0.002538	0.002879	0.062465	0.062596
randmat_2048_0_02.mtx-P32	32	2	2048	10	0.216972	0.007861	0.016755	0.241599	0.242089
randmat_2048_0_02.mtx-P64	64	2	2048	10	0.843451	0.011081	0.022861	0.877403	0.878078
randmat_2048_0_03.mtx-P1	1	2	2048	9	0.089087	0.003420	0.000232	0.092800	0.092865
randmat_2048_0_03.mtx-P2	2	2	2048	9	0.086456	0.003502	0.000721	0.090716	0.090790
randmat_2048_0_03.mtx-P4	4	2	2048	9	0.079902	0.002563	0.001045	0.083535	0.083611
randmat_2048_0_03.mtx-P8	8	2	2048	9	0.078307	0.002247	0.001771	0.082335	0.082432
randmat_2048_0_03.mtx-P16	16	2	2048	9	0.081097	0.002391	0.002634	0.086129	0.086271
randmat_2048_0_03.mtx-P32	32	2	2048	9	0.243737	0.007571	0.015828	0.267140	0.267612
randmat_2048_0_03.mtx-P64	64	2	2048	9	0.849300	0.010100	0.020630	0.880038	0.880705
randmat_2048_0_04.mtx-P1	1	2	2048	9	0.116648	0.003925	0.000234	0.120865	0.120930
randmat_2048_0_04.mtx-P2	2	2	2048	9	0.110965	0.003896	0.000805	0.115726	0.115813
randmat_2048_0_04.mtx-P4	4	2	2048	9	0.106186	0.002602	0.001067	0.109880	0.109956
randmat_2048_0_04.mtx-P8	8	2	2048	9	0.101694	0.002329	0.001651	0.105690	0.105784
randmat_2048_0_04.mtx-P16	16	2	2048	9	0.104143	0.002371	0.002555	0.109077	0.109214
randmat_2048_0_04.mtx-P32	32	2	2048	9	0.264764	0.007137	0.015203	0.287110	0.287600
randmat_2048_0_04.mtx-P64	64	2	2048	9	0.859527	0.009949	0.020863	0.890354	0.891005
randmat_2048_0_05.mtx-P1	1	2	2048	9	0.144409	0.004608	0.000238	0.149317	0.149382
randmat_2048_0_05.mtx-P2	2	2	2048	9	0.137361	0.004193	0.000784	0.142399	0.142485
randmat_2048_0_05.mtx-P4	4	2	2048	9	0.128930	0.002787	0.001015	0.132752	0.132829
randmat_2048_0_05.mtx-P8	8	2	2048	9	0.123793	0.002333	0.001702	0.127840	0.127940
randmat_2048_0_05.mtx-P16	16	2	2048	9	0.126907	0.002422	0.002472	0.131814	0.131956
randmat_2048_0_05.mtx-P32	32	2	2048	9	0.277541	0.007214	0.015151	0.299911	0.300400
randmat_2048_0_05.mtx-P64	64	2	2048	9	0.849558	0.010153	0.020710	0.880429	0.881102
randmat_2048_0_1.mtx-P1	1	2	2048	8	0.284974	0.006269	0.000216	0.291509	0.291575
randmat_2048_0_1.mtx-P2	2	2	2048	8	0.271146	0.004829	0.000654	0.276662	0.276738
randmat_2048_0_1.mtx-P4	4	2	2048	8	0.254631	0.002929	0.001085	0.258661	0.258735
randmat_2048_0_1.mtx-P8	8	2	2048	8	0.246623	0.002352	0.001497	0.250487	0.250590
randmat_2048_0_1.mtx-P16	16	2	2048	8	0.243068	0.002260	0.002239	0.247575	0.247709
randmat_2048_0_1.mtx-P32	32	2	2048	8	0.397662	0.006303	0.013443	0.417418	0.417890
randmat_2048_0_1.mtx-P64	64	2	2048	8	0.990464	0.008724	0.018761	1.017953	1.018684
randmat_2048_0_2.mtx-P1	1	2	2048	7	0.585502	0.009506	0.000182	0.595240	0.595306
randmat_2048_0_2.mtx-P2	2	2	2048	7	0.538234	0.006506	0.000555	0.545326	0.545403
randmat_2048_0_2.mtx-P4	4	2	2048	7	0.507266	0.003599	0.000919	0.511795	0.511872
randmat_2048_0_2.mtx-P8	8	2	2048	7	0.481024	0.002526	0.001459	0.485016	0.485115
randmat_2048_0_2.mtx-P16	16	2	2048	7	0.470266	0.002116	0.002141	0.474526	0.474667
randmat_2048_0_2.mtx-P32	32	2	2048	7	0.630172	0.005665	0.011868	0.647714	0.648265
randmat_2048_0_2.mtx-P64	64	2	2048	7	1.197347	0.008079	0.016170	1.221602	1.222262
randmat_4096_0_01.mtx-P1	1	2	4096	10	0.119358	0.006415	0.000351	0.126250	0.126373
randmat_4096_0_01.mtx-P2	2	2	4096	10	0.116036	0.007469	0.000918	0.124554	0.124698
randmat_4096_0_01.mtx-P4	4	2	4096	10	0.107605	0.004271	0.002070	0.113952	0.114066
randmat_4096_0_01.mtx-P8	8	2	4096	10	0.106557	0.003684	0.002073	0.112334	0.112463
randmat_4096_0_01.mtx-P16	16	2	4096	10	0.106749	0.003507	0.003053	0.113323	0.113500
randmat_4096_0_01.mtx-P32	32	2	4096	10	0.269717	0.011858	0.017592	0.299179	0.299688
randmat_4096_0_01.mtx-P64	64	2	4096	10	0.860531	0.015575	0.027735	0.903848	0.904678
randmat_4096_0_02.mtx-P1	1	2	4096	9	0.230662	0.007967	0.000307	0.239051	0.239174
randmat_4096_0_02.mtx-P2	2	2	4096	9	0.224604	0.007579	0.000785	0.233035	0.233158
randmat_4096_0_02.mtx-P4	4	2	4096	9	0.211546	0.004730	0.001101	0.217412	0.217530
randmat_4096_0_02.mtx-P8	8	2	4096	9	0.197837	0.003415	0.001910	0.203177	0.203308
randmat_4096_0_02.mtx-P16	16	2	4096	9	0.203907	0.003471	0.002509	0.209900	0.210066
randmat_4096_0_02.mtx-P32	32	2	4096	9	0.353649	0.009987	0.016171	0.379819	0.380342
randmat_4096_0_02.mtx-P64	64	2	4096	9	0.929547	0.014460	0.025183	0.969197	0.970035
randmat_4096_0_03.mtx-P1	1	2	4096	9	0.340885	0.010308	0.000310	0.351617	0.351740
randmat_4096_0_03.mtx-P2	2	2	4096	9	0.332093	0.009354	0.000826	0.342388	0.342534
randmat_4096_0_03.mtx-P4	4	2	4096	9	0.305688	0.005001	0.001484	0.312197	0.312318
randmat_4096_0_03.mtx-P8	8	2	4096	9	0.292076	0.003732	0.001908	0.297731	0.297861
randmat_4096_0_03.mtx-P16	16	2	4096	9	0.294871	0.003469	0.002615	0.300969	0.301142
randmat_4096_0_03.mtx-P32	32	2	4096	9	0.458051	0.009913	0.015981	0.483957	0.484479
randmat_4096_0_03.mtx-P64	64	2	4096	9	1.010873	0.014752	0.025425	1.051056	1.051878
randmat_4096_0_04.mtx-P1	1	2	4096	8	0.470140	0.011093	0.000273	0.481611	0.481735
randmat_4096_0_04.mtx-P2	2	2	4096	8	0.433349	0.009235	0.000742	0.443434	0.443581
randmat_4096_0_04.mtx-P4	4	2	4096	8	0.405413	0.004768	0.001305	0.411505	0.411623
randmat_4096_0_04.mtx-P8	8	2	4096	8	0.398302	0.003559	0.001709	0.403585	0.403714
randmat_4096_0_04.mtx-P16	16	2	4096	8	0.389935	0.002923	0.002590	0.395453	0.395628
randmat_4096_0_04.mtx-P32	32	2	4096	8	0.538581	0.008883	0.014352	0.561822	0.562354
randmat_4096_0_04.mtx-P64	64	2	4096	8	1.100433	0.013389	0.022335	1.136164	1.136987
randmat_4096_0_05.mtx-P1	1	2	4096	8	0.589481	0.013078	0.000272	0.602934	0.603064
randmat_4096_0_05.mtx-P2	2	2	4096	8	0.542303	0.010296	0.000737	0.553440	0.553599
randmat_4096_0_05.mtx-P4	4	2	4096	8	0.502352	0.005607	0.001001	0.508989	0.509117
randmat_4096_0_05.mtx-P8	8	2	4096	8	0.484420	0.003938	0.001554	0.489931	0.490062
randmat_4096_0_05.mtx-P16	16	2	4096	8	0.485239	0.003346	0.002283	0.490883	0.491050
randmat_4096_0_05.mtx-P32	32	2	4096	8	0.625129	0.009377	0.014242	0.648760	0.649265
randmat_4096_0_05.mtx-P64	64	2	4096	8	1.204491	0.012951	0.022207	1.239659	1.240474
randmat_4096_0_1.mtx-P1	1	2	4096	7	1.228370	0.020957	0.000243	1.249661	1.249787
randmat_4096_0_1.mtx-P2	2	2	4096	7	1.069619	0.013213	0.000590	1.083481	1.083604
randmat_4096_0_1.mtx-P4	4	2	4096	7	1.013961	0.007016	0.001080	1.022074	1.022187
randmat_4096_0_1.mtx-P8	8	2	4096	7	0.965094	0.004398	0.001457	0.970963	0.971097
randmat_4096_0_1.mtx-P16	16	2	4096	7	0.944381	0.003298	0.002119	0.949810	0.949987
randmat_4096_0_1.mtx-P32	32	2	4096	7	1.099495	0.008376	0.012529	1.120411	1.120943
randmat_4096_0_1.mtx-P64	64	2	4096	7	1.704832	0.011773	0.019641	1.736251	1.737098
randmat_4096_0_2.mtx-P1	1	2	4096	7	2.463481	0.042689	0.000247	2.506519	2.506643
randmat_4096_0_2.mtx-P2	2	2	4096	7	2.164680	0.023004	0.000642	2.188387	2.188511
randmat_4096_0_2.mtx-P4	4	2	4096	7	2.000240	0.011646	0.000942	2.012857	2.012981
randmat_4096_0_2.mtx-P8	8	2	4096	7	1.974742	0.006705	0.001324	1.982791	1.982924
randmat_4096_0_2.mtx-P16	16	2	4096	7	1.905983	0.004615	0.001938	1.912549	1.912725
randmat_4096_0_2.mtx-P32	32	2	4096	7	2.005260	0.008868	0.012480	2.026619	2.027187
randmat_4096_0_2.mtx-P64	64	2	4096	7	2.625618	0.011810	0.019844	2.657276	2.658126
