Running on Cartesius 

[1;31mtime	Thu Jan  8 12:47:19 CET 2015[0;39m
mat_name\tp\tn\tk\ttime_init\ttime_mv\ttime_ip\ttime_done\ttime_total
randmat_64_0_01.mtx-P1	1	3	64	15	0.001389	0.000352	0.000400	0.002147	0.002162
randmat_64_0_01.mtx-P2	2	3	64	16	0.001880	0.001039	0.001583	0.004515	0.004562
randmat_64_0_01.mtx-P4	4	3	64	15	0.002456	0.000970	0.002117	0.005550	0.005593
randmat_64_0_01.mtx-P8	8	3	64	15	0.003093	0.001588	0.003130	0.007820	0.007881
randmat_64_0_02.mtx-P1	1	3	64	23	0.001521	0.000643	0.000665	0.002842	0.002941
randmat_64_0_02.mtx-P2	2	3	64	22	0.001896	0.001281	0.002095	0.005293	0.005332
randmat_64_0_02.mtx-P4	4	3	64	22	0.002162	0.001825	0.003025	0.007025	0.007062
randmat_64_0_03.mtx-P1	1	3	64	15	0.001565	0.000365	0.000361	0.002302	0.002311
randmat_64_0_03.mtx-P2	2	3	64	15	0.001872	0.000894	0.001655	0.004432	0.004457
randmat_64_0_03.mtx-P4	4	3	64	15	0.002329	0.001297	0.002077	0.005710	0.005747
randmat_64_0_04.mtx-P1	1	3	64	19	0.001538	0.000520	0.000535	0.002603	0.002612
randmat_64_0_04.mtx-P2	2	3	64	19	0.001981	0.001145	0.001815	0.004956	0.004981
randmat_64_0_04.mtx-P4	4	3	64	19	0.002429	0.001496	0.002526	0.006466	0.006522
randmat_64_0_05.mtx-P1	1	3	64	16	0.001775	0.000310	0.000368	0.002476	0.002492
randmat_64_0_05.mtx-P2	2	3	64	16	0.001915	0.001056	0.001859	0.004845	0.004873
randmat_64_0_05.mtx-P4	4	3	64	16	0.002702	0.001181	0.002331	0.006221	0.006262
randmat_64_0_05.mtx-P8	8	3	64	16	0.003287	0.001952	0.003235	0.008498	0.008558
randmat_64_0_1.mtx-P1	1	3	64	14	0.001867	0.000260	0.000302	0.002438	0.002448
randmat_64_0_1.mtx-P2	2	3	64	14	0.002308	0.000916	0.001371	0.004607	0.004634
randmat_64_0_1.mtx-P4	4	3	64	14	0.002602	0.001228	0.001904	0.005743	0.005781
randmat_64_0_1.mtx-P8	8	3	64	14	0.003622	0.001602	0.002657	0.007886	0.007947
randmat_64_0_1.mtx-P16	16	3	64	14	0.005044	0.002324	0.003912	0.011283	0.011373
randmat_64_0_2.mtx-P1	1	3	64	13	0.002064	0.000309	0.000369	0.002774	0.002801
randmat_64_0_2.mtx-P2	2	3	64	13	0.002787	0.000826	0.001206	0.004827	0.004862
randmat_64_0_2.mtx-P4	4	3	64	13	0.002962	0.001051	0.001750	0.005771	0.005808
randmat_64_0_2.mtx-P8	8	3	64	13	0.003921	0.001458	0.002491	0.007880	0.007941
randmat_128_0_01.mtx-P1	1	3	128	19	0.001668	0.000643	0.000535	0.002911	0.002948
randmat_128_0_01.mtx-P2	2	3	128	19	0.002142	0.001250	0.001858	0.005262	0.005289
randmat_128_0_01.mtx-P4	4	3	128	19	0.002506	0.001492	0.002611	0.006621	0.006669
randmat_128_0_01.mtx-P8	8	3	128	19	0.003603	0.002048	0.003668	0.009329	0.009393
randmat_128_0_02.mtx-P1	1	3	128	16	0.001826	0.000617	0.000538	0.002997	0.003043
randmat_128_0_02.mtx-P2	2	3	128	16	0.002169	0.001248	0.001451	0.004878	0.004905
randmat_128_0_02.mtx-P4	4	3	128	17	0.002516	0.001424	0.002424	0.006375	0.006417
randmat_128_0_03.mtx-P1	1	3	128	14	0.002052	0.000659	0.000403	0.003135	0.003147
randmat_128_0_03.mtx-P2	2	3	128	14	0.002638	0.000853	0.001441	0.004947	0.004978
randmat_128_0_03.mtx-P4	4	3	128	14	0.002828	0.001158	0.001796	0.005786	0.005826
randmat_128_0_03.mtx-P8	8	3	128	14	0.003244	0.001861	0.003078	0.008194	0.008259
randmat_128_0_03.mtx-P16	16	3	128	14	0.005370	0.002329	0.004070	0.011770	0.011861
randmat_128_0_04.mtx-P1	1	3	128	15	0.002115	0.000652	0.000499	0.003303	0.003314
randmat_128_0_04.mtx-P2	2	3	128	15	0.002492	0.001041	0.001540	0.005079	0.005106
randmat_128_0_04.mtx-P4	4	3	128	15	0.003058	0.001152	0.001975	0.006194	0.006233
randmat_128_0_04.mtx-P8	8	3	128	15	0.004095	0.001678	0.002948	0.008730	0.008798
randmat_128_0_05.mtx-P1	1	3	128	15	0.002338	0.000584	0.000447	0.003393	0.003404
randmat_128_0_05.mtx-P2	2	3	128	15	0.002830	0.001044	0.001333	0.005219	0.005247
randmat_128_0_05.mtx-P4	4	3	128	15	0.003454	0.001036	0.001890	0.006389	0.006445
randmat_128_0_05.mtx-P8	8	3	128	15	0.004329	0.001645	0.002952	0.008934	0.009084
randmat_128_0_05.mtx-P16	16	3	128	15	0.005281	0.002421	0.004261	0.011972	0.012064
randmat_128_0_1.mtx-P1	1	3	128	13	0.003082	0.000523	0.000305	0.003923	0.003936
randmat_128_0_1.mtx-P2	2	3	128	13	0.003512	0.000889	0.001070	0.005488	0.005522
randmat_128_0_1.mtx-P4	4	3	128	13	0.003722	0.001062	0.001619	0.006410	0.006449
randmat_128_0_1.mtx-P8	8	3	128	13	0.004664	0.001641	0.002408	0.008720	0.008803
randmat_128_0_1.mtx-P16	16	3	128	13	0.006111	0.002201	0.003725	0.012049	0.012155
randmat_128_0_1.mtx-P32	32	3	128	13	0.064047	0.013582	0.021555	0.099196	0.099733
randmat_128_0_2.mtx-P1	1	3	128	12	0.004442	0.000329	0.000224	0.005002	0.005013
randmat_128_0_2.mtx-P2	2	3	128	12	0.004765	0.000834	0.000970	0.006582	0.006611
randmat_128_0_2.mtx-P4	4	3	128	12	0.004860	0.000923	0.001580	0.007370	0.007456
randmat_128_0_2.mtx-P8	8	3	128	12	0.005527	0.001694	0.002218	0.009447	0.009510
randmat_128_0_2.mtx-P16	16	3	128	12	0.007470	0.001988	0.003316	0.012786	0.012880
randmat_128_0_2.mtx-P32	32	3	128	12	0.067139	0.012739	0.020307	0.100191	0.100732
randmat_256_0_01.mtx-P1	1	3	256	15	0.002316	0.000869	0.000465	0.003673	0.003689
randmat_256_0_01.mtx-P2	2	3	256	16	0.002832	0.001001	0.001560	0.005412	0.005443
randmat_256_0_01.mtx-P4	4	3	256	15	0.003229	0.001116	0.002110	0.006469	0.006513
randmat_256_0_01.mtx-P8	8	3	256	15	0.004117	0.001748	0.002924	0.008798	0.008949
randmat_256_0_01.mtx-P16	16	3	256	15	0.005383	0.002479	0.004335	0.012205	0.012302
randmat_256_0_01.mtx-P32	32	3	256	15	0.062407	0.015314	0.024655	0.102390	0.103006
randmat_256_0_02.mtx-P1	1	3	256	15	0.003129	0.000702	0.000355	0.004213	0.004228
randmat_256_0_02.mtx-P2	2	3	256	15	0.003510	0.000895	0.001217	0.005641	0.005676
randmat_256_0_02.mtx-P4	4	3	256	15	0.003788	0.001306	0.001843	0.006945	0.007000
randmat_256_0_02.mtx-P8	8	3	256	15	0.004649	0.001779	0.002979	0.009416	0.009499
randmat_256_0_02.mtx-P16	16	3	256	15	0.006242	0.002487	0.004188	0.012926	0.013022
randmat_256_0_02.mtx-P32	32	3	256	15	0.064757	0.013840	0.026103	0.104709	0.105324
randmat_256_0_02.mtx-P64	64	3	256	15	0.105761	0.020116	0.033627	0.159514	0.160247
randmat_256_0_03.mtx-P1	1	3	256	13	0.003690	0.000546	0.000293	0.004545	0.004564
randmat_256_0_03.mtx-P2	2	3	256	13	0.004079	0.000890	0.001059	0.006042	0.006075
randmat_256_0_03.mtx-P4	4	3	256	13	0.004077	0.001093	0.001587	0.006766	0.006831
randmat_256_0_03.mtx-P8	8	3	256	13	0.004974	0.001478	0.002740	0.009196	0.009351
randmat_256_0_03.mtx-P16	16	3	256	13	0.006870	0.002180	0.003597	0.012653	0.012749
randmat_256_0_03.mtx-P32	32	3	256	13	0.062354	0.013690	0.022477	0.098529	0.099117
randmat_256_0_04.mtx-P1	1	3	256	12	0.004227	0.000521	0.000264	0.005020	0.005035
randmat_256_0_04.mtx-P2	2	3	256	12	0.004387	0.000861	0.000932	0.006202	0.006255
randmat_256_0_04.mtx-P4	4	3	256	12	0.004598	0.001028	0.001550	0.007183	0.007226
randmat_256_0_04.mtx-P8	8	3	256	12	0.005374	0.001386	0.002569	0.009336	0.009424
randmat_256_0_04.mtx-P16	16	3	256	12	0.007041	0.001971	0.003412	0.012427	0.012539
randmat_256_0_04.mtx-P32	32	3	256	12	0.067349	0.012855	0.019987	0.100203	0.100814
randmat_256_0_04.mtx-P64	64	3	256	12	0.108003	0.016470	0.027144	0.151624	0.152362
randmat_256_0_05.mtx-P1	1	3	256	12	0.004486	0.000566	0.000282	0.005353	0.005368
randmat_256_0_05.mtx-P2	2	3	256	12	0.004870	0.000975	0.000940	0.006799	0.006836
randmat_256_0_05.mtx-P4	4	3	256	12	0.005067	0.001000	0.001572	0.007650	0.007691
randmat_256_0_05.mtx-P8	8	3	256	12	0.005729	0.001516	0.002578	0.009828	0.009899
randmat_256_0_05.mtx-P16	16	3	256	12	0.007574	0.001959	0.003351	0.012887	0.012984
randmat_256_0_05.mtx-P32	32	3	256	12	0.067222	0.013011	0.020835	0.101076	0.101659
randmat_256_0_1.mtx-P1	1	3	256	11	0.006978	0.000552	0.000251	0.007793	0.007807
randmat_256_0_1.mtx-P2	2	3	256	11	0.007290	0.000997	0.000910	0.009206	0.009239
randmat_256_0_1.mtx-P4	4	3	256	11	0.007060	0.001035	0.001408	0.009510	0.009556
randmat_256_0_1.mtx-P8	8	3	256	11	0.007669	0.001322	0.002247	0.011243	0.011307
randmat_256_0_1.mtx-P16	16	3	256	11	0.009561	0.001808	0.002999	0.014370	0.014469
randmat_256_0_1.mtx-P32	32	3	256	11	0.173204	0.012257	0.018381	0.203848	0.204471
randmat_256_0_1.mtx-P64	64	3	256	11	0.114626	0.015446	0.024977	0.155056	0.155804
randmat_256_0_2.mtx-P1	1	3	256	10	0.011398	0.000537	0.000194	0.012145	0.012160
randmat_256_0_2.mtx-P2	2	3	256	10	0.011522	0.000853	0.000704	0.013087	0.013119
randmat_256_0_2.mtx-P4	4	3	256	10	0.011407	0.000808	0.001151	0.013371	0.013412
randmat_256_0_2.mtx-P8	8	3	256	10	0.011589	0.001185	0.001806	0.014587	0.014688
randmat_256_0_2.mtx-P16	16	3	256	10	0.012940	0.001691	0.002754	0.017391	0.017486
randmat_256_0_2.mtx-P32	32	3	256	10	0.173379	0.009567	0.016784	0.199737	0.200335
randmat_256_0_2.mtx-P64	64	3	256	10	0.800597	0.014097	0.022571	0.837270	0.838013
randmat_512_0_01.mtx-P1	1	3	512	14	0.004445	0.001034	0.000322	0.005838	0.005860
randmat_512_0_01.mtx-P2	2	3	512	14	0.004786	0.001236	0.001138	0.007173	0.007217
randmat_512_0_01.mtx-P4	4	3	512	14	0.004935	0.001308	0.001755	0.008011	0.008129
randmat_512_0_01.mtx-P8	8	3	512	14	0.005564	0.001921	0.002760	0.010254	0.010327
randmat_512_0_01.mtx-P16	16	3	512	14	0.007463	0.002429	0.003767	0.013666	0.013778
randmat_512_0_01.mtx-P32	32	3	512	14	0.065967	0.009953	0.023366	0.099293	0.099733
randmat_512_0_01.mtx-P64	64	3	512	14	0.109090	0.017084	0.032108	0.158293	0.159118
randmat_512_0_02.mtx-P1	1	3	512	13	0.006338	0.001024	0.000340	0.007730	0.007752
randmat_512_0_02.mtx-P2	2	3	512	13	0.006724	0.001444	0.001031	0.009219	0.009256
randmat_512_0_02.mtx-P4	4	3	512	13	0.006534	0.001404	0.001678	0.009627	0.009672
randmat_512_0_02.mtx-P8	8	3	512	13	0.007179	0.001603	0.002781	0.011577	0.011646
randmat_512_0_02.mtx-P16	16	3	512	13	0.009122	0.002218	0.003503	0.014848	0.014947
randmat_512_0_02.mtx-P32	32	3	512	13	0.170037	0.010592	0.021763	0.202402	0.202840
randmat_512_0_02.mtx-P64	64	3	512	13	0.110274	0.018213	0.029299	0.157795	0.158601
randmat_512_0_03.mtx-P1	1	3	512	12	0.008270	0.000909	0.000264	0.009467	0.009489
randmat_512_0_03.mtx-P2	2	3	512	12	0.008396	0.001384	0.000880	0.010674	0.010711
randmat_512_0_03.mtx-P4	4	3	512	12	0.008613	0.001258	0.001396	0.011278	0.011324
randmat_512_0_03.mtx-P8	8	3	512	12	0.008773	0.001495	0.002343	0.012618	0.012689
randmat_512_0_03.mtx-P16	16	3	512	12	0.010198	0.002156	0.003217	0.015580	0.015681
randmat_512_0_03.mtx-P32	32	3	512	12	0.168393	0.010043	0.020070	0.198512	0.198955
randmat_512_0_03.mtx-P64	64	3	512	12	0.114157	0.017190	0.027162	0.158519	0.159296
randmat_512_0_04.mtx-P1	1	3	512	11	0.009961	0.000851	0.000218	0.011054	0.011075
randmat_512_0_04.mtx-P2	2	3	512	11	0.010242	0.001203	0.000798	0.012265	0.012302
randmat_512_0_04.mtx-P4	4	3	512	11	0.009943	0.001309	0.001288	0.012557	0.012603
randmat_512_0_04.mtx-P8	8	3	512	11	0.010136	0.001406	0.001978	0.013525	0.013594
randmat_512_0_04.mtx-P16	16	3	512	11	0.011842	0.001957	0.003033	0.016834	0.016934
randmat_512_0_04.mtx-P32	32	3	512	11	0.171594	0.007992	0.018347	0.197941	0.198389
randmat_512_0_04.mtx-P64	64	3	512	11	0.758185	0.013884	0.025067	0.797141	0.797972
randmat_512_0_05.mtx-P1	1	3	512	11	0.011625	0.000883	0.000224	0.012753	0.012774
randmat_512_0_05.mtx-P2	2	3	512	11	0.011796	0.001309	0.000799	0.013928	0.013968
randmat_512_0_05.mtx-P4	4	3	512	11	0.011732	0.001207	0.001191	0.014142	0.014187
randmat_512_0_05.mtx-P8	8	3	512	11	0.011815	0.001406	0.002048	0.015279	0.015348
randmat_512_0_05.mtx-P16	16	3	512	11	0.013701	0.001983	0.003049	0.018738	0.018838
randmat_512_0_05.mtx-P32	32	3	512	11	0.163693	0.007930	0.018355	0.189984	0.190424
randmat_512_0_05.mtx-P64	64	3	512	11	0.752256	0.014009	0.025179	0.791452	0.792248
randmat_512_0_1.mtx-P1	1	3	512	10	0.020284	0.000985	0.000209	0.021499	0.021521
randmat_512_0_1.mtx-P2	2	3	512	10	0.020060	0.001288	0.000715	0.022085	0.022124
randmat_512_0_1.mtx-P4	4	3	512	10	0.019149	0.001134	0.001175	0.021466	0.021511
randmat_512_0_1.mtx-P8	8	3	512	10	0.020022	0.001267	0.001849	0.023141	0.023209
randmat_512_0_1.mtx-P16	16	3	512	10	0.020892	0.001896	0.002779	0.025574	0.025674
randmat_512_0_1.mtx-P32	32	3	512	10	0.178895	0.007232	0.016698	0.202830	0.203272
randmat_512_0_1.mtx-P64	64	3	512	10	0.851129	0.013150	0.022904	0.887190	0.887981
randmat_512_0_2.mtx-P1	1	3	512	9	0.036877	0.001197	0.000183	0.038273	0.038296
randmat_512_0_2.mtx-P2	2	3	512	9	0.035941	0.001308	0.000656	0.037916	0.037953
randmat_512_0_2.mtx-P4	4	3	512	9	0.034517	0.001140	0.001045	0.036712	0.036758
randmat_512_0_2.mtx-P8	8	3	512	9	0.034977	0.001235	0.001687	0.037905	0.037974
randmat_512_0_2.mtx-P16	16	3	512	9	0.036519	0.001663	0.002468	0.040657	0.040755
randmat_512_0_2.mtx-P32	32	3	512	9	0.198681	0.006447	0.015008	0.220139	0.220583
randmat_512_0_2.mtx-P64	64	3	512	9	7.784388	0.010351	0.020604	7.815352	7.815976
randmat_1024_0_01.mtx-P1	1	3	1024	12	0.010877	0.001535	0.000281	0.012732	0.012768
randmat_1024_0_01.mtx-P2	2	3	1024	12	0.010815	0.001794	0.000927	0.013565	0.013620
randmat_1024_0_01.mtx-P4	4	3	1024	12	0.010904	0.001495	0.001310	0.013730	0.013784
randmat_1024_0_01.mtx-P8	8	3	1024	12	0.011034	0.001742	0.002208	0.014998	0.015075
randmat_1024_0_01.mtx-P16	16	3	1024	12	0.012224	0.002311	0.003295	0.017834	0.017951
randmat_1024_0_01.mtx-P32	32	3	1024	12	1.208381	0.008931	0.020255	1.237574	1.238038
randmat_1024_0_01.mtx-P64	64	3	1024	12	0.755864	0.012509	0.027421	0.795801	0.796450
randmat_1024_0_02.mtx-P1	1	3	1024	11	0.017542	0.001634	0.000258	0.019484	0.019522
randmat_1024_0_02.mtx-P2	2	3	1024	11	0.017609	0.001987	0.000867	0.020485	0.020533
randmat_1024_0_02.mtx-P4	4	3	1024	11	0.017001	0.001648	0.001366	0.020025	0.020081
randmat_1024_0_02.mtx-P8	8	3	1024	11	0.017670	0.001665	0.002104	0.021449	0.021533
randmat_1024_0_02.mtx-P16	16	3	1024	11	0.018521	0.002194	0.003062	0.023782	0.023896
randmat_1024_0_02.mtx-P32	32	3	1024	11	0.172586	0.008139	0.018244	0.198974	0.199427
randmat_1024_0_02.mtx-P64	64	3	1024	11	0.757706	0.011575	0.025265	0.794552	0.795189
randmat_1024_0_03.mtx-P1	1	3	1024	10	0.024433	0.001595	0.000227	0.026287	0.026323
randmat_1024_0_03.mtx-P2	2	3	1024	10	0.023888	0.002041	0.000794	0.026758	0.026821
randmat_1024_0_03.mtx-P4	4	3	1024	10	0.023568	0.001664	0.001121	0.026369	0.026440
randmat_1024_0_03.mtx-P8	8	3	1024	10	0.023972	0.001643	0.001833	0.027456	0.027536
randmat_1024_0_03.mtx-P16	16	3	1024	10	0.025400	0.002131	0.002739	0.030273	0.030386
randmat_1024_0_03.mtx-P32	32	3	1024	10	0.177399	0.007491	0.016578	0.201479	0.201931
randmat_1024_0_03.mtx-P64	64	3	1024	10	0.782264	0.010460	0.022958	0.815689	0.816309
randmat_1024_0_04.mtx-P1	1	3	1024	10	0.031163	0.001694	0.000242	0.033132	0.033168
randmat_1024_0_04.mtx-P2	2	3	1024	10	0.030206	0.002152	0.000798	0.033191	0.033247
randmat_1024_0_04.mtx-P4	4	3	1024	10	0.028894	0.001496	0.001338	0.031738	0.031794
randmat_1024_0_04.mtx-P8	8	3	1024	10	0.028976	0.001719	0.001860	0.032568	0.032655
randmat_1024_0_04.mtx-P16	16	3	1024	10	0.031686	0.002082	0.002845	0.036621	0.036740
randmat_1024_0_04.mtx-P32	32	3	1024	10	0.188359	0.007617	0.016866	0.212850	0.213306
randmat_1024_0_04.mtx-P64	64	3	1024	10	0.786026	0.010611	0.023050	0.819697	0.820329
randmat_1024_0_05.mtx-P1	1	3	1024	10	0.037726	0.001814	0.000226	0.039801	0.039838
randmat_1024_0_05.mtx-P2	2	3	1024	10	0.036399	0.002085	0.000747	0.039254	0.039304
randmat_1024_0_05.mtx-P4	4	3	1024	10	0.035740	0.001747	0.001187	0.038689	0.038744
randmat_1024_0_05.mtx-P8	8	3	1024	10	0.035721	0.001722	0.001874	0.039326	0.039408
randmat_1024_0_05.mtx-P16	16	3	1024	10	0.037692	0.002211	0.002722	0.042631	0.042743
randmat_1024_0_05.mtx-P32	32	3	1024	10	0.186620	0.007470	0.016731	0.210832	0.211291
randmat_1024_0_05.mtx-P64	64	3	1024	10	0.778794	0.010677	0.022876	0.812356	0.812996
randmat_1024_0_1.mtx-P1	1	3	1024	9	0.071234	0.002253	0.000206	0.073727	0.073763
randmat_1024_0_1.mtx-P2	2	3	1024	9	0.068087	0.002313	0.000680	0.071113	0.071170
randmat_1024_0_1.mtx-P4	4	3	1024	9	0.065479	0.001600	0.001144	0.068229	0.068286
randmat_1024_0_1.mtx-P8	8	3	1024	9	0.064465	0.001654	0.001682	0.067806	0.067891
randmat_1024_0_1.mtx-P16	16	3	1024	9	0.066880	0.001987	0.002516	0.071390	0.071497
randmat_1024_0_1.mtx-P32	32	3	1024	9	0.224239	0.006718	0.015072	0.246034	0.246494
randmat_1024_0_1.mtx-P64	64	3	1024	9	0.787849	0.009493	0.020891	0.818239	0.818873
randmat_1024_0_2.mtx-P1	1	3	1024	8	0.138767	0.003185	0.000179	0.142160	0.142197
randmat_1024_0_2.mtx-P2	2	3	1024	8	0.134031	0.002631	0.000606	0.137294	0.137350
randmat_1024_0_2.mtx-P4	4	3	1024	8	0.124462	0.001646	0.001030	0.127144	0.127200
randmat_1024_0_2.mtx-P8	8	3	1024	8	0.121951	0.001605	0.001475	0.125044	0.125121
randmat_1024_0_2.mtx-P16	16	3	1024	8	0.124329	0.001872	0.002295	0.128503	0.128615
randmat_1024_0_2.mtx-P32	32	3	1024	8	0.287725	0.006244	0.013550	0.307523	0.307974
randmat_1024_0_2.mtx-P64	64	3	1024	8	0.876243	0.008792	0.018434	0.903475	0.904126
randmat_2048_0_01.mtx-P1	1	3	2048	11	0.033655	0.003099	0.000300	0.037127	0.037193
randmat_2048_0_01.mtx-P2	2	3	2048	11	0.033001	0.003539	0.000902	0.037490	0.037562
randmat_2048_0_01.mtx-P4	4	3	2048	11	0.031536	0.002844	0.001457	0.035873	0.035960
randmat_2048_0_01.mtx-P8	8	3	2048	11	0.031618	0.002444	0.002035	0.036111	0.036207
randmat_2048_0_01.mtx-P16	16	3	2048	11	0.033259	0.002649	0.003063	0.038986	0.039122
randmat_2048_0_01.mtx-P32	32	3	2048	11	0.187836	0.008447	0.018399	0.214695	0.215176
randmat_2048_0_01.mtx-P64	64	3	2048	11	0.811957	0.011950	0.025095	0.849013	0.849673
randmat_2048_0_02.mtx-P1	1	3	2048	10	0.060389	0.003271	0.000274	0.063992	0.064057
randmat_2048_0_02.mtx-P2	2	3	2048	10	0.058615	0.003525	0.000803	0.062985	0.063058
randmat_2048_0_02.mtx-P4	4	3	2048	10	0.055161	0.002680	0.001303	0.059171	0.059244
randmat_2048_0_02.mtx-P8	8	3	2048	10	0.054664	0.002442	0.001824	0.058948	0.059046
randmat_2048_0_02.mtx-P16	16	3	2048	10	0.057806	0.002696	0.002851	0.063361	0.063495
randmat_2048_0_02.mtx-P32	32	3	2048	10	0.208406	0.008049	0.016636	0.233100	0.233576
randmat_2048_0_02.mtx-P64	64	3	2048	10	0.826209	0.011405	0.022879	0.860504	0.861170
randmat_2048_0_03.mtx-P1	1	3	2048	9	0.088748	0.003454	0.000240	0.092501	0.092566
randmat_2048_0_03.mtx-P2	2	3	2048	9	0.085289	0.003469	0.000717	0.089509	0.089583
randmat_2048_0_03.mtx-P4	4	3	2048	9	0.080924	0.002649	0.001083	0.084678	0.084754
randmat_2048_0_03.mtx-P8	8	3	2048	9	0.079731	0.002257	0.001762	0.083760	0.083853
randmat_2048_0_03.mtx-P16	16	3	2048	9	0.081395	0.002598	0.002558	0.086559	0.086689
randmat_2048_0_03.mtx-P32	32	3	2048	9	0.240283	0.007738	0.015809	0.263839	0.264319
randmat_2048_0_03.mtx-P64	64	3	2048	9	0.826981	0.010260	0.020516	0.857770	0.858430
randmat_2048_0_04.mtx-P1	1	3	2048	9	0.116806	0.003971	0.000242	0.121079	0.121144
randmat_2048_0_04.mtx-P2	2	3	2048	9	0.112624	0.003967	0.000793	0.117442	0.117529
randmat_2048_0_04.mtx-P4	4	3	2048	9	0.103803	0.002652	0.001048	0.107530	0.107607
randmat_2048_0_04.mtx-P8	8	3	2048	9	0.103622	0.002338	0.001659	0.107632	0.107724
randmat_2048_0_04.mtx-P16	16	3	2048	9	0.104822	0.002474	0.002579	0.109885	0.110016
randmat_2048_0_04.mtx-P32	32	3	2048	9	0.264578	0.007314	0.015167	0.287069	0.287549
randmat_2048_0_04.mtx-P64	64	3	2048	9	0.851230	0.010263	0.020943	0.882445	0.883083
randmat_2048_0_05.mtx-P1	1	3	2048	9	0.142720	0.004481	0.000250	0.147508	0.147574
randmat_2048_0_05.mtx-P2	2	3	2048	9	0.137691	0.004217	0.000813	0.142782	0.142869
randmat_2048_0_05.mtx-P4	4	3	2048	9	0.129183	0.002818	0.001034	0.133054	0.133131
randmat_2048_0_05.mtx-P8	8	3	2048	9	0.125922	0.002355	0.001673	0.129962	0.130057
randmat_2048_0_05.mtx-P16	16	3	2048	9	0.126725	0.002526	0.002500	0.131760	0.131896
randmat_2048_0_05.mtx-P32	32	3	2048	9	0.276391	0.007452	0.015016	0.298867	0.299338
randmat_2048_0_05.mtx-P64	64	3	2048	9	0.852225	0.010331	0.020553	0.883116	0.883789
randmat_2048_0_1.mtx-P1	1	3	2048	8	0.280927	0.006334	0.000217	0.287532	0.287598
randmat_2048_0_1.mtx-P2	2	3	2048	8	0.275262	0.004858	0.000658	0.280816	0.280891
randmat_2048_0_1.mtx-P4	4	3	2048	8	0.257311	0.002897	0.001031	0.261258	0.261332
randmat_2048_0_1.mtx-P8	8	3	2048	8	0.248048	0.002438	0.001465	0.251962	0.252063
randmat_2048_0_1.mtx-P16	16	3	2048	8	0.240955	0.002324	0.002199	0.245485	0.245614
randmat_2048_0_1.mtx-P32	32	3	2048	8	0.390749	0.006599	0.013398	0.410754	0.411228
randmat_2048_0_1.mtx-P64	64	3	2048	8	1.012955	0.009135	0.018677	1.040772	1.041504
randmat_2048_0_2.mtx-P1	1	3	2048	7	0.585417	0.009562	0.000192	0.595215	0.595280
randmat_2048_0_2.mtx-P2	2	3	2048	7	0.532921	0.006345	0.000585	0.539880	0.539959
randmat_2048_0_2.mtx-P4	4	3	2048	7	0.495246	0.003583	0.000909	0.499748	0.499823
randmat_2048_0_2.mtx-P8	8	3	2048	7	0.488482	0.002530	0.001396	0.492414	0.492511
randmat_2048_0_2.mtx-P16	16	3	2048	7	0.471047	0.002191	0.002097	0.475340	0.475474
randmat_2048_0_2.mtx-P32	32	3	2048	7	0.613820	0.005844	0.011889	0.631558	0.632092
randmat_2048_0_2.mtx-P64	64	3	2048	7	1.195632	0.008322	0.016105	1.220064	1.220731
randmat_4096_0_01.mtx-P1	1	3	4096	10	0.118482	0.006644	0.000352	0.125626	0.125755
randmat_4096_0_01.mtx-P2	2	3	4096	10	0.114682	0.007568	0.000930	0.123312	0.123459
randmat_4096_0_01.mtx-P4	4	3	4096	10	0.106779	0.004111	0.002136	0.113039	0.113152
randmat_4096_0_01.mtx-P8	8	3	4096	10	0.104563	0.003599	0.002083	0.110260	0.110388
randmat_4096_0_01.mtx-P16	16	3	4096	10	0.106195	0.003625	0.003033	0.112867	0.113036
randmat_4096_0_01.mtx-P32	32	3	4096	10	0.258704	0.012138	0.017675	0.288532	0.289030
randmat_4096_0_01.mtx-P64	64	3	4096	10	0.855704	0.016126	0.027658	0.899501	0.900327
randmat_4096_0_02.mtx-P1	1	3	4096	9	0.235454	0.008047	0.000324	0.243940	0.244064
randmat_4096_0_02.mtx-P2	2	3	4096	9	0.220737	0.007508	0.000801	0.229112	0.229235
randmat_4096_0_02.mtx-P4	4	3	4096	9	0.210202	0.004760	0.001083	0.216080	0.216196
randmat_4096_0_02.mtx-P8	8	3	4096	9	0.199211	0.003452	0.001911	0.204587	0.204720
randmat_4096_0_02.mtx-P16	16	3	4096	9	0.201004	0.003474	0.002476	0.206968	0.207133
randmat_4096_0_02.mtx-P32	32	3	4096	9	0.343854	0.010280	0.016182	0.370328	0.370839
randmat_4096_0_02.mtx-P64	64	3	4096	9	0.922887	0.015141	0.025293	0.963328	0.964140
randmat_4096_0_03.mtx-P1	1	3	4096	9	0.341565	0.010348	0.000316	0.352343	0.352469
randmat_4096_0_03.mtx-P2	2	3	4096	9	0.327798	0.009625	0.000856	0.338394	0.338542
randmat_4096_0_03.mtx-P4	4	3	4096	9	0.310826	0.004894	0.001489	0.317233	0.317354
randmat_4096_0_03.mtx-P8	8	3	4096	9	0.300054	0.003695	0.001936	0.305699	0.305829
randmat_4096_0_03.mtx-P16	16	3	4096	9	0.296537	0.003629	0.002549	0.302727	0.302900
randmat_4096_0_03.mtx-P32	32	3	4096	9	0.450055	0.010178	0.015948	0.476190	0.476712
randmat_4096_0_03.mtx-P64	64	3	4096	9	1.045182	0.015205	0.025081	1.085472	1.086289
randmat_4096_0_04.mtx-P1	1	3	4096	8	0.470220	0.011232	0.000279	0.481837	0.481961
randmat_4096_0_04.mtx-P2	2	3	4096	8	0.438432	0.009331	0.000751	0.448617	0.448763
randmat_4096_0_04.mtx-P4	4	3	4096	8	0.415100	0.004769	0.001305	0.421193	0.421310
randmat_4096_0_04.mtx-P8	8	3	4096	8	0.391246	0.003604	0.001704	0.396566	0.396693
randmat_4096_0_04.mtx-P16	16	3	4096	8	0.392907	0.003075	0.002613	0.398600	0.398809
randmat_4096_0_04.mtx-P32	32	3	4096	8	0.527915	0.009060	0.014351	0.551334	0.551871
randmat_4096_0_04.mtx-P64	64	3	4096	8	1.150575	0.014136	0.022442	1.187158	1.187968
randmat_4096_0_05.mtx-P1	1	3	4096	8	0.577615	0.013201	0.000286	0.591203	0.591327
randmat_4096_0_05.mtx-P2	2	3	4096	8	0.536039	0.010274	0.000747	0.547160	0.547305
randmat_4096_0_05.mtx-P4	4	3	4096	8	0.511732	0.005641	0.001023	0.518428	0.518548
randmat_4096_0_05.mtx-P8	8	3	4096	8	0.492478	0.003969	0.001550	0.498015	0.498148
randmat_4096_0_05.mtx-P16	16	3	4096	8	0.484171	0.003443	0.002213	0.489836	0.490002
randmat_4096_0_05.mtx-P32	32	3	4096	8	0.619567	0.009487	0.014138	0.643203	0.643705
randmat_4096_0_05.mtx-P64	64	3	4096	8	1.209003	0.013292	0.022231	1.244535	1.245351
randmat_4096_0_1.mtx-P1	1	3	4096	7	1.239867	0.021249	0.000254	1.261464	1.261594
randmat_4096_0_1.mtx-P2	2	3	4096	7	1.089565	0.013458	0.000620	1.103700	1.103825
randmat_4096_0_1.mtx-P4	4	3	4096	7	1.024332	0.006830	0.001089	1.032268	1.032382
randmat_4096_0_1.mtx-P8	8	3	4096	7	0.973844	0.004708	0.001449	0.980014	0.980145
randmat_4096_0_1.mtx-P16	16	3	4096	7	0.957269	0.003429	0.002077	0.962781	0.962955
randmat_4096_0_1.mtx-P32	32	3	4096	7	1.063873	0.008523	0.012477	1.084880	1.085391
randmat_4096_0_1.mtx-P64	64	3	4096	7	1.695627	0.012400	0.019611	1.727644	1.728507
randmat_4096_0_2.mtx-P1	1	3	4096	7	2.439167	0.042762	0.000246	2.482274	2.482399
randmat_4096_0_2.mtx-P2	2	3	4096	7	2.162076	0.023218	0.000716	2.186068	2.186193
randmat_4096_0_2.mtx-P4	4	3	4096	7	2.000042	0.011565	0.000916	2.012549	2.012670
randmat_4096_0_2.mtx-P8	8	3	4096	7	1.950061	0.006788	0.001338	1.958204	1.958331
randmat_4096_0_2.mtx-P16	16	3	4096	7	1.898605	0.004825	0.001996	1.905439	1.905618
randmat_4096_0_2.mtx-P32	32	3	4096	7	2.012038	0.009109	0.012508	2.033660	2.034208
randmat_4096_0_2.mtx-P64	64	3	4096	7	2.587359	0.012178	0.019805	2.619349	2.620215
