Running on Cartesius 

[1;31mtime	Thu Jan  8 13:44:52 CET 2015[0;39m
mat_name\tp\tn\tk\ttime_init\ttime_mv\ttime_ip\ttime_done\ttime_total
randmat_64_0_01.mtx-P1	1	64	100	0.024414	15	0.001634	0.000817	0.000030	0.002481	0.000009	0.000351	0.000457
randmat_64_0_01.mtx-P2	2	64	100	0.024414	16	0.002063	0.002799	0.000034	0.004896	0.000019	0.000973	0.001807
randmat_64_0_01.mtx-P4	4	64	100	0.024414	15	0.002320	0.003522	0.000045	0.005887	0.000007	0.001220	0.002295
randmat_64_0_01.mtx-P8	8	64	100	0.024414	15	0.003517	0.004781	0.000064	0.008362	0.000007	0.001762	0.003012
randmat_64_0_02.mtx-P1	1	64	134	0.032715	23	0.001534	0.001393	0.000068	0.002995	0.000012	0.000602	0.000779
randmat_64_0_02.mtx-P2	2	64	134	0.032715	22	0.001792	0.003819	0.000028	0.005639	0.000013	0.001336	0.002470
randmat_64_0_02.mtx-P4	4	64	134	0.032715	22	0.002323	0.005022	0.000041	0.007386	0.000010	0.001861	0.003151
randmat_64_0_03.mtx-P1	1	64	178	0.043457	15	0.001704	0.000780	0.000010	0.002494	0.000045	0.000310	0.000425
randmat_64_0_03.mtx-P2	2	64	178	0.043457	15	0.001973	0.002651	0.000032	0.004656	0.000009	0.001022	0.001620
randmat_64_0_03.mtx-P4	4	64	178	0.043457	15	0.002456	0.003527	0.000040	0.006023	0.000010	0.001343	0.002174
randmat_64_0_04.mtx-P1	1	64	218	0.053223	19	0.001697	0.001159	0.000015	0.002871	0.000019	0.000492	0.000648
randmat_64_0_04.mtx-P2	2	64	218	0.053223	19	0.001957	0.003301	0.000032	0.005290	0.000012	0.001285	0.002004
randmat_64_0_04.mtx-P4	4	64	218	0.053223	19	0.002321	0.004228	0.000058	0.006607	0.000009	0.001621	0.002598
randmat_64_0_05.mtx-P1	1	64	258	0.062988	16	0.001683	0.000898	0.000009	0.002590	0.000010	0.000417	0.000472
randmat_64_0_05.mtx-P2	2	64	258	0.062988	16	0.002095	0.002763	0.000031	0.004889	0.000008	0.000967	0.001788
randmat_64_0_05.mtx-P4	4	64	258	0.062988	16	0.002584	0.003515	0.000041	0.006140	0.000012	0.001416	0.002086
randmat_64_0_05.mtx-P8	8	64	258	0.062988	16	0.003719	0.005061	0.000063	0.008843	0.000014	0.001920	0.003127
randmat_64_0_1.mtx-P1	1	64	466	0.113770	14	0.001763	0.000864	0.000019	0.002646	0.000061	0.000411	0.000393
randmat_64_0_1.mtx-P2	2	64	466	0.113770	14	0.002377	0.002478	0.000029	0.004884	0.000012	0.000796	0.001670
randmat_64_0_1.mtx-P4	4	64	466	0.113770	14	0.002578	0.003286	0.000046	0.005910	0.000010	0.001190	0.002086
randmat_64_0_1.mtx-P8	8	64	466	0.113770	14	0.003778	0.004382	0.000106	0.008266	0.000011	0.001576	0.002795
randmat_64_0_1.mtx-P16	16	64	466	0.113770	14	0.004983	0.006464	0.000092	0.011539	0.000007	0.002331	0.004126
randmat_64_0_2.mtx-P1	1	64	874	0.213379	13	0.002261	0.000687	0.000010	0.002958	0.000023	0.000311	0.000353
randmat_64_0_2.mtx-P2	2	64	874	0.213379	13	0.002724	0.002258	0.000038	0.005020	0.000028	0.000868	0.001362
randmat_64_0_2.mtx-P4	4	64	874	0.213379	13	0.003119	0.002969	0.000041	0.006129	0.000006	0.001178	0.001785
randmat_64_0_2.mtx-P8	8	64	874	0.213379	13	0.004195	0.004125	0.000082	0.008402	0.000004	0.001506	0.002614
randmat_128_0_01.mtx-P1	1	128	282	0.017212	19	0.001804	0.001465	0.000012	0.003281	0.000019	0.000754	0.000692
randmat_128_0_01.mtx-P2	2	128	282	0.017212	19	0.001948	0.003312	0.000030	0.005290	0.000015	0.001198	0.002099
randmat_128_0_01.mtx-P4	4	128	282	0.017212	19	0.002511	0.004126	0.000059	0.006696	0.000016	0.001417	0.002693
randmat_128_0_01.mtx-P8	8	128	282	0.017212	19	0.003871	0.006008	0.000066	0.009945	0.000015	0.002141	0.003852
randmat_128_0_02.mtx-P1	1	128	438	0.026733	16	0.001810	0.001398	0.000015	0.003223	0.000019	0.000716	0.000663
randmat_128_0_02.mtx-P2	2	128	438	0.026733	16	0.002475	0.002755	0.000034	0.005264	0.000014	0.001172	0.001569
randmat_128_0_02.mtx-P4	4	128	438	0.026733	17	0.002608	0.004007	0.000047	0.006662	0.000009	0.001595	0.002403
randmat_128_0_03.mtx-P1	1	128	632	0.038574	14	0.002099	0.001168	0.000013	0.003280	0.000014	0.000554	0.000600
randmat_128_0_03.mtx-P2	2	128	632	0.038574	14	0.002446	0.002544	0.000051	0.005041	0.000073	0.001050	0.001421
randmat_128_0_03.mtx-P4	4	128	632	0.038574	14	0.002953	0.003160	0.000043	0.006156	0.000009	0.001234	0.001917
randmat_128_0_03.mtx-P8	8	128	632	0.038574	14	0.004119	0.004458	0.000065	0.008642	0.000008	0.001587	0.002863
randmat_128_0_03.mtx-P16	16	128	632	0.038574	14	0.005131	0.006548	0.000096	0.011775	0.000010	0.002486	0.004052
randmat_128_0_04.mtx-P1	1	128	792	0.048340	15	0.002239	0.001042	0.000060	0.003341	0.000018	0.000585	0.000438
randmat_128_0_04.mtx-P2	2	128	792	0.048340	15	0.002711	0.002577	0.000038	0.005326	0.000013	0.001153	0.001410
randmat_128_0_04.mtx-P4	4	128	792	0.048340	15	0.003036	0.003357	0.000049	0.006442	0.000008	0.001207	0.002142
randmat_128_0_04.mtx-P8	8	128	792	0.048340	15	0.004076	0.004782	0.000071	0.008929	0.000010	0.001812	0.002960
randmat_128_0_05.mtx-P1	1	128	942	0.057495	15	0.002374	0.001129	0.000013	0.003516	0.000015	0.000614	0.000499
randmat_128_0_05.mtx-P2	2	128	942	0.057495	15	0.002849	0.002514	0.000030	0.005393	0.000011	0.000997	0.001506
randmat_128_0_05.mtx-P4	4	128	942	0.057495	15	0.003325	0.003369	0.000043	0.006737	0.000005	0.001464	0.001900
randmat_128_0_05.mtx-P8	8	128	942	0.057495	15	0.004241	0.004752	0.000069	0.009062	0.000010	0.001797	0.002945
randmat_128_0_05.mtx-P16	16	128	942	0.057495	15	0.005411	0.006913	0.000095	0.012419	0.000012	0.002500	0.004401
randmat_128_0_1.mtx-P1	1	128	1724	0.105225	13	0.003016	0.000940	0.000012	0.003968	0.000015	0.000603	0.000322
randmat_128_0_1.mtx-P2	2	128	1724	0.105225	13	0.003566	0.002101	0.000051	0.005718	0.000022	0.000919	0.001160
randmat_128_0_1.mtx-P4	4	128	1724	0.105225	13	0.003673	0.002981	0.000042	0.006696	0.000015	0.001035	0.001931
randmat_128_0_1.mtx-P8	8	128	1724	0.105225	13	0.004614	0.004214	0.000132	0.008960	0.000008	0.001584	0.002622
randmat_128_0_1.mtx-P16	16	128	1724	0.105225	13	0.006088	0.006143	0.000099	0.012330	0.000008	0.002311	0.003824
randmat_128_0_1.mtx-P32	32	128	1724	0.105225	13	0.066355	0.035148	0.000546	0.102049	0.000009	0.013671	0.021468
randmat_128_0_2.mtx-P1	1	128	3394	0.207153	12	0.004519	0.000739	0.000012	0.005270	0.000019	0.000413	0.000307
randmat_128_0_2.mtx-P2	2	128	3394	0.207153	12	0.004668	0.001906	0.000037	0.006611	0.000007	0.000861	0.001038
randmat_128_0_2.mtx-P4	4	128	3394	0.207153	12	0.004879	0.002604	0.000042	0.007525	0.000005	0.000921	0.001678
randmat_128_0_2.mtx-P8	8	128	3394	0.207153	12	0.005498	0.004151	0.000068	0.009717	0.000011	0.001662	0.002478
randmat_128_0_2.mtx-P16	16	128	3394	0.207153	12	0.007279	0.005360	0.000096	0.012735	0.000011	0.002003	0.003345
randmat_128_0_2.mtx-P32	32	128	3394	0.207153	12	0.064988	0.032752	0.000547	0.098287	0.000004	0.012805	0.019943
randmat_256_0_01.mtx-P1	1	256	904	0.013794	15	0.002254	0.001565	0.000038	0.003857	0.000023	0.001008	0.000534
randmat_256_0_01.mtx-P2	2	256	904	0.013794	16	0.002988	0.002740	0.000035	0.005763	0.000013	0.001081	0.001646
randmat_256_0_01.mtx-P4	4	256	904	0.013794	15	0.003192	0.003297	0.000045	0.006534	0.000023	0.001302	0.001972
randmat_256_0_01.mtx-P8	8	256	904	0.013794	15	0.004277	0.004791	0.000078	0.009146	0.000005	0.001714	0.003073
randmat_256_0_01.mtx-P16	16	256	904	0.013794	15	0.005587	0.006950	0.000098	0.012635	0.000007	0.002597	0.004346
randmat_256_0_01.mtx-P32	32	256	904	0.013794	15	0.064794	0.040146	0.000613	0.105553	0.000005	0.015351	0.024790
randmat_256_0_02.mtx-P1	1	256	1554	0.023712	15	0.002967	0.001224	0.000017	0.004208	0.000032	0.000772	0.000420
randmat_256_0_02.mtx-P2	2	256	1554	0.023712	15	0.003366	0.002554	0.000036	0.005956	0.000017	0.001148	0.001389
randmat_256_0_02.mtx-P4	4	256	1554	0.023712	15	0.003841	0.003185	0.000045	0.007071	0.000012	0.001219	0.001955
randmat_256_0_02.mtx-P8	8	256	1554	0.023712	15	0.004535	0.004976	0.000069	0.009580	0.000012	0.001836	0.003128
randmat_256_0_02.mtx-P16	16	256	1554	0.023712	15	0.006037	0.006886	0.000097	0.013020	0.000009	0.002439	0.004437
randmat_256_0_02.mtx-P32	32	256	1554	0.023712	15	0.067979	0.038627	0.000619	0.107225	0.000006	0.013703	0.024918
randmat_256_0_02.mtx-P64	64	256	1554	0.023712	15	0.106830	0.053924	0.000743	0.161497	0.000011	0.020127	0.033786
randmat_256_0_03.mtx-P1	1	256	2218	0.033844	13	0.003674	0.000880	0.000037	0.004591	0.000015	0.000546	0.000319
randmat_256_0_03.mtx-P2	2	256	2218	0.033844	13	0.004053	0.002272	0.000036	0.006361	0.000014	0.000984	0.001274
randmat_256_0_03.mtx-P4	4	256	2218	0.033844	13	0.004202	0.003012	0.000046	0.007260	0.000021	0.001301	0.001690
randmat_256_0_03.mtx-P8	8	256	2218	0.033844	13	0.004869	0.004350	0.000069	0.009288	0.000005	0.001605	0.002739
randmat_256_0_03.mtx-P16	16	256	2218	0.033844	13	0.006662	0.005934	0.000098	0.012694	0.000011	0.002252	0.003671
randmat_256_0_03.mtx-P32	32	256	2218	0.033844	13	0.064986	0.036107	0.000582	0.101675	0.000009	0.014697	0.021401
randmat_256_0_04.mtx-P1	1	256	2864	0.043701	12	0.004694	0.000838	0.000017	0.005549	0.000010	0.000509	0.000319
randmat_256_0_04.mtx-P2	2	256	2864	0.043701	12	0.004491	0.001957	0.000034	0.006482	0.000042	0.000873	0.001041
randmat_256_0_04.mtx-P4	4	256	2864	0.043701	12	0.004699	0.002567	0.000045	0.007311	0.000009	0.001057	0.001501
randmat_256_0_04.mtx-P8	8	256	2864	0.043701	12	0.005374	0.004218	0.000075	0.009667	0.000019	0.001576	0.002623
randmat_256_0_04.mtx-P16	16	256	2864	0.043701	12	0.007062	0.005560	0.000105	0.012727	0.000012	0.002122	0.003426
randmat_256_0_04.mtx-P32	32	256	2864	0.043701	12	1.101417	0.033830	0.000614	1.135861	0.000005	0.013905	0.019920
randmat_256_0_04.mtx-P64	64	256	2864	0.043701	12	0.110301	0.044352	0.000742	0.155395	0.000008	0.016536	0.027808
randmat_256_0_05.mtx-P1	1	256	3510	0.053558	12	0.004648	0.000877	0.000020	0.005545	0.000013	0.000589	0.000275
randmat_256_0_05.mtx-P2	2	256	3510	0.053558	12	0.004960	0.002031	0.000034	0.007025	0.000018	0.000967	0.001046
randmat_256_0_05.mtx-P4	4	256	3510	0.053558	12	0.005082	0.002833	0.000045	0.007960	0.000010	0.001212	0.001611
randmat_256_0_05.mtx-P8	8	256	3510	0.053558	12	0.005748	0.004215	0.000070	0.010033	0.000005	0.001632	0.002578
randmat_256_0_05.mtx-P16	16	256	3510	0.053558	12	0.007396	0.005582	0.000114	0.013092	0.000009	0.002096	0.003477
randmat_256_0_05.mtx-P32	32	256	3510	0.053558	12	0.067341	0.032924	0.000587	0.100852	0.000006	0.013013	0.019905
randmat_256_0_1.mtx-P1	1	256	6720	0.102539	11	0.006989	0.000957	0.000021	0.007967	0.000011	0.000658	0.000288
randmat_256_0_1.mtx-P2	2	256	6720	0.102539	11	0.007405	0.002017	0.000036	0.009458	0.000013	0.000999	0.001005
randmat_256_0_1.mtx-P4	4	256	6720	0.102539	11	0.006990	0.002586	0.000044	0.009620	0.000007	0.001034	0.001545
randmat_256_0_1.mtx-P8	8	256	6720	0.102539	11	0.007784	0.003629	0.000074	0.011487	0.000010	0.001309	0.002311
randmat_256_0_1.mtx-P16	16	256	6720	0.102539	11	0.009271	0.004923	0.000104	0.014298	0.000007	0.001849	0.003066
randmat_256_0_1.mtx-P32	32	256	6720	0.102539	11	0.175098	0.030542	0.000618	0.206258	0.000006	0.012197	0.018339
randmat_256_0_1.mtx-P64	64	256	6720	0.102539	11	0.112853	0.040566	0.000738	0.154157	0.000005	0.015491	0.025070
randmat_256_0_2.mtx-P1	1	256	13250	0.202179	10	0.011212	0.000814	0.000017	0.012043	0.000009	0.000583	0.000223
randmat_256_0_2.mtx-P2	2	256	13250	0.202179	10	0.011315	0.001671	0.000037	0.013023	0.000012	0.000880	0.000779
randmat_256_0_2.mtx-P4	4	256	13250	0.202179	10	0.011370	0.002030	0.000045	0.013445	0.000006	0.000856	0.001168
randmat_256_0_2.mtx-P8	8	256	13250	0.202179	10	0.011522	0.003091	0.000067	0.014680	0.000003	0.001212	0.001876
randmat_256_0_2.mtx-P16	16	256	13250	0.202179	10	0.013075	0.004574	0.000099	0.017748	0.000003	0.001738	0.002833
randmat_256_0_2.mtx-P32	32	256	13250	0.202179	10	0.175921	0.026254	0.000597	0.202772	0.000009	0.009537	0.016707
randmat_256_0_2.mtx-P64	64	256	13250	0.202179	10	0.770828	0.036691	0.000733	0.808252	0.000005	0.014182	0.022504
randmat_512_0_01.mtx-P1	1	512	3064	0.011688	14	0.004591	0.001449	0.000023	0.006063	0.000031	0.001013	0.000405
randmat_512_0_01.mtx-P2	2	512	3064	0.011688	14	0.004799	0.002468	0.000040	0.007307	0.000023	0.001230	0.001215
randmat_512_0_01.mtx-P4	4	512	3064	0.011688	14	0.004886	0.003248	0.000097	0.008231	0.000015	0.001237	0.001997
randmat_512_0_01.mtx-P8	8	512	3064	0.011688	14	0.005581	0.004879	0.000082	0.010542	0.000012	0.001833	0.003034
randmat_512_0_01.mtx-P16	16	512	3064	0.011688	14	0.007337	0.006442	0.000125	0.013904	0.000009	0.002453	0.003981
randmat_512_0_01.mtx-P32	32	512	3064	0.011688	14	0.066965	0.033319	0.000442	0.100726	0.000007	0.009957	0.023355
randmat_512_0_01.mtx-P64	64	512	3064	0.011688	14	0.108735	0.049997	0.000842	0.159574	0.000010	0.017657	0.032329
randmat_512_0_02.mtx-P1	1	512	5580	0.021286	13	0.006327	0.001423	0.000030	0.007780	0.000024	0.001068	0.000331
randmat_512_0_02.mtx-P2	2	512	5580	0.021286	13	0.006861	0.002569	0.000042	0.009472	0.000017	0.001456	0.001096
randmat_512_0_02.mtx-P4	4	512	5580	0.021286	13	0.006541	0.003352	0.000048	0.009941	0.000014	0.001427	0.001911
randmat_512_0_02.mtx-P8	8	512	5580	0.021286	13	0.007137	0.004562	0.000070	0.011769	0.000006	0.001983	0.002573
randmat_512_0_02.mtx-P16	16	512	5580	0.021286	13	0.008802	0.006108	0.000104	0.015014	0.000007	0.002336	0.003765
randmat_512_0_02.mtx-P32	32	512	5580	0.021286	13	0.170392	0.032577	0.000446	0.203415	0.000014	0.010669	0.021894
randmat_512_0_02.mtx-P64	64	512	5580	0.021286	13	0.110559	0.048047	0.000828	0.159434	0.000008	0.018461	0.029579
randmat_512_0_03.mtx-P1	1	512	8228	0.031387	12	0.008087	0.001302	0.000024	0.009413	0.000042	0.000926	0.000334
randmat_512_0_03.mtx-P2	2	512	8228	0.031387	12	0.008534	0.002422	0.000041	0.010997	0.000019	0.001441	0.000962
randmat_512_0_03.mtx-P4	4	512	8228	0.031387	12	0.008423	0.002964	0.000050	0.011437	0.000015	0.001359	0.001591
randmat_512_0_03.mtx-P8	8	512	8228	0.031387	12	0.008749	0.004037	0.000073	0.012859	0.000009	0.001676	0.002352
randmat_512_0_03.mtx-P16	16	512	8228	0.031387	12	0.010380	0.005487	0.000106	0.015973	0.000007	0.002176	0.003304
randmat_512_0_03.mtx-P32	32	512	8228	0.031387	12	0.163781	0.030205	0.000448	0.194434	0.000010	0.010090	0.020106
randmat_512_0_03.mtx-P64	64	512	8228	0.031387	12	0.113730	0.044391	0.000789	0.158910	0.000012	0.017129	0.027250
randmat_512_0_04.mtx-P1	1	512	10808	0.041229	11	0.009961	0.001159	0.000023	0.011143	0.000022	0.000859	0.000278
randmat_512_0_04.mtx-P2	2	512	10808	0.041229	11	0.010157	0.002106	0.000040	0.012303	0.000016	0.001212	0.000878
randmat_512_0_04.mtx-P4	4	512	10808	0.041229	11	0.010214	0.002518	0.000050	0.012782	0.000010	0.001187	0.001321
randmat_512_0_04.mtx-P8	8	512	10808	0.041229	11	0.010342	0.003534	0.000072	0.013948	0.000008	0.001463	0.002063
randmat_512_0_04.mtx-P16	16	512	10808	0.041229	11	0.011696	0.005085	0.000104	0.016885	0.000007	0.002024	0.003054
randmat_512_0_04.mtx-P32	32	512	10808	0.041229	11	0.173416	0.026444	0.000455	0.200315	0.000014	0.008010	0.018420
randmat_512_0_04.mtx-P64	64	512	10808	0.041229	11	0.747607	0.039267	0.000846	0.787720	0.000003	0.014048	0.025216
randmat_512_0_05.mtx-P1	1	512	13388	0.051071	11	0.011587	0.001139	0.000023	0.012749	0.000024	0.000875	0.000240
randmat_512_0_05.mtx-P2	2	512	13388	0.051071	11	0.011787	0.002203	0.000046	0.014036	0.000021	0.001314	0.000868
randmat_512_0_05.mtx-P4	4	512	13388	0.051071	11	0.011738	0.002591	0.000051	0.014380	0.000011	0.001273	0.001307
randmat_512_0_05.mtx-P8	8	512	13388	0.051071	11	0.011881	0.003533	0.000072	0.015486	0.000010	0.001415	0.002109
randmat_512_0_05.mtx-P16	16	512	13388	0.051071	11	0.013324	0.005118	0.000101	0.018543	0.000009	0.001975	0.003134
randmat_512_0_05.mtx-P32	32	512	13388	0.051071	11	0.171163	0.027157	0.000435	0.198755	0.000008	0.008300	0.018849
randmat_512_0_05.mtx-P64	64	512	13388	0.051071	11	0.761531	0.039356	0.000794	0.801681	0.000007	0.014154	0.025195
randmat_512_0_1.mtx-P1	1	512	26324	0.100418	10	0.019973	0.001233	0.000022	0.021228	0.000017	0.000992	0.000225
randmat_512_0_1.mtx-P2	2	512	26324	0.100418	10	0.019582	0.002172	0.000051	0.021805	0.000023	0.001338	0.000811
randmat_512_0_1.mtx-P4	4	512	26324	0.100418	10	0.019115	0.002404	0.000049	0.021568	0.000008	0.001177	0.001219
randmat_512_0_1.mtx-P8	8	512	26324	0.100418	10	0.019796	0.003227	0.000072	0.023095	0.000007	0.001309	0.001911
randmat_512_0_1.mtx-P16	16	512	26324	0.100418	10	0.020511	0.004782	0.000103	0.025396	0.000005	0.001919	0.002857
randmat_512_0_1.mtx-P32	32	512	26324	0.100418	10	0.179587	0.024028	0.000457	0.204072	0.000007	0.007279	0.016742
randmat_512_0_1.mtx-P64	64	512	26324	0.100418	10	0.798207	0.036063	0.000799	0.835069	0.000012	0.013141	0.022910
randmat_512_0_2.mtx-P1	1	512	52146	0.198921	9	0.037077	0.001452	0.000023	0.038552	0.000017	0.001225	0.000210
randmat_512_0_2.mtx-P2	2	512	52146	0.198921	9	0.035550	0.002042	0.000040	0.037632	0.000015	0.001315	0.000712
randmat_512_0_2.mtx-P4	4	512	52146	0.198921	9	0.033896	0.002278	0.000051	0.036225	0.000007	0.001153	0.001118
randmat_512_0_2.mtx-P8	8	512	52146	0.198921	9	0.034403	0.003061	0.000074	0.037538	0.000006	0.001285	0.001770
randmat_512_0_2.mtx-P16	16	512	52146	0.198921	9	0.036583	0.004232	0.000101	0.040916	0.000010	0.001704	0.002519
randmat_512_0_2.mtx-P32	32	512	52146	0.198921	9	0.191068	0.021566	0.000452	0.213086	0.000006	0.006485	0.015075
randmat_512_0_2.mtx-P64	64	512	52146	0.198921	9	6.749290	0.031120	0.000623	6.781033	0.000006	0.010444	0.020670
randmat_1024_0_01.mtx-P1	1	1024	11490	0.010958	12	0.010732	0.001980	0.000042	0.012754	0.000040	0.001631	0.000309
randmat_1024_0_01.mtx-P2	2	1024	11490	0.010958	12	0.010903	0.002881	0.000054	0.013838	0.000028	0.001828	0.001025
randmat_1024_0_01.mtx-P4	4	1024	11490	0.010958	12	0.010847	0.002979	0.000060	0.013886	0.000019	0.001570	0.001389
randmat_1024_0_01.mtx-P8	8	1024	11490	0.010958	12	0.010948	0.004150	0.000080	0.015178	0.000012	0.001794	0.002344
randmat_1024_0_01.mtx-P16	16	1024	11490	0.010958	12	0.012417	0.005770	0.000123	0.018310	0.000007	0.002321	0.003443
randmat_1024_0_01.mtx-P32	32	1024	11490	0.010958	12	0.178680	0.028827	0.000458	0.207965	0.000015	0.008800	0.020012
randmat_1024_0_01.mtx-P64	64	1024	11490	0.010958	12	0.781495	0.040030	0.000634	0.822159	0.000008	0.012569	0.027452
randmat_1024_0_02.mtx-P1	1	1024	21800	0.020790	11	0.017400	0.001923	0.000042	0.019365	0.000040	0.001611	0.000272
randmat_1024_0_02.mtx-P2	2	1024	21800	0.020790	11	0.017400	0.002916	0.000052	0.020368	0.000027	0.002003	0.000886
randmat_1024_0_02.mtx-P4	4	1024	21800	0.020790	11	0.016785	0.003161	0.000062	0.020008	0.000016	0.001790	0.001354
randmat_1024_0_02.mtx-P8	8	1024	21800	0.020790	11	0.017712	0.003946	0.000086	0.021744	0.000012	0.001759	0.002175
randmat_1024_0_02.mtx-P16	16	1024	21800	0.020790	11	0.018126	0.005389	0.000119	0.023634	0.000006	0.002249	0.003134
randmat_1024_0_02.mtx-P32	32	1024	21800	0.020790	11	0.170410	0.026452	0.000455	0.197317	0.000011	0.008160	0.018281
randmat_1024_0_02.mtx-P64	64	1024	21800	0.020790	11	0.805123	0.036956	0.000656	0.842735	0.000005	0.011616	0.025335
randmat_1024_0_03.mtx-P1	1	1024	32294	0.030798	10	0.024216	0.001911	0.000041	0.026168	0.000036	0.001610	0.000265
randmat_1024_0_03.mtx-P2	2	1024	32294	0.030798	10	0.023822	0.002930	0.000088	0.026840	0.000038	0.002077	0.000815
randmat_1024_0_03.mtx-P4	4	1024	32294	0.030798	10	0.022943	0.002908	0.000058	0.025909	0.000016	0.001669	0.001223
randmat_1024_0_03.mtx-P8	8	1024	32294	0.030798	10	0.023485	0.003595	0.000082	0.027162	0.000008	0.001704	0.001883
randmat_1024_0_03.mtx-P16	16	1024	32294	0.030798	10	0.024875	0.004972	0.000115	0.029962	0.000007	0.002173	0.002793
randmat_1024_0_03.mtx-P32	32	1024	32294	0.030798	10	0.182089	0.024279	0.000450	0.206818	0.000008	0.007591	0.016680
randmat_1024_0_03.mtx-P64	64	1024	32294	0.030798	10	0.752959	0.033399	0.000638	0.786996	0.000013	0.010485	0.022901
[55:tcn12] unexpected reject event from 23:tcn11
Assertion failed in file ../../dapl_conn_rc.c at line 941: 0
internal ABORT - process 55
[39:tcn11] unexpected disconnect completion event from [55:tcn12]
Assertion failed in file ../../dapl_conn_rc.c at line 1128: 0
internal ABORT - process 39
[7:tcn10] unexpected disconnect completion event from [39:tcn11]
Assertion failed in file ../../dapl_conn_rc.c at line 1128: 0
internal ABORT - process 7
[47:tcn12] unexpected disconnect completion event from [39:tcn11]
Assertion failed in file ../../dapl_conn_rc.c at line 1128: 0
internal ABORT - process 47
[15:tcn10] unexpected disconnect completion event from [47:tcn12]
Assertion failed in file ../../dapl_conn_rc.c at line 1128: 0
internal ABORT - process 15
srun: error: tcn11: task 39: Exited with exit code 1
srun: Terminating job step 1113837.175
slurmd[tcn10]: *** STEP 1113837.175 KILLED AT 2015-01-08T13:49:31 WITH SIGNAL 9 ***
slurmd[tcn11]: *** STEP 1113837.175 KILLED AT 2015-01-08T13:49:31 WITH SIGNAL 9 ***
slurmd[tcn12]: *** STEP 1113837.175 KILLED AT 2015-01-08T13:49:31 WITH SIGNAL 9 ***
srun: error: tcn12: tasks 47,55: Exited with exit code 1
srun: Job step aborted: Waiting up to 2 seconds for job step to finish.
slurmd[tcn10]: *** STEP 1113837.175 KILLED AT 2015-01-08T13:49:31 WITH SIGNAL 9 ***
slurmd[tcn12]: *** STEP 1113837.175 KILLED AT 2015-01-08T13:49:31 WITH SIGNAL 9 ***
slurmd[tcn11]: *** STEP 1113837.175 KILLED AT 2015-01-08T13:49:31 WITH SIGNAL 9 ***
srun: error: tcn10: tasks 7,15: Exited with exit code 1
srun: error: tcn12: tasks 43-46,48-54,56-63: Killed
srun: error: tcn11: tasks 22-38,40-42: Killed
srun: error: tcn10: tasks 0-6,8-14,16-21: Killed
randmat_1024_0_04.mtx-P2	2	1024	42484	0.040516	10	0.030168	0.003064	0.000063	0.033295	0.000034	0.002173	0.000857
randmat_1024_0_04.mtx-P4	4	1024	42484	0.040516	10	0.029036	0.002995	0.000061	0.032092	0.000009	0.001526	0.001460
randmat_1024_0_04.mtx-P8	8	1024	42484	0.040516	10	0.029306	0.003705	0.000089	0.033100	0.000011	0.001774	0.001920
randmat_1024_0_04.mtx-P16	16	1024	42484	0.040516	10	0.031637	0.005017	0.000110	0.036764	0.000007	0.002134	0.002877
randmat_1024_0_04.mtx-P32	32	1024	42484	0.040516	10	0.178379	0.024376	0.000459	0.203214	0.000007	0.007545	0.016824
randmat_1024_0_04.mtx-P64	64	1024	42484	0.040516	10	0.806345	0.033662	0.000640	0.840647	0.000003	0.010655	0.023004
randmat_1024_0_05.mtx-P1	1	1024	52882	0.050432	10	0.037654	0.002124	0.000038	0.039816	0.000033	0.001839	0.000252
randmat_1024_0_05.mtx-P2	2	1024	52882	0.050432	10	0.036900	0.002928	0.000054	0.039882	0.000019	0.002095	0.000814
randmat_1024_0_05.mtx-P4	4	1024	52882	0.050432	10	0.034845	0.003015	0.000057	0.037917	0.000013	0.001754	0.001248
randmat_1024_0_05.mtx-P8	8	1024	52882	0.050432	10	0.035412	0.003713	0.000083	0.039208	0.000010	0.001755	0.001948
randmat_1024_0_05.mtx-P16	16	1024	52882	0.050432	10	0.037464	0.005071	0.000112	0.042647	0.000009	0.002217	0.002845
randmat_1024_0_05.mtx-P32	32	1024	52882	0.050432	10	0.205764	0.024156	0.000456	0.230376	0.000009	0.007437	0.016711
randmat_1024_0_05.mtx-P64	64	1024	52882	0.050432	10	0.794370	0.033537	0.000630	0.828537	0.000005	0.010693	0.022839
randmat_1024_0_1.mtx-P1	1	1024	105082	0.100214	9	0.070921	0.002525	0.000040	0.073486	0.000027	0.002266	0.000233
randmat_1024_0_1.mtx-P2	2	1024	105082	0.100214	9	0.068411	0.003122	0.000059	0.071592	0.000030	0.002337	0.000755
randmat_1024_0_1.mtx-P4	4	1024	105082	0.100214	9	0.064622	0.002775	0.000061	0.067458	0.000006	0.001563	0.001206
randmat_1024_0_1.mtx-P8	8	1024	105082	0.100214	9	0.063680	0.003408	0.000084	0.067172	0.000011	0.001685	0.001712
randmat_1024_0_1.mtx-P16	16	1024	105082	0.100214	9	0.065887	0.004554	0.000111	0.070552	0.000009	0.001996	0.002549
randmat_1024_0_1.mtx-P32	32	1024	105082	0.100214	9	0.227852	0.021963	0.000458	0.250273	0.000009	0.006816	0.015138
randmat_1024_0_1.mtx-P64	64	1024	105082	0.100214	9	0.773367	0.030353	0.000625	0.804345	0.000005	0.009501	0.020847
randmat_1024_0_2.mtx-P1	1	1024	209872	0.200150	8	0.139557	0.003415	0.000039	0.143011	0.000030	0.003176	0.000209
randmat_1024_0_2.mtx-P2	2	1024	209872	0.200150	8	0.133051	0.003335	0.000062	0.136448	0.000030	0.002642	0.000663
randmat_1024_0_2.mtx-P4	4	1024	209872	0.200150	8	0.125015	0.002782	0.000060	0.127857	0.000009	0.001688	0.001085
randmat_1024_0_2.mtx-P8	8	1024	209872	0.200150	8	0.121831	0.003217	0.000080	0.125128	0.000009	0.001663	0.001545
randmat_1024_0_2.mtx-P16	16	1024	209872	0.200150	8	0.122693	0.004158	0.000117	0.126968	0.000005	0.001918	0.002235
randmat_1024_0_2.mtx-P32	32	1024	209872	0.200150	8	0.281268	0.019447	0.000460	0.301175	0.000006	0.006121	0.013320
randmat_1024_0_2.mtx-P64	64	1024	209872	0.200150	8	0.861959	0.027273	0.000647	0.889879	0.000004	0.008834	0.018435
randmat_2048_0_01.mtx-P1	1	2048	44106	0.010516	11	0.033253	0.003449	0.000067	0.036769	0.000072	0.003052	0.000324
randmat_2048_0_01.mtx-P2	2	2048	44106	0.010516	11	0.032578	0.004499	0.000082	0.037159	0.000043	0.003508	0.000949
randmat_2048_0_01.mtx-P4	4	2048	44106	0.010516	11	0.031050	0.004280	0.000101	0.035431	0.000024	0.002735	0.001521
randmat_2048_0_01.mtx-P8	8	2048	44106	0.010516	11	0.031346	0.004652	0.000101	0.036099	0.000015	0.002439	0.002198
randmat_2048_0_01.mtx-P16	16	2048	44106	0.010516	11	0.033319	0.005930	0.000140	0.039389	0.000011	0.002774	0.003145
randmat_2048_0_01.mtx-P32	32	2048	44106	0.010516	11	0.194531	0.027246	0.000475	0.222252	0.000014	0.008782	0.018450
randmat_2048_0_01.mtx-P64	64	2048	44106	0.010516	11	0.784683	0.037366	0.000672	0.822721	0.000010	0.011992	0.025364
randmat_2048_0_02.mtx-P1	1	2048	85734	0.020441	10	0.060910	0.003616	0.000069	0.064595	0.000062	0.003243	0.000311
randmat_2048_0_02.mtx-P2	2	2048	85734	0.020441	10	0.058396	0.004451	0.000086	0.062933	0.000039	0.003578	0.000834
randmat_2048_0_02.mtx-P4	4	2048	85734	0.020441	10	0.055258	0.004362	0.000084	0.059704	0.000022	0.002938	0.001402
randmat_2048_0_02.mtx-P8	8	2048	85734	0.020441	10	0.055187	0.004422	0.000100	0.059709	0.000015	0.002478	0.001929
randmat_2048_0_02.mtx-P16	16	2048	85734	0.020441	10	0.056834	0.005707	0.000136	0.062677	0.000010	0.002773	0.002924
randmat_2048_0_02.mtx-P32	32	2048	85734	0.020441	10	0.208945	0.024658	0.000483	0.234086	0.000009	0.008013	0.016636
randmat_2048_0_02.mtx-P64	64	2048	85734	0.020441	10	0.791477	0.034501	0.000657	0.826635	0.000015	0.011454	0.023032
randmat_2048_0_03.mtx-P1	1	2048	128230	0.030572	9	0.088336	0.003785	0.000072	0.092193	0.000062	0.003469	0.000254
randmat_2048_0_03.mtx-P2	2	2048	128230	0.030572	9	0.085403	0.004361	0.000076	0.089840	0.000036	0.003561	0.000764
randmat_2048_0_03.mtx-P4	4	2048	128230	0.030572	9	0.079423	0.003674	0.000078	0.083175	0.000023	0.002541	0.001110
randmat_2048_0_03.mtx-P8	8	2048	128230	0.030572	9	0.078002	0.004124	0.000098	0.082224	0.000015	0.002284	0.001825
randmat_2048_0_03.mtx-P16	16	2048	128230	0.030572	9	0.080259	0.005196	0.000132	0.085587	0.000010	0.002548	0.002638
randmat_2048_0_03.mtx-P32	32	2048	128230	0.030572	9	0.245083	0.023620	0.000472	0.269175	0.000004	0.007796	0.015820
randmat_2048_0_03.mtx-P64	64	2048	128230	0.030572	9	0.821529	0.031083	0.000659	0.853271	0.000007	0.010341	0.020735
randmat_2048_0_04.mtx-P1	1	2048	169630	0.040443	9	0.114488	0.004294	0.000074	0.118856	0.000063	0.003965	0.000266
randmat_2048_0_04.mtx-P2	2	2048	169630	0.040443	9	0.110844	0.004923	0.000089	0.115856	0.000063	0.004014	0.000845
randmat_2048_0_04.mtx-P4	4	2048	169630	0.040443	9	0.103606	0.003836	0.000081	0.107523	0.000022	0.002680	0.001134
randmat_2048_0_04.mtx-P8	8	2048	169630	0.040443	9	0.101248	0.004111	0.000096	0.105455	0.000014	0.002362	0.001734
randmat_2048_0_04.mtx-P16	16	2048	169630	0.040443	9	0.102850	0.005069	0.000136	0.108055	0.000011	0.002481	0.002578
randmat_2048_0_04.mtx-P32	32	2048	169630	0.040443	9	0.261445	0.022313	0.000469	0.284227	0.000009	0.007304	0.015000
randmat_2048_0_04.mtx-P64	64	2048	169630	0.040443	9	0.831018	0.031123	0.000639	0.862780	0.000006	0.010300	0.020818
randmat_2048_0_05.mtx-P1	1	2048	211098	0.050330	9	0.142407	0.005002	0.000072	0.147481	0.000063	0.004670	0.000268
randmat_2048_0_05.mtx-P2	2	2048	211098	0.050330	9	0.136542	0.005096	0.000094	0.141732	0.000062	0.004221	0.000813
randmat_2048_0_05.mtx-P4	4	2048	211098	0.050330	9	0.127304	0.003966	0.000082	0.131352	0.000021	0.002821	0.001123
randmat_2048_0_05.mtx-P8	8	2048	211098	0.050330	9	0.124962	0.004181	0.000107	0.129250	0.000012	0.002395	0.001774
randmat_2048_0_05.mtx-P16	16	2048	211098	0.050330	9	0.126007	0.005113	0.000138	0.131258	0.000007	0.002554	0.002552
randmat_2048_0_05.mtx-P32	32	2048	211098	0.050330	9	0.287728	0.022526	0.000473	0.310727	0.000011	0.007432	0.015083
randmat_2048_0_05.mtx-P64	64	2048	211098	0.050330	9	0.880926	0.031065	0.000681	0.912672	0.000010	0.010467	0.020588
randmat_2048_0_1.mtx-P1	1	2048	420944	0.100361	8	0.283748	0.006630	0.000071	0.290449	0.000058	0.006334	0.000238
randmat_2048_0_1.mtx-P2	2	2048	420944	0.100361	8	0.268600	0.005558	0.000082	0.274240	0.000032	0.004844	0.000682
randmat_2048_0_1.mtx-P4	4	2048	420944	0.100361	8	0.252308	0.004093	0.000079	0.256480	0.000015	0.002944	0.001134
randmat_2048_0_1.mtx-P8	8	2048	420944	0.100361	8	0.240903	0.004000	0.000097	0.245000	0.000010	0.002447	0.001543
randmat_2048_0_1.mtx-P16	16	2048	420944	0.100361	8	0.241215	0.004619	0.000133	0.245967	0.000010	0.002365	0.002244
randmat_2048_0_1.mtx-P32	32	2048	420944	0.100361	8	0.396118	0.020016	0.000475	0.416609	0.000005	0.006585	0.013426
randmat_2048_0_1.mtx-P64	64	2048	420944	0.100361	8	0.985210	0.027931	0.000725	1.013866	0.000007	0.009140	0.018784
randmat_2048_0_2.mtx-P1	1	2048	838786	0.199982	7	0.573873	0.009832	0.000069	0.583774	0.000047	0.009582	0.000203
randmat_2048_0_2.mtx-P2	2	2048	838786	0.199982	7	0.533140	0.006991	0.000078	0.540209	0.000031	0.006363	0.000597
randmat_2048_0_2.mtx-P4	4	2048	838786	0.199982	7	0.492483	0.004558	0.000082	0.497123	0.000009	0.003583	0.000966
randmat_2048_0_2.mtx-P8	8	2048	838786	0.199982	7	0.478248	0.004053	0.000105	0.482406	0.000004	0.002609	0.001440
randmat_2048_0_2.mtx-P16	16	2048	838786	0.199982	7	0.472327	0.004405	0.000138	0.476870	0.000003	0.002243	0.002159
randmat_2048_0_2.mtx-P32	32	2048	838786	0.199982	7	0.634781	0.017732	0.000544	0.653057	0.000005	0.005859	0.011868
randmat_2048_0_2.mtx-P64	64	2048	838786	0.199982	7	1.200247	0.024572	0.000661	1.225480	0.000005	0.008335	0.016232
randmat_4096_0_01.mtx-P1	1	4096	171420	0.010217	10	0.117773	0.006936	0.000142	0.124851	0.000128	0.006445	0.000364
randmat_4096_0_01.mtx-P2	2	4096	171420	0.010217	10	0.114318	0.008716	0.000162	0.123196	0.000127	0.007592	0.000997
randmat_4096_0_01.mtx-P4	4	4096	171420	0.010217	10	0.106290	0.006391	0.000118	0.112799	0.000012	0.004228	0.002151
randmat_4096_0_01.mtx-P8	8	4096	171420	0.010217	10	0.104292	0.005803	0.000130	0.110225	0.000019	0.003676	0.002108
randmat_4096_0_01.mtx-P16	16	4096	171420	0.010217	10	0.105546	0.006835	0.000173	0.112554	0.000013	0.003708	0.003114
randmat_4096_0_01.mtx-P32	32	4096	171420	0.010217	10	0.262202	0.029812	0.000518	0.292532	0.000016	0.012126	0.017670
randmat_4096_0_01.mtx-P64	64	4096	171420	0.010217	10	0.840736	0.043933	0.000839	0.885508	0.000014	0.016167	0.027752
randmat_4096_0_02.mtx-P1	1	4096	338792	0.020194	9	0.229336	0.008486	0.000130	0.237952	0.000116	0.008039	0.000331
randmat_4096_0_02.mtx-P2	2	4096	338792	0.020194	9	0.219533	0.008401	0.000134	0.228068	0.000067	0.007499	0.000835
randmat_4096_0_02.mtx-P4	4	4096	338792	0.020194	9	0.206689	0.005968	0.000123	0.212780	0.000038	0.004758	0.001173
randmat_4096_0_02.mtx-P8	8	4096	338792	0.020194	9	0.197906	0.005453	0.000132	0.203491	0.000015	0.003476	0.001962
randmat_4096_0_02.mtx-P16	16	4096	338792	0.020194	9	0.197401	0.006038	0.000173	0.203612	0.000015	0.003459	0.002563
randmat_4096_0_02.mtx-P32	32	4096	338792	0.020194	9	0.357125	0.026591	0.000514	0.384230	0.000005	0.010145	0.016441
randmat_4096_0_02.mtx-P64	64	4096	338792	0.020194	9	0.880223	0.040620	0.000813	0.921656	0.000007	0.015128	0.025485
randmat_4096_0_03.mtx-P1	1	4096	507934	0.030275	9	0.340377	0.010758	0.000130	0.351265	0.000115	0.010310	0.000333
randmat_4096_0_03.mtx-P2	2	4096	507934	0.030275	9	0.324910	0.010357	0.000161	0.335428	0.000126	0.009357	0.000874
randmat_4096_0_03.mtx-P4	4	4096	507934	0.030275	9	0.307575	0.006493	0.000125	0.314193	0.000026	0.004945	0.001522
randmat_4096_0_03.mtx-P8	8	4096	507934	0.030275	9	0.293107	0.005765	0.000141	0.299013	0.000012	0.003758	0.001995
randmat_4096_0_03.mtx-P16	16	4096	507934	0.030275	9	0.291178	0.006275	0.000168	0.297621	0.000010	0.003644	0.002620
randmat_4096_0_03.mtx-P32	32	4096	507934	0.030275	9	0.441631	0.026258	0.000519	0.468408	0.000013	0.010253	0.015992
randmat_4096_0_03.mtx-P64	64	4096	507934	0.030275	9	1.037455	0.040469	0.000837	1.078761	0.000004	0.015337	0.025128
randmat_4096_0_04.mtx-P1	1	4096	674104	0.040180	8	0.457516	0.011545	0.000134	0.469195	0.000108	0.011150	0.000287
randmat_4096_0_04.mtx-P2	2	4096	674104	0.040180	8	0.432689	0.010175	0.000158	0.443022	0.000108	0.009287	0.000779
randmat_4096_0_04.mtx-P4	4	4096	674104	0.040180	8	0.404650	0.006391	0.000124	0.411165	0.000017	0.005012	0.001362
randmat_4096_0_04.mtx-P8	8	4096	674104	0.040180	8	0.394101	0.005397	0.000136	0.399634	0.000013	0.003633	0.001750
randmat_4096_0_04.mtx-P16	16	4096	674104	0.040180	8	0.384386	0.005743	0.000177	0.390306	0.000006	0.003133	0.002604
randmat_4096_0_04.mtx-P32	32	4096	674104	0.040180	8	0.530720	0.023388	0.000525	0.554633	0.000005	0.009066	0.014317
randmat_4096_0_04.mtx-P64	64	4096	674104	0.040180	8	1.103773	0.036142	0.000814	1.140729	0.000005	0.013812	0.022325
randmat_4096_0_05.mtx-P1	1	4096	841434	0.050153	8	0.573502	0.013517	0.000134	0.587153	0.000099	0.013119	0.000298
randmat_4096_0_05.mtx-P2	2	4096	841434	0.050153	8	0.534555	0.011213	0.000156	0.545924	0.000102	0.010333	0.000778
randmat_4096_0_05.mtx-P4	4	4096	841434	0.050153	8	0.504008	0.006776	0.000127	0.510911	0.000026	0.005679	0.001070
randmat_4096_0_05.mtx-P8	8	4096	841434	0.050153	8	0.485053	0.005587	0.000134	0.490774	0.000018	0.004002	0.001568
randmat_4096_0_05.mtx-P16	16	4096	841434	0.050153	8	0.476221	0.005779	0.000168	0.482168	0.000015	0.003470	0.002294
randmat_4096_0_05.mtx-P32	32	4096	841434	0.050153	8	0.615925	0.023812	0.000519	0.640256	0.000013	0.009541	0.014258
randmat_4096_0_05.mtx-P64	64	4096	841434	0.050153	8	1.231208	0.035713	0.000829	1.267750	0.000010	0.013395	0.022308
randmat_4096_0_1.mtx-P1	1	4096	1680964	0.100193	7	1.218988	0.021649	0.000130	1.240767	0.000094	0.021296	0.000259
randmat_4096_0_1.mtx-P2	2	4096	1680964	0.100193	7	1.067448	0.014002	0.000132	1.081582	0.000055	0.013302	0.000645
randmat_4096_0_1.mtx-P4	4	4096	1680964	0.100193	7	0.999614	0.008060	0.000118	1.007792	0.000023	0.006865	0.001172
randmat_4096_0_1.mtx-P8	8	4096	1680964	0.100193	7	0.963051	0.006075	0.000137	0.969263	0.000012	0.004463	0.001600
randmat_4096_0_1.mtx-P16	16	4096	1680964	0.100193	7	0.951403	0.005580	0.000176	0.957159	0.000012	0.003456	0.002111
randmat_4096_0_1.mtx-P32	32	4096	1680964	0.100193	7	1.058062	0.021056	0.000498	1.079616	0.000008	0.008450	0.012598
randmat_4096_0_1.mtx-P64	64	4096	1680964	0.100193	7	1.682756	0.031985	0.000899	1.715640	0.000003	0.012378	0.019604
randmat_4096_0_2.mtx-P1	1	4096	3356554	0.200066	7	2.408789	0.043189	0.000134	2.452112	0.000097	0.042817	0.000275
randmat_4096_0_2.mtx-P2	2	4096	3356554	0.200066	7	2.166323	0.024042	0.000132	2.190497	0.000060	0.023324	0.000657
randmat_4096_0_2.mtx-P4	4	4096	3356554	0.200066	7	1.992312	0.012740	0.000130	2.005182	0.000028	0.011756	0.000956
randmat_4096_0_2.mtx-P8	8	4096	3356554	0.200066	7	1.920904	0.008204	0.000142	1.929250	0.000019	0.006809	0.001376
randmat_4096_0_2.mtx-P16	16	4096	3356554	0.200066	7	1.899730	0.006854	0.000178	1.906762	0.000010	0.004819	0.002025
randmat_4096_0_2.mtx-P32	32	4096	3356554	0.200066	7	1.984544	0.021768	0.000572	2.006884	0.000007	0.009192	0.012569
randmat_4096_0_2.mtx-P64	64	4096	3356554	0.200066	7	2.547633	0.032189	0.000855	2.580677	0.000005	0.012293	0.019891
