Running on Cartesius 

[1;31mtime	Thu Jan  8 13:49:22 CET 2015[0;39m
mat_name\tp\tn\tk\ttime_init\ttime_mv\ttime_ip\ttime_done\ttime_total
randmat_2048_0_001.mtx-P1	1	2048	6250	0.001490	15	0.007893	0.004017	0.000070	0.011980	0.000091	0.003494	0.000432
randmat_2048_0_001.mtx-P2	2	2048	6250	0.001490	15	0.008187	0.003704	0.000077	0.011968	0.000057	0.002475	0.001173
randmat_2048_0_001.mtx-P4	4	2048	6250	0.001490	15	0.007679	0.003897	0.000078	0.011654	0.000026	0.001950	0.001921
randmat_2048_0_001.mtx-P8	8	2048	6250	0.001490	15	0.008258	0.005032	0.000131	0.013421	0.000021	0.002167	0.002845
randmat_2048_0_001.mtx-P16	16	2048	6250	0.001490	15	0.009881	0.006801	0.000148	0.016830	0.000017	0.002715	0.004069
randmat_2048_0_001.mtx-P32	32	2048	6250	0.001490	15	0.206396	0.035475	0.000501	0.242372	0.000012	0.010648	0.024815
randmat_2048_0_001.mtx-P64	64	2048	6250	0.001490	15	0.128444	0.050129	0.000647	0.179220	0.000016	0.015536	0.034577
randmat_2048_0_0001.mtx-P1	1	2048	2448	0.000584	19	0.005289	0.004738	0.000070	0.010097	0.000129	0.004048	0.000561
randmat_2048_0_0001.mtx-P2	2	2048	2448	0.000584	19	0.005473	0.004568	0.000082	0.010123	0.000083	0.002773	0.001712
randmat_2048_0_0001.mtx-P4	4	2048	2448	0.000584	19	0.005192	0.004898	0.000073	0.010163	0.000041	0.002382	0.002475
randmat_2048_0_0001.mtx-P8	8	2048	2448	0.000584	19	0.005742	0.006378	0.000116	0.012236	0.000026	0.002348	0.004004
randmat_2048_0_0001.mtx-P16	16	2048	2448	0.000584	19	0.007300	0.008367	0.000151	0.015818	0.000015	0.002987	0.005365
randmat_2048_0_0001.mtx-P32	32	2048	2448	0.000584	19	0.076320	0.044618	0.000460	0.121398	0.000020	0.012784	0.031814
randmat_2048_0_00001.mtx-P1	1	2048	2098	0.000500	100000	0.005162	23.177025	0.000078	23.182265	0.613521	19.970507	2.592997
randmat_2048_0_00001.mtx-P2	2	2048	2098	0.000500	363	0.005108	0.075743	0.000072	0.080923	0.001184	0.047184	0.027374
randmat_2048_0_00001.mtx-P4	4	2048	2098	0.000500	602	0.004789	0.131358	0.000075	0.136222	0.001120	0.064134	0.066104
randmat_2048_0_00001.mtx-P8	8	2048	2098	0.000500	5191	0.005575	1.544210	0.000112	1.549897	0.006224	0.601062	0.936924
randmat_2048_0_00001.mtx-P16	16	2048	2098	0.000500	4847	0.007239	2.026990	0.000144	2.034373	0.003902	0.726351	1.296737
randmat_2048_0_00001.mtx-P32	32	2048	2098	0.000500	35303	0.077310	81.878661	0.000465	81.956436	0.026322	23.412374	58.439965
randmat_4096_0_001.mtx-P1	1	4096	20912	0.001246	13	0.019388	0.006316	0.000125	0.025829	0.000161	0.005715	0.000440
randmat_4096_0_001.mtx-P2	2	4096	20912	0.001246	13	0.019252	0.005597	0.000141	0.024990	0.000087	0.004417	0.001093
randmat_4096_0_001.mtx-P4	4	4096	20912	0.001246	13	0.018196	0.004529	0.000114	0.022839	0.000041	0.002817	0.001671
randmat_4096_0_001.mtx-P8	8	4096	20912	0.001246	13	0.018873	0.005160	0.000159	0.024192	0.000022	0.002654	0.002484
randmat_4096_0_001.mtx-P16	16	4096	20912	0.001246	13	0.018968	0.006639	0.000197	0.025804	0.000015	0.003001	0.003623
randmat_4096_0_001.mtx-P32	32	4096	20912	0.001246	13	0.218533	0.033378	0.000628	0.252539	0.000019	0.010631	0.022728
randmat_4096_0_001.mtx-P64	64	4096	20912	0.001246	13	0.876883	0.043694	0.000903	0.921480	0.000013	0.013806	0.029874
randmat_4096_0_0001.mtx-P1	1	4096	5726	0.000341	18	0.009483	0.007843	0.000134	0.017460	0.000213	0.007027	0.000603
randmat_4096_0_0001.mtx-P2	2	4096	5726	0.000341	18	0.009416	0.005956	0.000148	0.015520	0.000109	0.004245	0.001602
randmat_4096_0_0001.mtx-P4	4	4096	5726	0.000341	18	0.008233	0.005303	0.000121	0.013657	0.000059	0.002902	0.002342
randmat_4096_0_0001.mtx-P8	8	4096	5726	0.000341	18	0.008540	0.006306	0.000167	0.015013	0.000043	0.002945	0.003318
randmat_4096_0_0001.mtx-P16	16	4096	5726	0.000341	18	0.010039	0.008083	0.000218	0.018340	0.000022	0.003146	0.004915
randmat_4096_0_0001.mtx-P32	32	4096	5726	0.000341	18	0.216713	0.042144	0.000626	0.259483	0.000021	0.012316	0.029808
randmat_4096_0_0001.mtx-P64	64	4096	5726	0.000341	18	0.125845	0.058738	0.000917	0.185500	0.000015	0.017493	0.041230
randmat_4096_0_00001.mtx-P1	1	4096	4272	0.000255	100000	0.008364	40.803125	0.000131	40.811620	1.220510	36.226336	3.356279
randmat_4096_0_00001.mtx-P2	2	4096	4272	0.000255	4845	0.008136	1.515127	0.000146	1.523409	0.029837	1.088732	0.396557
randmat_4096_0_00001.mtx-P4	4	4096	4272	0.000255	1225	0.007235	0.333395	0.000124	0.340754	0.004261	0.188352	0.140783
randmat_4096_0_00001.mtx-P8	8	4096	4272	0.000255	2115	0.007712	0.680073	0.000193	0.687978	0.003834	0.293034	0.383204
randmat_4096_0_00001.mtx-P16	16	4096	4272	0.000255	100000	0.009341	43.365471	0.000215	43.375027	0.116188	16.164369	27.084914
randmat_4096_0_00001.mtx-P32	32	4096	4272	0.000255	9355	0.080480	21.680809	0.000603	21.761892	0.009108	6.233393	15.438308
randmat_4096_0_00001.mtx-P64	64	4096	4272	0.000255	1215	0.124171	3.941239	0.000898	4.066308	0.001258	1.156142	2.783839
randmat_8192_0_001.mtx-P1	1	8192	75352	0.001123	12	0.057771	0.011826	0.000270	0.069867	0.000308	0.010955	0.000563
randmat_8192_0_001.mtx-P2	2	8192	75352	0.001123	12	0.056334	0.012011	0.000286	0.068631	0.000191	0.010678	0.001142
randmat_8192_0_001.mtx-P4	4	8192	75352	0.001123	12	0.052984	0.007605	0.000200	0.060789	0.000078	0.006004	0.001524
randmat_8192_0_001.mtx-P8	8	8192	75352	0.001123	12	0.051823	0.006934	0.000190	0.058947	0.000041	0.004589	0.002304
randmat_8192_0_001.mtx-P16	16	8192	75352	0.001123	12	0.053296	0.007718	0.000281	0.061295	0.000023	0.004305	0.003389
randmat_8192_0_001.mtx-P32	32	8192	75352	0.001123	12	0.253852	0.036044	0.000599	0.290495	0.000018	0.014901	0.021125
randmat_8192_0_001.mtx-P64	64	8192	75352	0.001123	12	0.894160	0.042015	0.001088	0.937263	0.000021	0.014259	0.027734
randmat_8192_0_0001.mtx-P1	1	8192	14932	0.000223	15	0.019020	0.015193	0.000267	0.034480	0.000394	0.014031	0.000768
randmat_8192_0_0001.mtx-P2	2	8192	14932	0.000223	15	0.017944	0.008418	0.000281	0.026643	0.000181	0.006875	0.001362
randmat_8192_0_0001.mtx-P4	4	8192	14932	0.000223	15	0.016617	0.005942	0.000184	0.022743	0.000096	0.004051	0.001795
randmat_8192_0_0001.mtx-P8	8	8192	14932	0.000223	15	0.015593	0.006155	0.000251	0.021999	0.000059	0.003272	0.002824
randmat_8192_0_0001.mtx-P16	16	8192	14932	0.000223	15	0.016809	0.007465	0.000326	0.024600	0.000033	0.003194	0.004238
randmat_8192_0_0001.mtx-P32	32	8192	14932	0.000223	15	0.214736	0.039134	0.000623	0.254493	0.000020	0.013222	0.025892
randmat_8192_0_0001.mtx-P64	64	8192	14932	0.000223	15	0.886163	0.087130	0.001566	0.974859	0.000013	0.046342	0.040775
randmat_8192_0_00001.mtx-P1	1	8192	8890	0.000132	20	0.015062	0.016125	0.000258	0.031445	0.000493	0.014676	0.000956
randmat_8192_0_00001.mtx-P2	2	8192	8890	0.000132	20	0.013901	0.010932	0.000276	0.025109	0.000237	0.008894	0.001801
randmat_8192_0_00001.mtx-P4	4	8192	8890	0.000132	20	0.012494	0.007867	0.000207	0.020568	0.000124	0.005297	0.002446
randmat_8192_0_00001.mtx-P8	8	8192	8890	0.000132	20	0.012091	0.007951	0.000278	0.020320	0.000077	0.004109	0.003765
randmat_8192_0_00001.mtx-P16	16	8192	8890	0.000132	20	0.013266	0.009588	0.000343	0.023197	0.000036	0.003965	0.005587
randmat_8192_0_00001.mtx-P32	32	8192	8890	0.000132	20	0.201302	0.051980	0.000614	0.253896	0.000033	0.017391	0.034556
randmat_8192_0_00001.mtx-P64	64	8192	8890	0.000132	20	0.130970	0.065962	0.000970	0.197902	0.000020	0.019719	0.046223
randmat_16384_0_001.mtx-P1	1	16384	284898	0.001061	11	0.202725	0.023733	0.000487	0.226945	0.000630	0.022359	0.000744
randmat_16384_0_001.mtx-P2	2	16384	284898	0.001061	11	0.196873	0.028606	0.000532	0.226011	0.000524	0.026667	0.001415
randmat_16384_0_001.mtx-P4	4	16384	284898	0.001061	11	0.183812	0.018882	0.000403	0.203097	0.000169	0.016911	0.001802
randmat_16384_0_001.mtx-P8	8	16384	284898	0.001061	11	0.176638	0.013304	0.000385	0.190327	0.000089	0.011041	0.002174
randmat_16384_0_001.mtx-P16	16	16384	284898	0.001061	11	0.175476	0.011226	0.000380	0.187082	0.000043	0.007492	0.003692
randmat_16384_0_001.mtx-P32	32	16384	284898	0.001061	11	0.368114	0.037214	0.000824	0.406152	0.000022	0.016773	0.020419
randmat_16384_0_001.mtx-P64	64	16384	284898	0.001061	11	1.019612	0.082148	0.001800	1.103560	0.000018	0.051427	0.030703
randmat_16384_0_0001.mtx-P1	1	16384	43490	0.000162	13	0.044506	0.023067	0.000507	0.068080	0.000681	0.021486	0.000899
randmat_16384_0_0001.mtx-P2	2	16384	43490	0.000162	13	0.041723	0.014983	0.000456	0.057162	0.000372	0.013216	0.001395
randmat_16384_0_0001.mtx-P4	4	16384	43490	0.000162	13	0.038594	0.010460	0.000484	0.049538	0.000131	0.007853	0.002476
randmat_16384_0_0001.mtx-P8	8	16384	43490	0.000162	13	0.037095	0.009269	0.000570	0.046934	0.000067	0.005880	0.003322
randmat_16384_0_0001.mtx-P16	16	16384	43490	0.000162	13	0.038376	0.008200	0.000572	0.047148	0.000043	0.004153	0.004003
randmat_16384_0_0001.mtx-P32	32	16384	43490	0.000162	13	0.223461	0.035894	0.001123	0.260478	0.000026	0.012966	0.022902
randmat_16384_0_0001.mtx-P64	64	16384	43490	0.000162	13	0.898414	0.080038	0.001710	0.980162	0.000021	0.044482	0.035535
randmat_16384_0_00001.mtx-P1	1	16384	19096	0.000071	18	0.029044	0.029275	0.000488	0.058807	0.000945	0.027064	0.001266
randmat_16384_0_00001.mtx-P2	2	16384	19096	0.000071	18	0.025573	0.016761	0.000480	0.042814	0.000434	0.014155	0.002172
randmat_16384_0_00001.mtx-P4	4	16384	19096	0.000071	17	0.022710	0.010390	0.000458	0.033558	0.000223	0.007831	0.002336
randmat_16384_0_00001.mtx-P8	8	16384	19096	0.000071	18	0.021654	0.008927	0.000484	0.031065	0.000116	0.005376	0.003435
randmat_16384_0_00001.mtx-P16	16	16384	19096	0.000071	18	0.022093	0.009677	0.000551	0.032321	0.000071	0.004557	0.005048
randmat_16384_0_00001.mtx-P32	32	16384	19096	0.000071	18	0.223902	0.047380	0.000851	0.272133	0.000045	0.016115	0.031220
randmat_16384_0_00001.mtx-P64	64	16384	19096	0.000071	18	0.870753	0.105015	0.001727	0.977495	0.000023	0.055958	0.049034
