Running on Cartesius 

[1;31mtime	Tue Jan 13 23:18:16 CET 2015[0;39m
poly3_1.mtx-P1	1	4	10	0.625000	3	0.021666	0.021573	0.000086	0.000007	0.000032	0.000052	0.000002
poly3_1.mtx-P2	2	4	10	0.625000	3	0.002818	0.002490	0.000305	0.000023	0.000110	0.000195	0.000000
poly3_2.mtx-P1	1	19	91	0.252078	7	0.018410	0.018188	0.000214	0.000008	0.000087	0.000121	0.000006
poly3_2.mtx-P2	2	19	91	0.252078	7	0.003271	0.002507	0.000741	0.000023	0.000269	0.000468	0.000004
poly3_2.mtx-P8	8	19	91	0.252078	7	0.012975	0.011007	0.001907	0.000061	0.000666	0.001239	0.000002
poly3_3.mtx-P1	1	85	505	0.069896	20	0.019386	0.018641	0.000736	0.000009	0.000356	0.000366	0.000015
poly3_3.mtx-P2	2	85	505	0.069896	20	0.014851	0.012613	0.002178	0.000060	0.000819	0.001343	0.000016
poly3_3.mtx-P4	4	85	505	0.069896	20	0.016081	0.012672	0.003371	0.000038	0.001259	0.002102	0.000010
poly3_3.mtx-P8	8	85	505	0.069896	20	0.015886	0.010070	0.005749	0.000067	0.001983	0.003752	0.000014
poly3_4.mtx-P1	1	361	2341	0.017963	49	0.031184	0.027915	0.003251	0.000018	0.002198	0.000990	0.000063
poly3_4.mtx-P2	2	361	2341	0.017963	49	0.029686	0.023381	0.006273	0.000032	0.002825	0.003376	0.000072
poly3_4.mtx-P4	4	361	2341	0.017963	49	0.031477	0.022830	0.008605	0.000042	0.003320	0.005252	0.000033
poly3_4.mtx-P8	8	361	2341	0.017963	49	0.031655	0.017919	0.013672	0.000064	0.004935	0.008704	0.000032
poly3_4.mtx-P16	16	361	2341	0.017963	49	0.044017	0.023330	0.020575	0.000112	0.007316	0.013220	0.000039
poly3_5.mtx-P1	1	1489	10045	0.004531	104	0.050522	0.031249	0.019223	0.000050	0.016242	0.002513	0.000468
poly3_5.mtx-P2	2	1489	10045	0.004531	104	0.043966	0.023814	0.020086	0.000066	0.012373	0.007454	0.000259
poly3_5.mtx-P4	4	1489	10045	0.004531	104	0.043817	0.021996	0.021748	0.000073	0.010409	0.011170	0.000169
poly3_5.mtx-P8	8	1489	10045	0.004531	104	0.056479	0.025348	0.031035	0.000096	0.012308	0.018631	0.000095
poly3_5.mtx-P16	16	1489	10045	0.004531	104	0.072546	0.027649	0.044746	0.000151	0.016568	0.028100	0.000078
poly3_5.mtx-P32	32	1489	10045	0.004531	104	0.430123	0.186361	0.243291	0.000471	0.071966	0.171236	0.000089
poly3_5.mtx-P64	64	1489	10045	0.004531	104	1.127439	0.785856	0.340949	0.000634	0.103436	0.237444	0.000069
poly3_6.mtx-P1	1	6049	41581	0.001136	209	0.196818	0.060440	0.136195	0.000183	0.124083	0.008475	0.003636
poly3_6.mtx-P2	2	6049	41581	0.001136	209	0.149935	0.058501	0.091247	0.000187	0.072054	0.017290	0.001902
poly3_6.mtx-P4	4	6049	41581	0.001136	209	0.125747	0.054650	0.070940	0.000157	0.045493	0.024475	0.000972
poly3_6.mtx-P8	8	6049	41581	0.001136	209	0.130844	0.054134	0.076523	0.000187	0.037848	0.038136	0.000540
poly3_6.mtx-P16	16	6049	41581	0.001136	209	0.147950	0.050069	0.097651	0.000230	0.040190	0.057099	0.000363
poly3_6.mtx-P32	32	6049	41581	0.001136	209	0.757604	0.217489	0.539566	0.000549	0.179111	0.360193	0.000262
poly3_6.mtx-P64	64	6049	41581	0.001136	209	1.471815	0.783592	0.687358	0.000865	0.210680	0.476451	0.000226
poly3_7.mtx-P1	1	24385	169165	0.000284	438	1.289282	0.176601	1.111949	0.000732	1.039921	0.038754	0.033275
poly3_7.mtx-P2	2	24385	169165	0.000284	438	0.776355	0.157183	0.618484	0.000688	0.551293	0.050818	0.016373
poly3_7.mtx-P4	4	24385	169165	0.000284	438	0.507309	0.138342	0.368349	0.000618	0.298832	0.061297	0.008220
poly3_7.mtx-P8	8	24385	169165	0.000284	438	0.419632	0.138867	0.280053	0.000712	0.189517	0.086294	0.004242
poly3_7.mtx-P16	16	24385	169165	0.000284	438	0.416564	0.142535	0.273330	0.000699	0.140075	0.130996	0.002258
poly3_7.mtx-P32	32	24385	169165	0.000284	438	1.458527	0.294961	1.162525	0.001041	0.402822	0.758425	0.001278
poly3_7.mtx-P64	64	24385	169165	0.000284	438	3.450910	0.888904	2.560205	0.001801	1.361324	1.198008	0.000872
poly4_1.mtx-P1	1	5	13	0.520000	2	0.015839	0.015773	0.000060	0.000006	0.000025	0.000035	0.000000
poly4_1.mtx-P2	2	5	13	0.520000	2	0.008775	0.008545	0.000207	0.000023	0.000074	0.000131	0.000002
poly4_1.mtx-P4	4	5	13	0.520000	2	0.003082	0.002707	0.000340	0.000035	0.000122	0.000216	0.000002
poly4_2.mtx-P1	1	25	121	0.193600	6	0.016246	0.016044	0.000194	0.000008	0.000081	0.000107	0.000006
poly4_2.mtx-P2	2	25	121	0.193600	6	0.010525	0.009706	0.000795	0.000024	0.000323	0.000469	0.000003
poly4_2.mtx-P4	4	25	121	0.193600	6	0.004273	0.002946	0.001285	0.000042	0.000413	0.000869	0.000003
poly4_2.mtx-P8	8	25	121	0.193600	6	0.010578	0.008770	0.001748	0.000060	0.000657	0.001084	0.000006
poly4_3.mtx-P1	1	113	673	0.052706	19	0.012572	0.011798	0.000763	0.000011	0.000399	0.000346	0.000018
poly4_3.mtx-P2	2	113	673	0.052706	19	0.011684	0.009371	0.002282	0.000031	0.000909	0.001360	0.000013
poly4_3.mtx-P4	4	113	673	0.052706	19	0.013358	0.009918	0.003402	0.000038	0.001351	0.002040	0.000011
poly4_3.mtx-P8	8	113	673	0.052706	19	0.014986	0.009298	0.005630	0.000058	0.001989	0.003629	0.000012
poly4_3.mtx-P16	16	113	673	0.052706	19	0.023335	0.015039	0.008204	0.000092	0.002906	0.005284	0.000014
poly4_4.mtx-P1	1	481	3121	0.013490	40	0.034184	0.031097	0.003066	0.000021	0.002228	0.000773	0.000066
poly4_4.mtx-P2	2	481	3121	0.013490	40	0.018907	0.013425	0.005448	0.000034	0.002598	0.002818	0.000032
poly4_4.mtx-P4	4	481	3121	0.013490	40	0.025736	0.018619	0.007074	0.000043	0.002847	0.004196	0.000031
poly4_4.mtx-P8	8	481	3121	0.013490	40	0.032640	0.021300	0.011263	0.000077	0.004128	0.007109	0.000026
poly4_4.mtx-P16	16	481	3121	0.013490	40	0.036769	0.019884	0.016787	0.000098	0.006037	0.010725	0.000025
poly4_4.mtx-P32	32	481	3121	0.013490	40	0.185105	0.085401	0.099270	0.000434	0.031934	0.067304	0.000032
poly4_4.mtx-P64	64	481	3121	0.013490	40	0.266435	0.120886	0.144805	0.000744	0.054296	0.090465	0.000043
poly4_5.mtx-P1	1	1985	13393	0.003399	83	0.045866	0.026261	0.019541	0.000064	0.016876	0.002184	0.000482
poly4_5.mtx-P2	2	1985	13393	0.003399	83	0.033199	0.014490	0.018642	0.000067	0.012167	0.006206	0.000269
poly4_5.mtx-P4	4	1985	13393	0.003399	83	0.034731	0.016118	0.018544	0.000069	0.009271	0.009126	0.000147
poly4_5.mtx-P8	8	1985	13393	0.003399	83	0.075802	0.050142	0.025548	0.000112	0.010639	0.014809	0.000100
poly4_5.mtx-P16	16	1985	13393	0.003399	83	0.067292	0.031321	0.035820	0.000151	0.013472	0.022255	0.000092
poly4_5.mtx-P32	32	1985	13393	0.003399	83	0.369598	0.174735	0.194381	0.000482	0.057587	0.136703	0.000091
poly4_5.mtx-P64	64	1985	13393	0.003399	83	1.056994	0.784208	0.272124	0.000662	0.083131	0.188917	0.000076
poly4_6.mtx-P1	1	8065	55441	0.000852	168	0.213935	0.069017	0.144684	0.000234	0.132685	0.007988	0.004011
poly4_6.mtx-P2	2	8065	55441	0.000852	168	0.148937	0.056433	0.092274	0.000230	0.075368	0.014837	0.002069
poly4_6.mtx-P4	4	8065	55441	0.000852	168	0.119582	0.052167	0.067248	0.000167	0.046058	0.019559	0.001631
poly4_6.mtx-P8	8	8065	55441	0.000852	168	0.122509	0.055784	0.066491	0.000234	0.034974	0.030943	0.000574
poly4_6.mtx-P16	16	8065	55441	0.000852	168	0.137805	0.056827	0.080699	0.000279	0.034373	0.045995	0.000331
poly4_6.mtx-P32	32	8065	55441	0.000852	168	0.657793	0.222856	0.434310	0.000627	0.145843	0.288229	0.000239
poly4_6.mtx-P64	64	8065	55441	0.000852	168	1.350714	0.794779	0.554998	0.000937	0.170319	0.384461	0.000218
poly5_1.mtx-P1	1	6	16	0.444444	3	0.011442	0.011334	0.000101	0.000007	0.000042	0.000054	0.000005
poly5_1.mtx-P2	2	6	16	0.444444	3	0.009073	0.008723	0.000310	0.000040	0.000111	0.000199	0.000000
poly5_1.mtx-P4	4	6	16	0.444444	3	0.009703	0.009041	0.000581	0.000081	0.000198	0.000381	0.000002
poly5_2.mtx-P1	1	31	151	0.157128	10	0.015781	0.015460	0.000313	0.000008	0.000135	0.000172	0.000006
poly5_2.mtx-P2	2	31	151	0.157128	10	0.011250	0.009998	0.001228	0.000024	0.000477	0.000745	0.000006
poly5_3.mtx-P1	1	141	841	0.042302	26	0.021084	0.019958	0.001114	0.000012	0.000614	0.000478	0.000022
poly5_3.mtx-P2	2	141	841	0.042302	26	0.014085	0.011049	0.003009	0.000027	0.001223	0.001769	0.000017
poly5_3.mtx-P4	4	141	841	0.042302	26	0.012865	0.008160	0.004665	0.000040	0.001665	0.002975	0.000025
poly5_3.mtx-P8	8	141	841	0.042302	26	0.021196	0.013815	0.007317	0.000064	0.002597	0.004708	0.000012
poly5_4.mtx-P1	1	601	3901	0.010800	60	0.033915	0.028478	0.005402	0.000035	0.004058	0.001225	0.000118
poly5_4.mtx-P2	2	601	3901	0.010800	60	0.028979	0.020505	0.008436	0.000038	0.004230	0.004128	0.000078
poly5_4.mtx-P4	4	601	3901	0.010800	60	0.036127	0.024988	0.011085	0.000054	0.004497	0.006538	0.000050
poly5_4.mtx-P8	8	601	3901	0.010800	59	0.039236	0.022408	0.016752	0.000076	0.006285	0.010427	0.000041
poly5_4.mtx-P16	16	601	3901	0.010800	60	0.048117	0.022825	0.025192	0.000100	0.009083	0.016087	0.000022
poly5_4.mtx-P32	32	601	3901	0.010800	60	0.220276	0.076736	0.143109	0.000431	0.042265	0.100804	0.000039
poly5_5.mtx-P1	1	2481	16741	0.002720	122	0.082889	0.048632	0.034181	0.000076	0.029789	0.003478	0.000914
poly5_5.mtx-P2	2	2481	16741	0.002720	122	0.062366	0.032206	0.030077	0.000083	0.020351	0.009249	0.000478
poly5_5.mtx-P4	4	2481	16741	0.002720	122	0.064220	0.034265	0.029864	0.000091	0.015563	0.014035	0.000266
poly5_5.mtx-P8	8	2481	16741	0.002720	122	0.064998	0.026523	0.038353	0.000122	0.016162	0.022012	0.000179
poly5_5.mtx-P16	16	2481	16741	0.002720	122	0.089920	0.036562	0.053194	0.000164	0.020082	0.032990	0.000123
poly5_5.mtx-P32	32	2481	16741	0.002720	122	0.466784	0.179918	0.286388	0.000478	0.084791	0.201497	0.000100
poly5_5.mtx-P64	64	2481	16741	0.002720	122	1.174572	0.773866	0.399995	0.000711	0.121944	0.277952	0.000098
poly5_6.mtx-P1	1	10081	69301	0.000682	264	0.369034	0.083344	0.285398	0.000292	0.263031	0.014158	0.008210
poly5_6.mtx-P2	2	10081	69301	0.000682	264	0.249620	0.074135	0.175180	0.000305	0.145690	0.025640	0.003850
poly5_6.mtx-P4	4	10081	69301	0.000682	264	0.192014	0.073886	0.117913	0.000215	0.084253	0.031724	0.001935
poly5_6.mtx-P8	8	10081	69301	0.000682	264	0.190631	0.078105	0.112231	0.000295	0.061511	0.049675	0.001045
poly5_6.mtx-P16	16	10081	69301	0.000682	264	0.207814	0.075096	0.132391	0.000327	0.057479	0.074287	0.000626
poly5_6.mtx-P32	32	10081	69301	0.000682	264	0.916387	0.228078	0.687649	0.000660	0.231208	0.456001	0.000440
poly5_6.mtx-P64	64	10081	69301	0.000682	264	2.028614	0.814386	1.213205	0.001023	0.493345	0.719531	0.000329
poly6_1.mtx-P1	1	7	19	0.387755	3	0.008124	0.008013	0.000089	0.000022	0.000034	0.000053	0.000002
poly6_1.mtx-P2	2	7	19	0.387755	3	0.012285	0.011925	0.000337	0.000023	0.000138	0.000198	0.000001
poly6_2.mtx-P1	1	37	181	0.132213	9	0.022056	0.021723	0.000324	0.000009	0.000140	0.000177	0.000007
poly6_2.mtx-P2	2	37	181	0.132213	9	0.011742	0.010750	0.000967	0.000025	0.000347	0.000617	0.000003
poly6_2.mtx-P4	4	37	181	0.132213	9	0.012722	0.011234	0.001453	0.000035	0.000522	0.000929	0.000002
poly6_3.mtx-P1	1	169	1009	0.035328	23	0.020688	0.019606	0.001068	0.000014	0.000626	0.000424	0.000017
poly6_3.mtx-P2	2	169	1009	0.035328	23	0.012378	0.009577	0.002772	0.000029	0.001132	0.001625	0.000015
poly6_3.mtx-P4	4	169	1009	0.035328	23	0.014942	0.011010	0.003892	0.000040	0.001467	0.002416	0.000009
poly6_3.mtx-P8	8	169	1009	0.035328	23	0.029311	0.022807	0.006442	0.000062	0.002287	0.004137	0.000018
poly6_3.mtx-P16	16	169	1009	0.035328	23	0.025565	0.015583	0.009889	0.000093	0.003618	0.006264	0.000007
poly6_4.mtx-P1	1	721	4681	0.009005	55	0.036500	0.030811	0.005661	0.000028	0.004385	0.001144	0.000132
poly6_4.mtx-P2	2	721	4681	0.009005	55	0.029513	0.021257	0.008216	0.000040	0.004204	0.003929	0.000083
poly6_4.mtx-P4	4	721	4681	0.009005	55	0.028113	0.017850	0.010212	0.000051	0.004320	0.005846	0.000046
poly6_4.mtx-P8	8	721	4681	0.009005	55	0.040028	0.024273	0.015678	0.000077	0.005891	0.009750	0.000038
poly6_4.mtx-P16	16	721	4681	0.009005	55	0.049747	0.026536	0.023098	0.000113	0.008284	0.014778	0.000036
poly6_4.mtx-P32	32	721	4681	0.009005	55	0.208943	0.077123	0.131367	0.000453	0.039237	0.092089	0.000042
poly6_5.mtx-P1	1	2977	20089	0.002267	115	0.079007	0.040445	0.038473	0.000089	0.034045	0.003431	0.000997
poly6_5.mtx-P2	2	2977	20089	0.002267	114	0.067884	0.036688	0.031090	0.000106	0.022028	0.008531	0.000531
poly6_5.mtx-P4	4	2977	20089	0.002267	114	0.058986	0.028993	0.029884	0.000109	0.016044	0.013529	0.000311
poly6_5.mtx-P8	8	2977	20089	0.002267	114	0.065396	0.028427	0.036837	0.000132	0.015864	0.020817	0.000156
poly6_5.mtx-P16	16	2977	20089	0.002267	114	0.084349	0.033698	0.050486	0.000165	0.019432	0.030940	0.000114
poly6_5.mtx-P32	32	2977	20089	0.002267	114	0.475483	0.205674	0.269248	0.000561	0.080237	0.188904	0.000107
poly6_5.mtx-P64	64	2977	20089	0.002267	114	1.181494	0.807777	0.372917	0.000800	0.113814	0.259016	0.000087
poly6_6.mtx-P1	1	12097	83161	0.000568	292	0.474553	0.102498	0.371706	0.000349	0.344163	0.017004	0.010539
poly6_6.mtx-P2	2	12097	83161	0.000568	292	0.332776	0.089517	0.242924	0.000335	0.190591	0.046923	0.005411
poly6_6.mtx-P4	4	12097	83161	0.000568	292	0.230631	0.080751	0.149513	0.000367	0.109802	0.037032	0.002678
poly6_6.mtx-P8	8	12097	83161	0.000568	292	0.215750	0.081575	0.133825	0.000350	0.076139	0.056305	0.001380
poly6_6.mtx-P16	16	12097	83161	0.000568	292	0.233629	0.080545	0.152716	0.000368	0.070026	0.081886	0.000804
poly6_6.mtx-P32	32	12097	83161	0.000568	297	1.010106	0.239758	0.769645	0.000703	0.257524	0.511522	0.000598
poly6_6.mtx-P64	64	12097	83161	0.000568	291	2.534628	0.843447	1.689587	0.001594	0.897189	0.792043	0.000356
poly7_1.mtx-P1	1	8	22	0.343750	3	0.010046	0.009947	0.000092	0.000007	0.000035	0.000054	0.000003
poly7_1.mtx-P2	2	8	22	0.343750	3	0.002696	0.002246	0.000427	0.000023	0.000172	0.000251	0.000005
poly7_2.mtx-P1	1	43	211	0.114116	12	0.013279	0.012865	0.000406	0.000008	0.000183	0.000215	0.000008
poly7_2.mtx-P2	2	43	211	0.114116	12	0.006736	0.005288	0.001424	0.000024	0.000546	0.000874	0.000004
poly7_2.mtx-P4	4	43	211	0.114116	12	0.005737	0.002985	0.002717	0.000035	0.000869	0.001839	0.000009
poly7_2.mtx-P8	8	43	211	0.114116	12	0.015719	0.012272	0.003388	0.000059	0.001189	0.002193	0.000006
poly7_3.mtx-P1	1	197	1177	0.030328	32	0.012379	0.010788	0.001578	0.000013	0.000954	0.000594	0.000030
poly7_3.mtx-P2	2	197	1177	0.030328	32	0.013068	0.009076	0.003963	0.000029	0.001675	0.002263	0.000025
poly7_3.mtx-P4	4	197	1177	0.030328	32	0.026403	0.021008	0.005356	0.000039	0.001987	0.003353	0.000015
poly7_3.mtx-P8	8	197	1177	0.030328	32	0.022409	0.013411	0.008936	0.000062	0.003257	0.005668	0.000011
poly7_3.mtx-P16	16	197	1177	0.030328	32	0.035532	0.021756	0.013679	0.000097	0.004851	0.008802	0.000026
poly7_4.mtx-P1	1	841	5461	0.007721	76	0.038533	0.029650	0.008852	0.000031	0.007035	0.001619	0.000198
poly7_4.mtx-P2	2	841	5461	0.007721	76	0.030928	0.019180	0.011699	0.000049	0.006251	0.005317	0.000131
poly7_4.mtx-P4	4	841	5461	0.007721	76	0.026047	0.011493	0.014504	0.000050	0.006190	0.008229	0.000085
poly7_4.mtx-P8	8	841	5461	0.007721	76	0.038393	0.016401	0.021912	0.000080	0.008297	0.013554	0.000061
poly7_4.mtx-P16	16	841	5461	0.007721	76	0.054636	0.021828	0.032695	0.000113	0.011754	0.020879	0.000063
poly7_4.mtx-P32	32	841	5461	0.007721	76	0.361290	0.183434	0.177404	0.000452	0.052174	0.125184	0.000046
poly7_5.mtx-P1	1	3473	23437	0.001943	157	0.108214	0.047191	0.060917	0.000106	0.054424	0.004930	0.001564
poly7_5.mtx-P2	2	3473	23437	0.001943	157	0.091123	0.044036	0.046981	0.000106	0.033947	0.012192	0.000843
poly7_5.mtx-P4	4	3473	23437	0.001943	157	0.078774	0.036744	0.041923	0.000107	0.024047	0.017413	0.000463
poly7_5.mtx-P8	8	3473	23437	0.001943	157	0.087421	0.035187	0.052095	0.000139	0.022589	0.029227	0.000278
poly7_5.mtx-P16	16	3473	23437	0.001943	158	0.115871	0.040956	0.074733	0.000182	0.027529	0.047031	0.000173
poly7_5.mtx-P32	32	3473	23437	0.001943	162	0.581122	0.198966	0.381597	0.000559	0.113778	0.267624	0.000196
poly7_5.mtx-P64	64	3473	23437	0.001943	157	1.314077	0.799143	0.514108	0.000826	0.157059	0.356899	0.000149
poly7_6.mtx-P1	1	14113	97021	0.000487	353	0.631025	0.106065	0.524563	0.000397	0.486979	0.022420	0.015164
poly7_6.mtx-P2	2	14113	97021	0.000487	352	0.394307	0.088317	0.305592	0.000398	0.261119	0.037276	0.007197
poly7_6.mtx-P4	4	14113	97021	0.000487	352	0.292205	0.093452	0.198351	0.000402	0.149132	0.045365	0.003854
poly7_6.mtx-P8	8	14113	97021	0.000487	352	0.261617	0.083579	0.177632	0.000406	0.102704	0.073059	0.001869
poly7_6.mtx-P16	16	14113	97021	0.000487	352	0.279184	0.092699	0.186030	0.000455	0.087914	0.096960	0.001155
poly7_6.mtx-P32	32	14113	97021	0.000487	351	1.170780	0.251265	0.918760	0.000755	0.313108	0.604925	0.000726
poly7_6.mtx-P64	64	14113	97021	0.000487	353	2.892523	0.836447	2.054461	0.001615	1.095011	0.958971	0.000480
poly8_1.mtx-P1	1	9	25	0.308642	2	0.017083	0.017015	0.000061	0.000007	0.000026	0.000034	0.000001
poly8_1.mtx-P2	2	9	25	0.308642	2	0.006388	0.006154	0.000210	0.000024	0.000078	0.000131	0.000001
poly8_1.mtx-P4	4	9	25	0.308642	2	0.010912	0.010544	0.000334	0.000034	0.000124	0.000209	0.000001
[48:tcn3] unexpected DAPL connection event 0x4006 from 0
Assertion failed in file ../../dapl_poll_rc.c at line 1675: 0
internal ABORT - process 48
[32:tcn2] unexpected disconnect completion event from [0:tcn1]
Assertion failed in file ../../dapl_conn_rc.c at line 1128: 0
internal ABORT - process 32
[31:tcn2] unexpected disconnect completion event from [63:tcn3]
Assertion failed in file ../../dapl_conn_rc.c at line 1128: 0
internal ABORT - process 31
[28:tcn2] unexpected disconnect completion event from [60:tcn3]
Assertion failed in file ../../dapl_conn_rc.c at line 1128: 0
internal ABORT - process 28
[30:tcn2] unexpected disconnect completion event from [62:tcn3]
Assertion failed in file ../../dapl_conn_rc.c at line 1128: 0
internal ABORT - process 30
[40:tcn2] unexpected disconnect completion event from [56:tcn3]
Assertion failed in file ../../dapl_conn_rc.c at line 1128: 0
internal ABORT - process 40
[24:tcn2] unexpected disconnect completion event from [56:tcn3]
Assertion failed in file ../../dapl_conn_rc.c at line 1128: 0
internal ABORT - process 24
[39:tcn2] unexpected disconnect completion event from [47:tcn3]
Assertion failed in file ../../dapl_conn_rc.c at line 1128: 0
internal ABORT - process 39
[42:tcn2] unexpected disconnect completion event from [46:tcn3]
Assertion failed in file ../../dapl_conn_rc.c at line 1128: 0
internal ABORT - process 42
[36:tcn2] unexpected disconnect completion event from [44:tcn3]
Assertion failed in file ../../dapl_conn_rc.c at line 1128: 0
internal ABORT - process 36
[60:tcn3] unexpected DAPL connection event 0x4006 from 0
Assertion failed in file ../../dapl_poll_rc.c at line 1675: 0
internal ABORT - process 60
[62:tcn3] unexpected DAPL connection event 0x4006 from 0
Assertion failed in file ../../dapl_poll_rc.c at line 1675: 0
internal ABORT - process 62
[63:tcn3] unexpected DAPL connection event 0x4006 from 0
Assertion failed in file ../../dapl_poll_rc.c at line 1675: 0
internal ABORT - process 63
[56:tcn3] unexpected DAPL connection event 0x4006 from 0
Assertion failed in file ../../dapl_poll_rc.c at line 1675: 0
internal ABORT - process 56
[47:tcn3] unexpected disconnect completion event from [31:tcn2]
Assertion failed in file ../../dapl_conn_rc.c at line 1128: 0
internal ABORT - process 47
[44:tcn3] unexpected disconnect completion event from [28:tcn2]
Assertion failed in file ../../dapl_conn_rc.c at line 1128: 0
internal ABORT - process 44
[46:tcn3] unexpected disconnect completion event from [30:tcn2]
Assertion failed in file ../../dapl_conn_rc.c at line 1128: 0
internal ABORT - process 46
[55:tcn3] unexpected disconnect completion event from [39:tcn2]
Assertion failed in file ../../dapl_conn_rc.c at line 1128: 0
internal ABORT - process 55
[43:tcn3] unexpected disconnect completion event from [39:tcn2]
Assertion failed in file ../../dapl_conn_rc.c at line 1128: 0
internal ABORT - process 43
[52:tcn3] unexpected disconnect completion event from [36:tcn2]
Assertion failed in file ../../dapl_conn_rc.c at line 1128: 0
internal ABORT - process 52
[58:tcn3] unexpected disconnect completion event from [42:tcn2]
Assertion failed in file ../../dapl_conn_rc.c at line 1128: 0
internal ABORT - process 58
[50:tcn3] unexpected disconnect completion event from [42:tcn2]
Assertion failed in file ../../dapl_conn_rc.c at line 1128: 0
internal ABORT - process 50
[51:tcn3] unexpected disconnect completion event from [35:tcn2]
Assertion failed in file ../../dapl_conn_rc.c at line 1128: 0
internal ABORT - process 51
[59:tcn3] unexpected disconnect completion event from [27:tcn2]
Assertion failed in file ../../dapl_conn_rc.c at line 1128: 0
internal ABORT - process 59
[45:tcn3] unexpected disconnect completion event from [41:tcn2]
Assertion failed in file ../../dapl_conn_rc.c at line 1128: 0
internal ABORT - process 45
[57:tcn3] unexpected disconnect completion event from [41:tcn2]
Assertion failed in file ../../dapl_conn_rc.c at line 1128: 0
internal ABORT - process 57
[49:tcn3] unexpected disconnect completion event from [41:tcn2]
Assertion failed in file ../../dapl_conn_rc.c at line 1128: 0
internal ABORT - process 49
[23:tcn2] unexpected disconnect completion event from [55:tcn3]
Assertion failed in file ../../dapl_conn_rc.c at line 1128: 0
internal ABORT - process 23
[41:tcn2] unexpected disconnect completion event from [43:tcn3]
Assertion failed in file ../../dapl_conn_rc.c at line 1128: 0
internal ABORT - process 41
[27:tcn2] unexpected disconnect completion event from [43:tcn3]
Assertion failed in file ../../dapl_conn_rc.c at line 1128: 0
internal ABORT - process 27
[35:tcn2] unexpected disconnect completion event from [43:tcn3]
Assertion failed in file ../../dapl_conn_rc.c at line 1128: 0
internal ABORT - process 35
[26:tcn2] unexpected disconnect completion event from [58:tcn3]
Assertion failed in file ../../dapl_conn_rc.c at line 1128: 0
internal ABORT - process 26
[34:tcn2] unexpected disconnect completion event from [50:tcn3]
Assertion failed in file ../../dapl_conn_rc.c at line 1128: 0
internal ABORT - process 34
[25:tcn2] unexpected disconnect completion event from [57:tcn3]
Assertion failed in file ../../dapl_conn_rc.c at line 1128: 0
internal ABORT - process 25
[33:tcn2] unexpected disconnect completion event from [49:tcn3]
Assertion failed in file ../../dapl_conn_rc.c at line 1128: 0
internal ABORT - process 33
[53:tcn3] unexpected disconnect completion event from [37:tcn2]
Assertion failed in file ../../dapl_conn_rc.c at line 1128: 0
internal ABORT - process 53
[61:tcn3] unexpected disconnect completion event from [29:tcn2]
Assertion failed in file ../../dapl_conn_rc.c at line 1128: 0
internal ABORT - process 61
[37:tcn2] unexpected disconnect completion event from [45:tcn3]
Assertion failed in file ../../dapl_conn_rc.c at line 1128: 0
internal ABORT - process 37
[29:tcn2] unexpected disconnect completion event from [45:tcn3]
Assertion failed in file ../../dapl_conn_rc.c at line 1128: 0
internal ABORT - process 29
srun: error: tcn1: task 0: Segmentation fault (core dumped)
srun: Terminating job step 1123112.161
slurmd[tcn1]: *** STEP 1123112.161 KILLED AT 2015-01-13T23:22:47 WITH SIGNAL 9 ***
slurmd[tcn2]: *** STEP 1123112.161 KILLED AT 2015-01-13T23:22:47 WITH SIGNAL 9 ***
slurmd[tcn3]: *** STEP 1123112.161 KILLED AT 2015-01-13T23:22:47 WITH SIGNAL 9 ***
srun: Job step aborted: Waiting up to 2 seconds for job step to finish.
slurmd[tcn2]: *** STEP 1123112.161 KILLED AT 2015-01-13T23:22:47 WITH SIGNAL 9 ***
slurmd[tcn1]: *** STEP 1123112.161 KILLED AT 2015-01-13T23:22:47 WITH SIGNAL 9 ***
slurmd[tcn3]: *** STEP 1123112.161 KILLED AT 2015-01-13T23:22:47 WITH SIGNAL 9 ***
srun: error: tcn2: tasks 22,38: Killed
srun: error: tcn2: tasks 23-37,39-42: Exited with exit code 1
srun: error: tcn3: tasks 43-53,55-63: Exited with exit code 1
srun: error: tcn3: task 54: Killed
srun: error: tcn1: tasks 1-21: Killed
poly8_2.mtx-P1	1	49	241	0.100375	14	0.010618	0.010147	0.000462	0.000009	0.000211	0.000246	0.000005
poly8_2.mtx-P2	2	49	241	0.100375	14	0.015761	0.014208	0.001529	0.000024	0.000565	0.000954	0.000010
poly8_2.mtx-P4	4	49	241	0.100375	14	0.009909	0.007252	0.002621	0.000036	0.000929	0.001690	0.000002
poly8_2.mtx-P8	8	49	241	0.100375	14	0.016670	0.012659	0.003948	0.000063	0.001449	0.002491	0.000007
poly8_3.mtx-P1	1	225	1345	0.026568	25	0.014652	0.013368	0.001270	0.000014	0.000798	0.000447	0.000025
poly8_3.mtx-P2	2	225	1345	0.026568	25	0.030999	0.028053	0.002913	0.000033	0.001204	0.001693	0.000016
poly8_3.mtx-P4	4	225	1345	0.026568	25	0.015662	0.011324	0.004297	0.000041	0.001626	0.002657	0.000014
poly8_3.mtx-P8	8	225	1345	0.026568	25	0.031272	0.024198	0.007009	0.000065	0.002506	0.004490	0.000013
poly8_3.mtx-P16	16	225	1345	0.026568	25	0.021295	0.010538	0.010654	0.000103	0.003784	0.006860	0.000010
poly8_3.mtx-P32	32	225	1345	0.026568	25	0.149190	0.080615	0.067994	0.000581	0.026672	0.041302	0.000021
poly8_4.mtx-P1	1	961	6241	0.006758	63	0.037653	0.029431	0.008187	0.000035	0.006564	0.001434	0.000189
poly8_4.mtx-P2	2	961	6241	0.006758	63	0.027958	0.017696	0.010217	0.000045	0.005584	0.004529	0.000104
poly8_4.mtx-P4	4	961	6241	0.006758	63	0.027228	0.014878	0.012293	0.000057	0.005334	0.006883	0.000075
poly8_4.mtx-P8	8	961	6241	0.006758	63	0.042943	0.024681	0.018174	0.000088	0.006872	0.011256	0.000045
poly8_4.mtx-P16	16	961	6241	0.006758	63	0.051833	0.024816	0.026897	0.000120	0.009742	0.017117	0.000037
poly8_4.mtx-P32	32	961	6241	0.006758	63	0.332131	0.184689	0.146993	0.000449	0.043400	0.103531	0.000061
poly8_4.mtx-P64	64	961	6241	0.006758	63	0.331022	0.121875	0.208514	0.000633	0.063900	0.144572	0.000042
poly8_5.mtx-P1	1	3969	26785	0.001700	131	0.098216	0.041329	0.056771	0.000116	0.050923	0.004390	0.001458
poly8_5.mtx-P2	2	3969	26785	0.001700	131	0.084584	0.041488	0.042982	0.000114	0.031967	0.010204	0.000811
poly8_5.mtx-P4	4	3969	26785	0.001700	131	0.069332	0.032623	0.036607	0.000102	0.021339	0.014827	0.000441
poly8_5.mtx-P8	8	3969	26785	0.001700	130	0.090084	0.046464	0.043466	0.000154	0.019372	0.023822	0.000272
poly8_5.mtx-P16	16	3969	26785	0.001700	130	0.095050	0.036718	0.058145	0.000187	0.022683	0.035287	0.000175
poly8_5.mtx-P32	32	3969	26785	0.001700	130	0.500946	0.194110	0.306254	0.000582	0.091224	0.214882	0.000148
poly8_5.mtx-P64	64	3969	26785	0.001700	130	1.206087	0.778269	0.427006	0.000812	0.130442	0.296442	0.000122
poly8_6.mtx-P1	1	16129	110881	0.000426	267	0.555411	0.113568	0.441383	0.000460	0.410077	0.018330	0.012976
poly8_6.mtx-P2	2	16129	110881	0.000426	267	0.378367	0.090141	0.287813	0.000413	0.253408	0.027829	0.006576
poly8_6.mtx-P4	4	16129	110881	0.000426	266	0.261604	0.098866	0.162323	0.000415	0.122811	0.036469	0.003044
poly8_6.mtx-P8	8	16129	110881	0.000426	267	0.227525	0.090271	0.136823	0.000431	0.082814	0.052447	0.001562
poly8_6.mtx-P16	16	16129	110881	0.000426	266	0.254304	0.101671	0.152102	0.000531	0.072231	0.078965	0.000906
poly8_6.mtx-P32	32	16129	110881	0.000426	266	0.966673	0.267624	0.698228	0.000821	0.238598	0.459002	0.000628
poly8_6.mtx-P64	64	16129	110881	0.000426	266	2.384722	0.829984	1.553095	0.001643	0.824091	0.728608	0.000396
