Running on Cartesius 

[1;31mtime	Thu Jan 15 03:23:06 CET 2015[0;39m
poly5_1.mtx-P1	1	6	16	0.444444	3	0.001702	0.001599	0.000096	0.000007	0.000038	0.000055	0.000003
poly5_1.mtx-P2	2	6	16	0.444444	3	0.002497	0.001931	0.000539	0.000027	0.000128	0.000408	0.000003
poly5_1.mtx-P4	4	6	16	0.444444	3	0.003173	0.002281	0.000856	0.000036	0.000508	0.000348	0.000000
poly5_10.mtx-P1	1	2618881	18321921	0.000003	6518	2185.224915	18.202540	2166.926510	0.095865	2033.941774	46.141891	86.842844
poly5_10.mtx-P2	2	2618881	18321921	0.000003	6518	1171.439335	15.900589	1155.457643	0.081103	1060.842285	54.795828	39.819530
poly5_10.mtx-P4	4	2618881	18321921	0.000003	6518	577.180837	14.260575	562.848804	0.071458	522.254996	21.716438	18.877370
poly5_10.mtx-P8	8	2618881	18321921	0.000003	6518	306.834482	13.419211	293.348309	0.066962	273.686470	8.662041	10.999798
poly5_10.mtx-P16	16	2618881	18321921	0.000003	6518	195.500736	12.977767	182.450320	0.072649	156.239505	17.899947	8.310867
poly5_10.mtx-P32	32	2618881	18321921	0.000003	6518	127.077575	12.868614	114.144085	0.064876	94.963587	15.484918	3.695580
poly5_10.mtx-P64	64	2618881	18321921	0.000003	6518	100.507307	13.467114	86.967580	0.072613	62.256173	22.792554	1.918853
poly5_2.mtx-P1	1	31	171	0.177940	11	0.002246	0.001820	0.000418	0.000008	0.000165	0.000250	0.000003
poly5_2.mtx-P2	2	31	171	0.177940	11	0.003905	0.001974	0.001907	0.000024	0.000751	0.001148	0.000008
poly5_2.mtx-P4	4	31	171	0.177940	11	0.005042	0.002459	0.002546	0.000037	0.000893	0.001643	0.000010
poly5_2.mtx-P8	8	31	171	0.177940	11	0.007021	0.003719	0.003243	0.000059	0.001131	0.002105	0.000007
poly5_3.mtx-P1	1	141	901	0.045320	27	0.004223	0.002436	0.001775	0.000012	0.001003	0.000740	0.000032
poly5_3.mtx-P2	2	141	901	0.045320	27	0.006727	0.002851	0.003847	0.000029	0.001708	0.002115	0.000024
poly5_3.mtx-P4	4	141	901	0.045320	27	0.008458	0.003192	0.005226	0.000040	0.001939	0.003270	0.000017
poly5_3.mtx-P8	8	141	901	0.045320	27	0.012401	0.004314	0.008025	0.000062	0.002924	0.005087	0.000015
poly5_3.mtx-P16	16	141	901	0.045320	27	0.017380	0.005534	0.011752	0.000094	0.004164	0.007576	0.000012
poly5_4.mtx-P1	1	601	4041	0.011188	65	0.011907	0.005742	0.006141	0.000024	0.004620	0.001387	0.000134
poly5_4.mtx-P2	2	601	4041	0.011188	65	0.015620	0.006033	0.009549	0.000038	0.004724	0.004731	0.000094
poly5_4.mtx-P4	4	601	4041	0.011188	65	0.018474	0.005851	0.012566	0.000057	0.005031	0.007479	0.000056
poly5_4.mtx-P8	8	601	4041	0.011188	65	0.025742	0.006506	0.019157	0.000079	0.007026	0.012080	0.000051
poly5_4.mtx-P16	16	601	4041	0.011188	65	0.036323	0.008381	0.027809	0.000133	0.010077	0.017683	0.000049
poly5_4.mtx-P32	32	601	4041	0.011188	65	0.219416	0.066614	0.152365	0.000437	0.044899	0.107427	0.000039
poly5_4.mtx-P64	64	601	4041	0.011188	65	0.336028	0.107615	0.227593	0.000820	0.077938	0.149604	0.000051
poly5_5.mtx-P1	1	2481	17041	0.002768	142	0.056969	0.016625	0.040266	0.000078	0.035251	0.003978	0.001036
poly5_5.mtx-P2	2	2481	17041	0.002768	142	0.051275	0.016209	0.034983	0.000083	0.023668	0.010764	0.000551
poly5_5.mtx-P4	4	2481	17041	0.002768	142	0.050043	0.015842	0.034111	0.000090	0.018083	0.015683	0.000344
poly5_5.mtx-P8	8	2481	17041	0.002768	142	0.061626	0.016119	0.045385	0.000122	0.019326	0.025846	0.000212
poly5_5.mtx-P16	16	2481	17041	0.002768	142	0.079416	0.016987	0.062274	0.000155	0.023500	0.038638	0.000136
poly5_5.mtx-P32	32	2481	17041	0.002768	142	0.513596	0.177272	0.335823	0.000501	0.099570	0.236108	0.000145
poly5_5.mtx-P64	64	2481	17041	0.002768	142	1.223446	0.752989	0.469758	0.000699	0.143298	0.326333	0.000127
poly5_6.mtx-P1	1	10081	69921	0.000688	290	0.361413	0.060521	0.300596	0.000296	0.276636	0.014891	0.009068
poly5_6.mtx-P2	2	10081	69921	0.000688	290	0.244544	0.057324	0.186943	0.000277	0.155002	0.027501	0.004441
poly5_6.mtx-P4	4	10081	69921	0.000688	290	0.184277	0.053309	0.130710	0.000258	0.091708	0.036704	0.002298
poly5_6.mtx-P8	8	10081	69921	0.000688	290	0.176343	0.052488	0.123554	0.000301	0.067240	0.055109	0.001206
poly5_6.mtx-P16	16	10081	69921	0.000688	290	0.199891	0.054337	0.145224	0.000330	0.064328	0.080181	0.000715
poly5_6.mtx-P32	32	10081	69921	0.000688	290	0.963650	0.206587	0.756394	0.000669	0.254525	0.501413	0.000456
poly5_6.mtx-P64	64	10081	69921	0.000688	290	2.137391	0.804427	1.331929	0.001035	0.540198	0.791399	0.000332
poly5_7.mtx-P1	1	40641	283201	0.000171	645	2.987940	0.241892	2.744736	0.001312	2.579442	0.080816	0.084478
poly5_7.mtx-P2	2	40641	283201	0.000171	645	1.642965	0.226855	1.415103	0.001007	1.272622	0.103308	0.039173
poly5_7.mtx-P4	4	40641	283201	0.000171	645	1.099384	0.207700	0.890596	0.001088	0.698041	0.172322	0.020233
poly5_7.mtx-P8	8	40641	283201	0.000171	645	0.740181	0.198578	0.540592	0.001011	0.390299	0.140748	0.009546
poly5_7.mtx-P16	16	40641	283201	0.000171	645	0.668504	0.198091	0.469277	0.001136	0.273505	0.190430	0.005342
poly5_7.mtx-P32	32	40641	283201	0.000171	645	2.108214	0.353825	1.752311	0.002078	0.633739	1.115625	0.002947
poly5_7.mtx-P64	64	40641	283201	0.000171	645	4.728029	0.925056	3.800961	0.002012	2.033017	1.766317	0.001627
poly5_8.mtx-P1	1	163201	1139841	0.000043	1350	26.343760	1.035410	25.303230	0.005120	23.949302	0.555946	0.797982
poly5_8.mtx-P2	2	163201	1139841	0.000043	1350	13.486944	0.928593	12.554007	0.004344	11.578474	0.626465	0.349068
poly5_8.mtx-P4	4	163201	1139841	0.000043	1350	7.810337	0.839628	6.966687	0.004022	6.391465	0.396941	0.178280
poly5_8.mtx-P8	8	163201	1139841	0.000043	1350	4.122306	0.801833	3.316530	0.003943	2.812939	0.418435	0.085155
poly5_8.mtx-P16	16	163201	1139841	0.000043	1350	3.010151	0.786984	2.218519	0.004648	1.608847	0.565535	0.044137
poly5_8.mtx-P32	32	163201	1139841	0.000043	1350	5.145421	0.906350	4.233553	0.005518	1.833189	2.378940	0.021424
poly5_8.mtx-P64	64	163201	1139841	0.000043	1350	9.781153	1.503905	8.270737	0.006511	4.540171	3.718635	0.011931
poly5_9.mtx-P1	1	654081	4573441	0.000011	2787	228.591251	4.394282	224.173517	0.023452	212.397252	4.677034	7.099231
poly5_9.mtx-P2	2	654081	4573441	0.000011	2787	117.525764	3.837748	113.670290	0.017726	107.281353	2.857857	3.531080
poly5_9.mtx-P4	4	654081	4573441	0.000011	2787	62.319710	3.482588	58.819916	0.017206	55.391793	1.590703	1.837420
poly5_9.mtx-P8	8	654081	4573441	0.000011	2787	33.354828	3.275503	30.063637	0.015688	27.890062	1.213375	0.960200
poly5_9.mtx-P16	16	654081	4573441	0.000011	2787	20.600805	3.175900	17.407453	0.017452	15.507025	1.262549	0.637880
poly5_9.mtx-P32	32	654081	4573441	0.000011	2787	18.993781	3.271406	15.702252	0.020123	9.980989	5.419791	0.301472
poly5_9.mtx-P64	64	654081	4573441	0.000011	2787	23.686134	3.854559	19.813253	0.018322	11.660634	8.045976	0.106643
srun: Job step aborted: Waiting up to 2 seconds for job step to finish.
slurmd[tcn145]: *** JOB 1124240 CANCELLED AT 2015-01-15T05:23:25 DUE TO TIME LIMIT ***
slurmd[tcn145]: *** STEP 1124240.61 CANCELLED AT 2015-01-15T05:23:25 DUE TO TIME LIMIT ***
