Running on Cartesius 

[1;31mtime	Tue Jan 13 17:49:20 CET 2015[0;39m
poly3_1.mtx-P1	1	4	10	0.625000	3	0.001795	0.001657	0.000131	0.000007	0.000074	0.000055	0.000002
poly3_1.mtx-P2	2	4	10	0.625000	3	0.002584	0.001943	0.000567	0.000074	0.000206	0.000357	0.000004
poly3_2.mtx-P1	1	19	91	0.252078	7	0.002048	0.001745	0.000295	0.000008	0.000116	0.000174	0.000005
poly3_2.mtx-P2	2	19	91	0.252078	7	0.003536	0.001944	0.001567	0.000025	0.000420	0.001144	0.000003
poly3_2.mtx-P8	8	19	91	0.252078	7	0.005686	0.003374	0.002251	0.000061	0.000820	0.001429	0.000002
poly3_3.mtx-P1	1	85	505	0.069896	20	0.003442	0.002145	0.001285	0.000012	0.000715	0.000554	0.000016
poly3_3.mtx-P2	2	85	505	0.069896	20	0.005648	0.002554	0.003068	0.000026	0.001131	0.001922	0.000015
poly3_3.mtx-P4	4	85	505	0.069896	20	0.007469	0.002923	0.004507	0.000039	0.001715	0.002776	0.000016
poly3_3.mtx-P8	8	85	505	0.069896	20	0.010324	0.003790	0.006473	0.000061	0.002301	0.004150	0.000022
poly3_4.mtx-P1	1	361	2341	0.017963	49	0.008047	0.004194	0.003835	0.000018	0.002583	0.001173	0.000079
poly3_4.mtx-P2	2	361	2341	0.017963	49	0.011656	0.004379	0.007243	0.000034	0.003192	0.003997	0.000054
poly3_4.mtx-P4	4	361	2341	0.017963	49	0.014253	0.004516	0.009693	0.000044	0.003783	0.005876	0.000033
poly3_4.mtx-P8	8	361	2341	0.017963	49	0.019876	0.005260	0.014551	0.000065	0.005106	0.009413	0.000031
poly3_4.mtx-P16	16	361	2341	0.017963	49	0.028300	0.007117	0.021081	0.000102	0.007460	0.013590	0.000032
poly3_5.mtx-P1	1	1489	10045	0.004531	104	0.030730	0.011186	0.019493	0.000051	0.016311	0.002691	0.000491
poly3_5.mtx-P2	2	1489	10045	0.004531	104	0.031733	0.011053	0.020613	0.000067	0.012358	0.007995	0.000260
poly3_5.mtx-P4	4	1489	10045	0.004531	104	0.033522	0.010842	0.022608	0.000072	0.010597	0.011845	0.000167
poly3_5.mtx-P8	8	1489	10045	0.004531	104	0.042936	0.010849	0.031993	0.000094	0.012897	0.018981	0.000115
poly3_5.mtx-P16	16	1489	10045	0.004531	104	0.057740	0.012330	0.045265	0.000145	0.016700	0.028466	0.000099
poly3_5.mtx-P32	32	1489	10045	0.004531	104	0.417543	0.171688	0.245374	0.000481	0.072643	0.172645	0.000086
poly3_5.mtx-P64	64	1489	10045	0.004531	104	1.118801	0.771019	0.347132	0.000650	0.105688	0.241353	0.000091
poly3_6.mtx-P1	1	6049	41581	0.001136	209	0.175441	0.037486	0.137777	0.000178	0.125654	0.008438	0.003686
poly3_6.mtx-P2	2	6049	41581	0.001136	209	0.129379	0.035700	0.093489	0.000190	0.073107	0.018492	0.001890
poly3_6.mtx-P4	4	6049	41581	0.001136	209	0.106315	0.033479	0.072679	0.000157	0.046271	0.025442	0.000966
poly3_6.mtx-P8	8	6049	41581	0.001136	209	0.111885	0.033758	0.077933	0.000194	0.038309	0.039072	0.000552
poly3_6.mtx-P16	16	6049	41581	0.001136	209	0.134493	0.035690	0.098570	0.000233	0.040540	0.057662	0.000369
poly3_6.mtx-P32	32	6049	41581	0.001136	209	0.728405	0.185493	0.542351	0.000561	0.180196	0.361931	0.000224
poly3_6.mtx-P64	64	6049	41581	0.001136	209	1.459636	0.761471	0.697279	0.000886	0.214276	0.482779	0.000224
poly3_7.mtx-P1	1	24385	169165	0.000284	438	1.266082	0.145767	1.119595	0.000720	1.047223	0.038727	0.033645
poly3_7.mtx-P2	2	24385	169165	0.000284	438	0.763095	0.137259	0.625128	0.000708	0.557631	0.050818	0.016679
poly3_7.mtx-P4	4	24385	169165	0.000284	438	0.496496	0.126895	0.368970	0.000631	0.296981	0.063659	0.008330
poly3_7.mtx-P8	8	24385	169165	0.000284	438	0.401443	0.122191	0.278513	0.000739	0.187699	0.086500	0.004315
poly3_7.mtx-P16	16	24385	169165	0.000284	438	0.392328	0.122464	0.269148	0.000716	0.141551	0.125396	0.002201
poly3_7.mtx-P32	32	24385	169165	0.000284	438	1.438057	0.278875	1.158123	0.001059	0.403412	0.753404	0.001306
poly3_7.mtx-P64	64	24385	169165	0.000284	438	3.410686	0.822411	2.586474	0.001801	1.370172	1.215431	0.000871
poly4_1.mtx-P1	1	5	13	0.520000	2	0.001819	0.001750	0.000062	0.000007	0.000024	0.000036	0.000002
poly4_1.mtx-P2	2	5	13	0.520000	2	0.002168	0.001758	0.000386	0.000024	0.000183	0.000199	0.000004
poly4_1.mtx-P4	4	5	13	0.520000	2	0.002701	0.002295	0.000334	0.000072	0.000118	0.000214	0.000002
poly4_2.mtx-P1	1	25	121	0.193600	6	0.001756	0.001550	0.000199	0.000007	0.000085	0.000106	0.000008
poly4_2.mtx-P2	2	25	121	0.193600	6	0.003300	0.002192	0.001065	0.000043	0.000351	0.000711	0.000003
poly4_2.mtx-P4	4	25	121	0.193600	6	0.003976	0.002443	0.001495	0.000038	0.000528	0.000963	0.000004
poly4_2.mtx-P8	8	25	121	0.193600	6	0.005572	0.003714	0.001797	0.000061	0.000670	0.001127	0.000000
poly4_3.mtx-P1	1	113	673	0.052706	19	0.003669	0.002273	0.001385	0.000011	0.000708	0.000663	0.000014
poly4_3.mtx-P2	2	113	673	0.052706	19	0.005701	0.002633	0.003030	0.000038	0.001200	0.001817	0.000013
poly4_3.mtx-P4	4	113	673	0.052706	19	0.007201	0.003071	0.004091	0.000039	0.001341	0.002737	0.000012
poly4_3.mtx-P8	8	113	673	0.052706	19	0.010108	0.004116	0.005929	0.000063	0.002139	0.003781	0.000009
poly4_3.mtx-P16	16	113	673	0.052706	19	0.014058	0.005359	0.008607	0.000092	0.003132	0.005463	0.000011
poly4_4.mtx-P1	1	481	3121	0.013490	40	0.008098	0.004454	0.003623	0.000021	0.002663	0.000890	0.000070
poly4_4.mtx-P2	2	481	3121	0.013490	40	0.010934	0.004700	0.006196	0.000038	0.002949	0.003199	0.000048
poly4_4.mtx-P4	4	481	3121	0.013490	40	0.012842	0.004335	0.008462	0.000045	0.003243	0.005173	0.000046
poly4_4.mtx-P8	8	481	3121	0.013490	40	0.017582	0.005439	0.012066	0.000077	0.004559	0.007474	0.000033
poly4_4.mtx-P16	16	481	3121	0.013490	40	0.024699	0.007027	0.017572	0.000100	0.006362	0.011174	0.000036
poly4_4.mtx-P32	32	481	3121	0.013490	40	0.165717	0.065642	0.099638	0.000437	0.031156	0.068455	0.000027
poly4_4.mtx-P64	64	481	3121	0.013490	40	0.255686	0.107898	0.147025	0.000763	0.055241	0.091756	0.000028
poly4_5.mtx-P1	1	1985	13393	0.003399	83	0.031484	0.011926	0.019495	0.000063	0.016750	0.002260	0.000485
poly4_5.mtx-P2	2	1985	13393	0.003399	83	0.030615	0.011609	0.018937	0.000069	0.012125	0.006539	0.000273
poly4_5.mtx-P4	4	1985	13393	0.003399	83	0.030806	0.011481	0.019255	0.000070	0.009529	0.009584	0.000141
poly4_5.mtx-P8	8	1985	13393	0.003399	83	0.037991	0.011406	0.026476	0.000109	0.010858	0.015512	0.000106
poly4_5.mtx-P16	16	1985	13393	0.003399	83	0.049639	0.012965	0.036515	0.000159	0.013640	0.022810	0.000065
poly4_5.mtx-P32	32	1985	13393	0.003399	83	0.366704	0.171033	0.195191	0.000480	0.057832	0.137287	0.000072
poly4_5.mtx-P64	64	1985	13393	0.003399	83	1.035722	0.759378	0.275675	0.000669	0.084104	0.191507	0.000064
poly4_6.mtx-P1	1	8065	55441	0.000852	168	0.184959	0.040792	0.143932	0.000235	0.131987	0.007962	0.003984
poly4_6.mtx-P2	2	8065	55441	0.000852	168	0.132546	0.038529	0.093788	0.000229	0.076590	0.015173	0.002025
poly4_6.mtx-P4	4	8065	55441	0.000852	168	0.103547	0.035617	0.067759	0.000171	0.045854	0.020788	0.001117
poly4_6.mtx-P8	8	8065	55441	0.000852	168	0.104760	0.035330	0.069187	0.000243	0.035246	0.033372	0.000570
poly4_6.mtx-P16	16	8065	55441	0.000852	168	0.118632	0.036904	0.081441	0.000287	0.034640	0.046470	0.000331
poly4_6.mtx-P32	32	8065	55441	0.000852	168	0.624114	0.185048	0.438443	0.000623	0.146306	0.291877	0.000260
poly4_6.mtx-P64	64	8065	55441	0.000852	168	1.391848	0.829156	0.561741	0.000951	0.173275	0.388276	0.000190
poly5_1.mtx-P1	1	6	16	0.444444	3	0.001757	0.001654	0.000096	0.000007	0.000035	0.000061	0.000000
poly5_1.mtx-P2	2	6	16	0.444444	3	0.002313	0.001935	0.000344	0.000034	0.000130	0.000212	0.000002
poly5_1.mtx-P4	4	6	16	0.444444	3	0.003310	0.002548	0.000706	0.000056	0.000314	0.000375	0.000017
poly5_2.mtx-P1	1	31	151	0.157128	10	0.002487	0.001882	0.000510	0.000095	0.000181	0.000322	0.000007
poly5_2.mtx-P2	2	31	151	0.157128	10	0.003976	0.001979	0.001952	0.000045	0.000899	0.001040	0.000013
poly5_3.mtx-P1	1	141	841	0.042302	26	0.004514	0.002702	0.001783	0.000029	0.000979	0.000782	0.000022
poly5_3.mtx-P2	2	141	841	0.042302	26	0.006954	0.003085	0.003822	0.000047	0.001461	0.002347	0.000015
poly5_3.mtx-P4	4	141	841	0.042302	26	0.009177	0.003286	0.005850	0.000041	0.002321	0.003515	0.000014
poly5_3.mtx-P8	8	141	841	0.042302	26	0.012191	0.004274	0.007855	0.000062	0.002984	0.004861	0.000011
poly5_4.mtx-P1	1	601	3901	0.010800	60	0.011625	0.005692	0.005910	0.000023	0.004373	0.001394	0.000142
poly5_4.mtx-P2	2	601	3901	0.010800	60	0.015094	0.005678	0.009375	0.000041	0.004528	0.004774	0.000073
poly5_4.mtx-P4	4	601	3901	0.010800	60	0.017832	0.005781	0.011996	0.000055	0.004958	0.006980	0.000058
poly5_4.mtx-P8	8	601	3901	0.010800	59	0.024253	0.006435	0.017737	0.000081	0.006521	0.011171	0.000046
poly5_4.mtx-P16	16	601	3901	0.010800	60	0.033722	0.008026	0.025589	0.000107	0.009145	0.016412	0.000032
poly5_4.mtx-P32	32	601	3901	0.010800	60	0.211545	0.067353	0.143750	0.000442	0.042798	0.100912	0.000040
poly5_5.mtx-P1	1	2481	16741	0.002720	122	0.051688	0.016562	0.035049	0.000077	0.030608	0.003569	0.000872
poly5_5.mtx-P2	2	2481	16741	0.002720	122	0.047040	0.016054	0.030904	0.000082	0.020680	0.009772	0.000452
poly5_5.mtx-P4	4	2481	16741	0.002720	122	0.045752	0.015620	0.030048	0.000084	0.015533	0.014244	0.000271
poly5_5.mtx-P8	8	2481	16741	0.002720	122	0.055180	0.016169	0.038891	0.000120	0.016289	0.022423	0.000178
poly5_5.mtx-P16	16	2481	16741	0.002720	122	0.071326	0.017276	0.053886	0.000164	0.020317	0.033458	0.000110
poly5_5.mtx-P32	32	2481	16741	0.002720	122	0.466377	0.177751	0.288138	0.000488	0.085753	0.202294	0.000091
poly5_5.mtx-P64	64	2481	16741	0.002720	122	1.168358	0.761035	0.406627	0.000696	0.124496	0.282048	0.000082
poly5_6.mtx-P1	1	10081	69301	0.000682	264	0.345984	0.060497	0.285181	0.000306	0.262875	0.014125	0.008181
poly5_6.mtx-P2	2	10081	69301	0.000682	264	0.247943	0.057295	0.190376	0.000272	0.161604	0.024924	0.003848
poly5_6.mtx-P4	4	10081	69301	0.000682	264	0.173835	0.052935	0.120684	0.000216	0.084644	0.034070	0.001971
poly5_6.mtx-P8	8	10081	69301	0.000682	264	0.166398	0.052559	0.113542	0.000297	0.062098	0.050417	0.001027
poly5_6.mtx-P16	16	10081	69301	0.000682	264	0.189446	0.054481	0.134641	0.000324	0.058497	0.075526	0.000617
poly5_6.mtx-P32	32	10081	69301	0.000682	264	0.896614	0.210051	0.685899	0.000664	0.229494	0.455985	0.000420
poly5_6.mtx-P64	64	10081	69301	0.000682	264	2.016934	0.791900	1.223997	0.001037	0.495688	0.728029	0.000281
poly6_1.mtx-P1	1	7	19	0.387755	3	0.001774	0.001671	0.000097	0.000006	0.000035	0.000061	0.000001
poly6_1.mtx-P2	2	7	19	0.387755	3	0.002756	0.002064	0.000659	0.000033	0.000162	0.000494	0.000003
poly6_2.mtx-P1	1	37	181	0.132213	9	0.002472	0.001912	0.000547	0.000013	0.000193	0.000318	0.000036
poly6_2.mtx-P2	2	37	181	0.132213	9	0.003919	0.002230	0.001590	0.000099	0.000444	0.001133	0.000013
poly6_2.mtx-P4	4	37	181	0.132213	9	0.004963	0.002686	0.002237	0.000040	0.000821	0.001413	0.000004
poly6_3.mtx-P1	1	169	1009	0.035328	23	0.004361	0.002730	0.001619	0.000012	0.001032	0.000562	0.000025
poly6_3.mtx-P2	2	169	1009	0.035328	23	0.006386	0.003084	0.003272	0.000030	0.001372	0.001884	0.000016
poly6_3.mtx-P4	4	169	1009	0.035328	23	0.008263	0.003377	0.004846	0.000040	0.001869	0.002958	0.000019
poly6_3.mtx-P8	8	169	1009	0.035328	23	0.011439	0.004294	0.007080	0.000065	0.002552	0.004519	0.000010
poly6_3.mtx-P16	16	169	1009	0.035328	23	0.015973	0.005566	0.010313	0.000094	0.003769	0.006528	0.000016
poly6_4.mtx-P1	1	721	4681	0.009005	55	0.012617	0.006361	0.006228	0.000028	0.004805	0.001295	0.000128
poly6_4.mtx-P2	2	721	4681	0.009005	55	0.015359	0.006650	0.008669	0.000040	0.004347	0.004252	0.000070
poly6_4.mtx-P4	4	721	4681	0.009005	55	0.017779	0.006422	0.011304	0.000053	0.004642	0.006604	0.000058
poly6_4.mtx-P8	8	721	4681	0.009005	55	0.023401	0.006997	0.016322	0.000082	0.006067	0.010214	0.000041
poly6_4.mtx-P16	16	721	4681	0.009005	55	0.032479	0.009002	0.023367	0.000110	0.008367	0.014956	0.000044
poly6_4.mtx-P32	32	721	4681	0.009005	55	0.197709	0.065527	0.131735	0.000447	0.039320	0.092380	0.000036
poly6_5.mtx-P1	1	2977	20089	0.002267	115	0.058542	0.019217	0.039226	0.000099	0.034679	0.003569	0.000978
poly6_5.mtx-P2	2	2977	20089	0.002267	114	0.050602	0.018921	0.031576	0.000105	0.021959	0.009104	0.000513
poly6_5.mtx-P4	4	2977	20089	0.002267	114	0.047823	0.018136	0.029586	0.000101	0.016281	0.013004	0.000301
poly6_5.mtx-P8	8	2977	20089	0.002267	114	0.056374	0.018806	0.037431	0.000137	0.016011	0.021261	0.000159
poly6_5.mtx-P16	16	2977	20089	0.002267	114	0.070305	0.019185	0.050953	0.000167	0.019473	0.031356	0.000124
poly6_5.mtx-P32	32	2977	20089	0.002267	114	0.446091	0.169340	0.276183	0.000568	0.082968	0.193102	0.000113
poly6_5.mtx-P64	64	2977	20089	0.002267	114	1.139065	0.759254	0.378988	0.000823	0.115788	0.263113	0.000087
poly6_6.mtx-P1	1	12097	83161	0.000568	292	0.443253	0.073217	0.369676	0.000360	0.341923	0.017176	0.010577
poly6_6.mtx-P2	2	12097	83161	0.000568	292	0.294008	0.069105	0.224582	0.000321	0.190387	0.028727	0.005468
poly6_6.mtx-P4	4	12097	83161	0.000568	292	0.214028	0.063887	0.149770	0.000371	0.109514	0.037577	0.002680
poly6_6.mtx-P8	8	12097	83161	0.000568	292	0.197333	0.062396	0.134590	0.000347	0.076660	0.056579	0.001350
poly6_6.mtx-P16	16	12097	83161	0.000568	292	0.216096	0.064155	0.151564	0.000377	0.069696	0.081062	0.000806
poly6_6.mtx-P32	32	12097	83161	0.000568	297	0.996568	0.222825	0.773020	0.000723	0.260517	0.511931	0.000572
poly6_6.mtx-P64	64	12097	83161	0.000568	291	2.519781	0.801468	1.716690	0.001623	0.913245	0.803099	0.000346
poly7_1.mtx-P1	1	8	22	0.343750	3	0.001785	0.001688	0.000090	0.000007	0.000035	0.000054	0.000001
poly7_1.mtx-P2	2	8	22	0.343750	3	0.002615	0.002010	0.000542	0.000063	0.000140	0.000400	0.000002
poly7_2.mtx-P1	1	43	211	0.114116	12	0.002407	0.001871	0.000525	0.000011	0.000184	0.000310	0.000031
poly7_2.mtx-P2	2	43	211	0.114116	12	0.003835	0.001875	0.001840	0.000120	0.000708	0.001128	0.000004
poly7_2.mtx-P4	4	43	211	0.114116	12	0.005499	0.002469	0.002991	0.000039	0.001187	0.001796	0.000008
poly7_2.mtx-P8	8	43	211	0.114116	12	0.007468	0.003804	0.003579	0.000085	0.001256	0.002320	0.000003
poly7_3.mtx-P1	1	197	1177	0.030328	32	0.005042	0.002986	0.002043	0.000013	0.001167	0.000841	0.000036
poly7_3.mtx-P2	2	197	1177	0.030328	32	0.007998	0.003251	0.004712	0.000035	0.001961	0.002733	0.000019
poly7_3.mtx-P4	4	197	1177	0.030328	32	0.010196	0.003600	0.006554	0.000042	0.002469	0.004064	0.000021
poly7_3.mtx-P8	8	197	1177	0.030328	32	0.014133	0.004566	0.009503	0.000064	0.003333	0.006148	0.000022
poly7_3.mtx-P16	16	197	1177	0.030328	32	0.020398	0.005929	0.014354	0.000115	0.005276	0.009058	0.000020
poly7_4.mtx-P1	1	841	5461	0.007721	76	0.016534	0.007123	0.009380	0.000031	0.007447	0.001718	0.000215
poly7_4.mtx-P2	2	841	5461	0.007721	76	0.019823	0.007379	0.012395	0.000049	0.006515	0.005755	0.000125
poly7_4.mtx-P4	4	841	5461	0.007721	76	0.022388	0.007129	0.015205	0.000054	0.006601	0.008533	0.000071
poly7_4.mtx-P8	8	841	5461	0.007721	76	0.030198	0.007387	0.022728	0.000083	0.008727	0.013937	0.000065
poly7_4.mtx-P16	16	841	5461	0.007721	76	0.041944	0.009279	0.032549	0.000116	0.011792	0.020695	0.000062
poly7_4.mtx-P32	32	841	5461	0.007721	76	0.358394	0.178456	0.179474	0.000464	0.052716	0.126688	0.000069
poly7_5.mtx-P1	1	3473	23437	0.001943	157	0.082932	0.022379	0.060443	0.000110	0.053625	0.005228	0.001590
poly7_5.mtx-P2	2	3473	23437	0.001943	157	0.069769	0.021706	0.047952	0.000111	0.034440	0.012658	0.000855
poly7_5.mtx-P4	4	3473	23437	0.001943	157	0.063525	0.020564	0.042844	0.000117	0.024276	0.018098	0.000470
poly7_5.mtx-P8	8	3473	23437	0.001943	157	0.074023	0.021305	0.052577	0.000141	0.022833	0.029456	0.000289
poly7_5.mtx-P16	16	3473	23437	0.001943	158	0.092797	0.021830	0.070784	0.000183	0.027366	0.043241	0.000177
poly7_5.mtx-P32	32	3473	23437	0.001943	162	0.566939	0.184033	0.382340	0.000566	0.113658	0.268525	0.000157
poly7_5.mtx-P64	64	3473	23437	0.001943	157	1.322424	0.799303	0.522285	0.000836	0.159904	0.362264	0.000118
poly7_6.mtx-P1	1	14113	97021	0.000487	353	0.603605	0.084616	0.518573	0.000416	0.480812	0.022495	0.015266
poly7_6.mtx-P2	2	14113	97021	0.000487	352	0.385799	0.079607	0.305796	0.000396	0.262203	0.036451	0.007141
poly7_6.mtx-P4	4	14113	97021	0.000487	352	0.274370	0.074399	0.199574	0.000397	0.150727	0.045010	0.003837
poly7_6.mtx-P8	8	14113	97021	0.000487	352	0.244472	0.072188	0.171879	0.000405	0.101562	0.068400	0.001917
poly7_6.mtx-P16	16	14113	97021	0.000487	352	0.264221	0.073303	0.190471	0.000447	0.088715	0.100613	0.001143
poly7_6.mtx-P32	32	14113	97021	0.000487	351	1.149161	0.225822	0.922566	0.000773	0.312911	0.608933	0.000722
poly7_6.mtx-P64	64	14113	97021	0.000487	353	2.914476	0.837728	2.075133	0.001615	1.101220	0.973440	0.000473
poly8_1.mtx-P1	1	9	25	0.308642	2	0.001814	0.001710	0.000094	0.000010	0.000050	0.000043	0.000001
poly8_1.mtx-P2	2	9	25	0.308642	2	0.002342	0.002017	0.000277	0.000048	0.000091	0.000183	0.000003
poly8_1.mtx-P4	4	9	25	0.308642	2	0.002931	0.002403	0.000492	0.000036	0.000238	0.000252	0.000002
[56:tcn411] unexpected DAPL connection event 0x4006 from 0
Assertion failed in file ../../dapl_poll_rc.c at line 1675: 0
internal ABORT - process 56
[32:tcn144] unexpected disconnect completion event from [0:tcn129]
Assertion failed in file ../../dapl_conn_rc.c at line 1128: 0
internal ABORT - process 32
[28:tcn144] unexpected disconnect completion event from [60:tcn411]
Assertion failed in file ../../dapl_conn_rc.c at line 1128: 0
internal ABORT - process 28
[31:tcn144] unexpected disconnect completion event from [63:tcn411]
Assertion failed in file ../../dapl_conn_rc.c at line 1128: 0
internal ABORT - process 31
[30:tcn144] unexpected disconnect completion event from [62:tcn411]
Assertion failed in file ../../dapl_conn_rc.c at line 1128: 0
internal ABORT - process 30
[40:tcn144] unexpected disconnect completion event from [56:tcn411]
Assertion failed in file ../../dapl_conn_rc.c at line 1128: 0
internal ABORT - process 40
[24:tcn144] unexpected disconnect completion event from [56:tcn411]
Assertion failed in file ../../dapl_conn_rc.c at line 1128: 0
internal ABORT - process 24
[39:tcn144] unexpected disconnect completion event from [47:tcn411]
Assertion failed in file ../../dapl_conn_rc.c at line 1128: 0
internal ABORT - process 39
[42:tcn144] unexpected disconnect completion event from [46:tcn411]
Assertion failed in file ../../dapl_conn_rc.c at line 1128: 0
internal ABORT - process 42
[36:tcn144] unexpected disconnect completion event from [44:tcn411]
Assertion failed in file ../../dapl_conn_rc.c at line 1128: 0
internal ABORT - process 36
[60:tcn411] unexpected DAPL connection event 0x4006 from 0
Assertion failed in file ../../dapl_poll_rc.c at line 1675: 0
internal ABORT - process 60
[62:tcn411] unexpected DAPL connection event 0x4006 from 0
Assertion failed in file ../../dapl_poll_rc.c at line 1675: 0
internal ABORT - process 62
[63:tcn411] unexpected DAPL connection event 0x4006 from 0
Assertion failed in file ../../dapl_poll_rc.c at line 1675: 0
internal ABORT - process 63
[48:tcn411] unexpected DAPL connection event 0x4006 from 0
Assertion failed in file ../../dapl_poll_rc.c at line 1675: 0
internal ABORT - process 48
[47:tcn411] unexpected disconnect completion event from [31:tcn144]
Assertion failed in file ../../dapl_conn_rc.c at line 1128: 0
internal ABORT - process 47
[44:tcn411] unexpected disconnect completion event from [28:tcn144]
Assertion failed in file ../../dapl_conn_rc.c at line 1128: 0
internal ABORT - process 44
[46:tcn411] unexpected disconnect completion event from [30:tcn144]
Assertion failed in file ../../dapl_conn_rc.c at line 1128: 0
internal ABORT - process 46
[55:tcn411] unexpected disconnect completion event from [39:tcn144]
Assertion failed in file ../../dapl_conn_rc.c at line 1128: 0
internal ABORT - process 55
[43:tcn411] unexpected disconnect completion event from [39:tcn144]
Assertion failed in file ../../dapl_conn_rc.c at line 1128: 0
internal ABORT - process 43
[52:tcn411] unexpected disconnect completion event from [36:tcn144]
Assertion failed in file ../../dapl_conn_rc.c at line 1128: 0
internal ABORT - process 52
[50:tcn411] unexpected disconnect completion event from [42:tcn144]
Assertion failed in file ../../dapl_conn_rc.c at line 1128: 0
internal ABORT - process 50
[58:tcn411] unexpected disconnect completion event from [42:tcn144]
Assertion failed in file ../../dapl_conn_rc.c at line 1128: 0
internal ABORT - process 58
[51:tcn411] unexpected disconnect completion event from [35:tcn144]
Assertion failed in file ../../dapl_conn_rc.c at line 1128: 0
internal ABORT - process 51
[59:tcn411] unexpected disconnect completion event from [27:tcn144]
Assertion failed in file ../../dapl_conn_rc.c at line 1128: 0
internal ABORT - process 59
[45:tcn411] unexpected disconnect completion event from [41:tcn144]
Assertion failed in file ../../dapl_conn_rc.c at line 1128: 0
internal ABORT - process 45
[57:tcn411] unexpected disconnect completion event from [41:tcn144]
Assertion failed in file ../../dapl_conn_rc.c at line 1128: 0
internal ABORT - process 57
[49:tcn411] unexpected disconnect completion event from [41:tcn144]
Assertion failed in file ../../dapl_conn_rc.c at line 1128: 0
internal ABORT - process 49
[23:tcn144] unexpected disconnect completion event from [55:tcn411]
Assertion failed in file ../../dapl_conn_rc.c at line 1128: 0
internal ABORT - process 23
[35:tcn144] unexpected disconnect completion event from [43:tcn411]
Assertion failed in file ../../dapl_conn_rc.c at line 1128: 0
internal ABORT - process 35
[41:tcn144] unexpected disconnect completion event from [43:tcn411]
Assertion failed in file ../../dapl_conn_rc.c at line 1128: 0
internal ABORT - process 41
[27:tcn144] unexpected disconnect completion event from [43:tcn411]
Assertion failed in file ../../dapl_conn_rc.c at line 1128: 0
internal ABORT - process 27
[26:tcn144] unexpected disconnect completion event from [58:tcn411]
Assertion failed in file ../../dapl_conn_rc.c at line 1128: 0
internal ABORT - process 26
[34:tcn144] unexpected disconnect completion event from [50:tcn411]
Assertion failed in file ../../dapl_conn_rc.c at line 1128: 0
internal ABORT - process 34
[25:tcn144] unexpected disconnect completion event from [57:tcn411]
Assertion failed in file ../../dapl_conn_rc.c at line 1128: 0
internal ABORT - process 25
[37:tcn144] unexpected disconnect completion event from [45:tcn411]
Assertion failed in file ../../dapl_conn_rc.c at line 1128: 0
internal ABORT - process 37
[53:tcn411] unexpected disconnect completion event from [37:tcn144]
Assertion failed in file ../../dapl_conn_rc.c at line 1128: 0
internal ABORT - process 53
[61:tcn411] unexpected disconnect completion event from [29:tcn144]
Assertion failed in file ../../dapl_conn_rc.c at line 1128: 0
internal ABORT - process 61
[33:tcn144] unexpected disconnect completion event from [49:tcn411]
Assertion failed in file ../../dapl_conn_rc.c at line 1128: 0
[29:tcn144] unexpected disconnect completion event from [45:tcn411]
Assertion failed in file ../../dapl_conn_rc.c at line 1128: 0
internal ABORT - process 29
internal ABORT - process 33
srun: error: tcn129: task 0: Segmentation fault (core dumped)
srun: Terminating job step 1122828.161
slurmd[tcn129]: *** STEP 1122828.161 KILLED AT 2015-01-13T17:53:51 WITH SIGNAL 9 ***
slurmd[tcn144]: *** STEP 1122828.161 KILLED AT 2015-01-13T17:53:51 WITH SIGNAL 9 ***
slurmd[tcn411]: *** STEP 1122828.161 KILLED AT 2015-01-13T17:53:51 WITH SIGNAL 9 ***
srun: Job step aborted: Waiting up to 2 seconds for job step to finish.
slurmd[tcn129]: *** STEP 1122828.161 KILLED AT 2015-01-13T17:53:51 WITH SIGNAL 9 ***
slurmd[tcn411]: *** STEP 1122828.161 KILLED AT 2015-01-13T17:53:51 WITH SIGNAL 9 ***
slurmd[tcn144]: *** STEP 1122828.161 KILLED AT 2015-01-13T17:53:51 WITH SIGNAL 9 ***
srun: error: tcn144: tasks 22,38: Killed
srun: error: tcn144: tasks 23-37,39-42: Exited with exit code 1
srun: error: tcn411: tasks 43-53,55-63: Exited with exit code 1
srun: error: tcn411: task 54: Killed
srun: error: tcn129: tasks 1-21: Killed
poly8_2.mtx-P1	1	49	241	0.100375	14	0.002636	0.002142	0.000483	0.000011	0.000217	0.000257	0.000009
poly8_2.mtx-P2	2	49	241	0.100375	14	0.004625	0.002179	0.002420	0.000026	0.000968	0.001437	0.000015
poly8_2.mtx-P4	4	49	241	0.100375	14	0.005893	0.002503	0.003345	0.000045	0.001154	0.002181	0.000010
poly8_2.mtx-P8	8	49	241	0.100375	14	0.008008	0.003601	0.004345	0.000062	0.001522	0.002818	0.000005
poly8_3.mtx-P1	1	225	1345	0.026568	25	0.004771	0.003029	0.001725	0.000017	0.001024	0.000667	0.000035
poly8_3.mtx-P2	2	225	1345	0.026568	25	0.007185	0.003492	0.003662	0.000031	0.001543	0.002099	0.000020
poly8_3.mtx-P4	4	225	1345	0.026568	25	0.009006	0.003897	0.004980	0.000129	0.001844	0.003125	0.000011
poly8_3.mtx-P8	8	225	1345	0.026568	25	0.012369	0.004630	0.007673	0.000066	0.002788	0.004874	0.000012
poly8_3.mtx-P16	16	225	1345	0.026568	25	0.017197	0.006127	0.010974	0.000096	0.003977	0.006984	0.000013
poly8_3.mtx-P32	32	225	1345	0.026568	25	0.133193	0.065696	0.066908	0.000589	0.025640	0.041250	0.000019
poly8_4.mtx-P1	1	961	6241	0.006758	63	0.016108	0.007669	0.008404	0.000035	0.006613	0.001594	0.000197
poly8_4.mtx-P2	2	961	6241	0.006758	63	0.018513	0.007817	0.010649	0.000047	0.005857	0.004676	0.000116
poly8_4.mtx-P4	4	961	6241	0.006758	63	0.020218	0.007525	0.012637	0.000056	0.005462	0.007104	0.000071
poly8_4.mtx-P8	8	961	6241	0.006758	63	0.026985	0.008023	0.018874	0.000088	0.007045	0.011767	0.000062
poly8_4.mtx-P16	16	961	6241	0.006758	63	0.037186	0.009734	0.027330	0.000122	0.009817	0.017458	0.000055
poly8_4.mtx-P32	32	961	6241	0.006758	63	0.320903	0.172250	0.148189	0.000464	0.043898	0.104242	0.000049
poly8_4.mtx-P64	64	961	6241	0.006758	63	0.328042	0.115876	0.211521	0.000645	0.065106	0.146376	0.000039
poly8_5.mtx-P1	1	3969	26785	0.001700	131	0.082877	0.024692	0.058067	0.000118	0.052050	0.004503	0.001514
poly8_5.mtx-P2	2	3969	26785	0.001700	131	0.067518	0.023630	0.043770	0.000118	0.032113	0.010841	0.000816
poly8_5.mtx-P4	4	3969	26785	0.001700	131	0.059725	0.022372	0.037250	0.000103	0.021723	0.015071	0.000456
poly8_5.mtx-P8	8	3969	26785	0.001700	130	0.067650	0.022763	0.044732	0.000155	0.019835	0.024671	0.000227
poly8_5.mtx-P16	16	3969	26785	0.001700	130	0.082944	0.023513	0.059238	0.000193	0.023428	0.035639	0.000171
poly8_5.mtx-P32	32	3969	26785	0.001700	130	0.510292	0.200675	0.309027	0.000590	0.091771	0.217138	0.000118
poly8_5.mtx-P64	64	3969	26785	0.001700	130	1.198628	0.764934	0.432857	0.000837	0.132636	0.300109	0.000111
poly8_6.mtx-P1	1	16129	110881	0.000426	267	0.542314	0.093654	0.448160	0.000500	0.416679	0.018506	0.012975
poly8_6.mtx-P2	2	16129	110881	0.000426	267	0.354627	0.089033	0.265184	0.000410	0.229430	0.029094	0.006661
poly8_6.mtx-P4	4	16129	110881	0.000426	266	0.246249	0.081381	0.164463	0.000405	0.124047	0.037348	0.003068
poly8_6.mtx-P8	8	16129	110881	0.000426	267	0.220639	0.078900	0.141296	0.000443	0.086791	0.052944	0.001561
poly8_6.mtx-P16	16	16129	110881	0.000426	266	0.230634	0.080470	0.149638	0.000526	0.073398	0.075338	0.000903
poly8_6.mtx-P32	32	16129	110881	0.000426	266	0.941568	0.239594	0.701127	0.000847	0.239985	0.460528	0.000614
poly8_6.mtx-P64	64	16129	110881	0.000426	266	2.387474	0.821620	1.564221	0.001633	0.829076	0.734784	0.000361
