Running on Cartesius 

[1;31mtime	Tue Jan 13 23:18:46 CET 2015[0;39m
poly3_1.m-P1	1	10	4	3	0.011457	0.011369	0.000077	0.000011	0.000019	0.000054	0.000004
poly3_1.m-P2	2	10	4	3	0.002184	0.001604	0.000522	0.000058	0.000100	0.000421	0.000001
poly3_2.m-P1	1	31	19	8	0.010640	0.010431	0.000198	0.000011	0.000053	0.000142	0.000003
poly3_2.m-P2	2	31	19	8	0.002675	0.001676	0.000962	0.000037	0.000226	0.000670	0.000066
poly3_2.m-P8	8	31	19	8	0.012044	0.009810	0.002144	0.000090	0.000564	0.001576	0.000004
poly3_3.m-P1	1	109	85	20	0.007633	0.007022	0.000597	0.000014	0.000186	0.000399	0.000012
poly3_3.m-P2	2	109	85	20	0.009698	0.007514	0.002119	0.000065	0.000638	0.001467	0.000014
poly3_3.m-P4	4	109	85	20	0.012204	0.008806	0.003342	0.000056	0.000880	0.002448	0.000015
poly3_3.m-P8	8	109	85	20	0.017551	0.012534	0.004922	0.000095	0.001393	0.003522	0.000008
poly3_4.m-P1	1	409	361	46	0.011864	0.009796	0.002044	0.000024	0.000955	0.000961	0.000128
poly3_4.m-P2	2	409	361	46	0.016559	0.011451	0.005052	0.000056	0.001750	0.003254	0.000047
poly3_4.m-P4	4	409	361	46	0.020136	0.012733	0.007332	0.000071	0.002287	0.005013	0.000032
poly3_4.m-P8	8	409	361	46	0.022274	0.010317	0.011844	0.000113	0.003321	0.008495	0.000029
poly3_4.m-P16	16	409	361	46	0.031025	0.013784	0.017068	0.000173	0.004540	0.012501	0.000026
poly3_5.m-P1	1	1585	1489	92	0.022736	0.013366	0.009309	0.000061	0.006202	0.002707	0.000399
poly3_5.m-P2	2	1585	1489	92	0.023067	0.009272	0.013678	0.000117	0.006385	0.007047	0.000247
poly3_5.m-P4	4	1585	1489	92	0.025580	0.007832	0.017603	0.000145	0.006984	0.010482	0.000137
poly3_5.m-P8	8	1585	1489	92	0.039469	0.014165	0.025117	0.000187	0.007929	0.017105	0.000083
poly3_5.m-P16	16	1585	1489	92	0.047150	0.011498	0.035385	0.000267	0.010085	0.025228	0.000072
poly3_5.m-P32	32	1585	1489	92	0.369836	0.162693	0.206320	0.000823	0.052522	0.153738	0.000061
poly3_5.m-P64	64	1585	1489	92	0.909004	0.627213	0.280698	0.001093	0.069795	0.210828	0.000076
poly3_6.m-P1	1	6241	6049	180	0.098469	0.036980	0.061269	0.000220	0.046474	0.011736	0.003059
poly3_6.m-P2	2	6241	6049	180	0.085278	0.031342	0.053650	0.000286	0.034333	0.017625	0.001693
poly3_6.m-P4	4	6241	6049	180	0.081519	0.031005	0.050191	0.000323	0.026667	0.022793	0.000731
poly3_6.m-P8	8	6241	6049	180	0.089147	0.030776	0.057994	0.000377	0.023216	0.034268	0.000511
poly3_6.m-P16	16	6241	6049	180	0.102177	0.026908	0.074787	0.000482	0.024158	0.050310	0.000319
poly3_6.m-P32	32	6241	6049	180	0.540883	0.156922	0.382855	0.001106	0.081518	0.301092	0.000245
poly3_6.m-P64	64	6241	6049	180	1.170885	0.648011	0.521306	0.001568	0.108953	0.412196	0.000157
poly3_7.m-P1	1	24769	24385	350	0.570729	0.114940	0.454915	0.000874	0.357345	0.071142	0.026428
poly3_7.m-P2	2	24769	24385	350	0.424052	0.129296	0.293773	0.000983	0.216603	0.063626	0.013545
poly3_7.m-P4	4	24769	24385	350	0.280343	0.079868	0.199502	0.000973	0.133631	0.059747	0.006125
poly3_7.m-P8	8	24769	24385	350	0.243225	0.067470	0.174701	0.001054	0.094895	0.076899	0.002907
poly3_7.m-P16	16	24769	24385	350	0.257949	0.073871	0.182884	0.001194	0.075976	0.105489	0.001419
poly3_7.m-P32	32	24769	24385	350	0.974662	0.211757	0.761094	0.001811	0.173008	0.587012	0.001075
poly3_7.m-P64	64	24769	24385	350	1.781070	0.748225	1.029902	0.002943	0.221186	0.808046	0.000670
poly4_1.m-P1	1	13	5	1	0.001358	0.001323	0.000025	0.000010	0.000007	0.000018	0.000000
poly4_1.m-P2	2	13	5	1	0.001943	0.001691	0.000093	0.000159	0.000025	0.000068	0.000000
poly4_1.m-P4	4	13	5	1	0.002136	0.001860	0.000211	0.000065	0.000063	0.000148	0.000000
poly4_2.m-P1	1	41	25	6	0.001679	0.001418	0.000249	0.000012	0.000050	0.000195	0.000004
poly4_2.m-P2	2	41	25	6	0.010502	0.009850	0.000617	0.000035	0.000155	0.000461	0.000001
poly4_2.m-P4	4	41	25	6	0.009536	0.008402	0.001080	0.000054	0.000325	0.000751	0.000004
poly4_2.m-P8	8	41	25	6	0.013895	0.012343	0.001464	0.000088	0.000394	0.001069	0.000001
poly4_3.m-P1	1	145	113	19	0.002731	0.001980	0.000735	0.000016	0.000275	0.000444	0.000015
poly4_3.m-P2	2	145	113	19	0.014037	0.012113	0.001884	0.000040	0.000554	0.001310	0.000021
poly4_3.m-P4	4	145	113	19	0.015852	0.012923	0.002868	0.000061	0.000822	0.002038	0.000008
poly4_3.m-P8	8	145	113	19	0.015645	0.010829	0.004696	0.000120	0.001307	0.003380	0.000008
poly4_3.m-P16	16	145	113	19	0.021851	0.014405	0.007311	0.000135	0.002130	0.005171	0.000011
poly4_4.m-P1	1	545	481	40	0.017881	0.015919	0.001935	0.000027	0.001006	0.000865	0.000064
poly4_4.m-P2	2	545	481	40	0.013380	0.008471	0.004847	0.000062	0.001788	0.003021	0.000038
poly4_4.m-P4	4	545	481	40	0.013334	0.006411	0.006838	0.000085	0.002251	0.004547	0.000040
poly4_4.m-P8	8	545	481	40	0.022383	0.012179	0.010081	0.000123	0.002909	0.007145	0.000027
poly4_4.m-P16	16	545	481	40	0.025251	0.010221	0.014867	0.000163	0.003967	0.010874	0.000026
poly4_4.m-P32	32	545	481	40	0.145581	0.051008	0.093854	0.000719	0.022831	0.070992	0.000031
poly4_4.m-P64	64	545	481	40	0.191507	0.071740	0.118576	0.001191	0.024529	0.094015	0.000033
poly4_5.m-P1	1	2113	1985	83	0.027697	0.017075	0.010545	0.000077	0.007312	0.002779	0.000453
poly4_5.m-P2	2	2113	1985	83	0.023492	0.009389	0.013963	0.000140	0.007127	0.006585	0.000251
poly4_5.m-P4	4	2113	1985	83	0.024776	0.008454	0.016165	0.000157	0.006466	0.009558	0.000142
poly4_5.m-P8	8	2113	1985	83	0.038866	0.015757	0.022901	0.000208	0.007471	0.015316	0.000114
poly4_5.m-P16	16	2113	1985	83	0.041124	0.008051	0.032787	0.000286	0.009262	0.023450	0.000076
poly4_5.m-P32	32	2113	1985	83	0.349720	0.162573	0.186306	0.000841	0.047676	0.138549	0.000080
poly4_5.m-P64	64	2113	1985	83	0.932681	0.680591	0.250959	0.001131	0.062662	0.188234	0.000063
poly4_6.m-P1	1	8321	8065	168	0.120975	0.045750	0.074931	0.000294	0.057288	0.013650	0.003992
poly4_6.m-P2	2	8321	8065	168	0.097086	0.037345	0.059341	0.000400	0.039153	0.018113	0.002075
poly4_6.m-P4	4	8321	8065	168	0.079815	0.031047	0.048351	0.000417	0.025877	0.021426	0.001048
poly4_6.m-P8	8	8321	8065	168	0.094088	0.036071	0.057543	0.000474	0.024264	0.032775	0.000504
poly4_6.m-P16	16	8321	8065	168	0.119499	0.046910	0.072025	0.000564	0.024228	0.047472	0.000325
poly4_6.m-P32	32	8321	8065	168	0.537612	0.178971	0.357482	0.001159	0.076540	0.280706	0.000236
poly4_6.m-P64	64	8321	8065	168	1.195270	0.682099	0.511487	0.001684	0.130474	0.380814	0.000199
poly5_1.m-P1	1	16	6	3	0.010341	0.010255	0.000075	0.000011	0.000018	0.000056	0.000001
poly5_1.m-P2	2	16	6	3	0.002080	0.001518	0.000517	0.000045	0.000084	0.000426	0.000007
poly5_1.m-P4	4	16	6	3	0.006580	0.006084	0.000443	0.000053	0.000116	0.000325	0.000002
poly5_2.m-P1	1	51	31	10	0.001952	0.001681	0.000259	0.000012	0.000077	0.000179	0.000004
poly5_2.m-P2	2	51	31	10	0.011232	0.010181	0.001014	0.000037	0.000260	0.000745	0.000009
poly5_3.m-P1	1	181	141	25	0.007774	0.006902	0.000856	0.000016	0.000319	0.000519	0.000018
poly5_3.m-P2	2	181	141	25	0.014697	0.012157	0.002498	0.000042	0.000784	0.001696	0.000018
poly5_3.m-P4	4	181	141	25	0.013394	0.009332	0.003999	0.000063	0.001207	0.002773	0.000019
poly5_3.m-P8	8	181	141	25	0.014586	0.007873	0.006599	0.000114	0.001799	0.004776	0.000024
poly5_4.m-P1	1	681	601	49	0.014108	0.011324	0.002752	0.000032	0.001536	0.001117	0.000099
poly5_4.m-P2	2	681	601	49	0.018379	0.012507	0.005799	0.000073	0.002255	0.003477	0.000067
poly5_4.m-P4	4	681	601	49	0.018194	0.009989	0.008118	0.000087	0.002617	0.005456	0.000045
poly5_4.m-P8	8	681	601	49	0.023730	0.010927	0.012675	0.000128	0.003714	0.008914	0.000047
poly5_4.m-P16	16	681	601	49	0.030482	0.011605	0.018705	0.000172	0.004985	0.013676	0.000043
poly5_4.m-P32	32	681	601	49	0.164825	0.052453	0.111649	0.000723	0.027924	0.083684	0.000040
poly5_5.m-P1	1	2641	2481	100	0.028222	0.012595	0.015532	0.000095	0.010974	0.003866	0.000692
poly5_5.m-P2	2	2641	2481	100	0.038709	0.020439	0.018109	0.000161	0.009825	0.007947	0.000337
poly5_5.m-P4	4	2641	2481	100	0.037128	0.016756	0.020193	0.000179	0.008431	0.011543	0.000218
poly5_5.m-P8	8	2641	2481	100	0.038385	0.009457	0.028710	0.000218	0.009697	0.018865	0.000149
poly5_5.m-P16	16	2641	2481	100	0.048916	0.009694	0.038916	0.000306	0.011329	0.027481	0.000106
poly5_5.m-P32	32	2641	2481	100	0.381137	0.154696	0.225584	0.000857	0.057585	0.167882	0.000117
poly5_5.m-P64	64	2641	2481	100	1.962978	1.660761	0.301026	0.001191	0.075353	0.225595	0.000077
poly5_6.m-P1	1	10401	10081	183	0.155729	0.054860	0.100513	0.000356	0.077262	0.017824	0.005427
poly5_6.m-P2	2	10401	10081	183	0.124845	0.046341	0.078052	0.000452	0.053276	0.021587	0.003190
poly5_6.m-P4	4	10401	10081	183	0.102245	0.040497	0.061279	0.000469	0.035064	0.024716	0.001498
poly5_6.m-P8	8	10401	10081	183	0.105310	0.039059	0.065729	0.000522	0.029290	0.035706	0.000734
poly5_6.m-P16	16	10401	10081	183	0.121922	0.040175	0.081123	0.000624	0.028552	0.052145	0.000426
poly5_6.m-P32	32	10401	10081	183	0.568173	0.174959	0.391979	0.001235	0.084870	0.306791	0.000318
poly5_6.m-P64	64	10401	10081	183	1.233801	0.698701	0.533381	0.001719	0.112121	0.421054	0.000206
poly6_1.m-P1	1	19	7	3	0.009192	0.009102	0.000078	0.000012	0.000019	0.000056	0.000003
poly6_1.m-P2	2	19	7	3	0.002079	0.001559	0.000480	0.000040	0.000082	0.000396	0.000002
poly6_2.m-P1	1	61	37	9	0.010113	0.009876	0.000225	0.000012	0.000062	0.000160	0.000004
poly6_2.m-P2	2	61	37	9	0.002982	0.001727	0.001218	0.000037	0.000260	0.000951	0.000007
poly6_2.m-P4	4	61	37	9	0.011738	0.010303	0.001379	0.000056	0.000341	0.001031	0.000007
poly6_3.m-P1	1	217	169	24	0.003049	0.002232	0.000800	0.000017	0.000307	0.000478	0.000015
poly6_3.m-P2	2	217	169	24	0.008727	0.006019	0.002665	0.000043	0.000806	0.001822	0.000037
poly6_3.m-P4	4	217	169	24	0.008813	0.005023	0.003730	0.000060	0.001021	0.002695	0.000014
poly6_3.m-P8	8	217	169	24	0.016754	0.010660	0.005992	0.000102	0.001606	0.004371	0.000015
poly6_3.m-P16	16	217	169	24	0.012773	0.002581	0.010047	0.000145	0.002337	0.007699	0.000011
poly6_4.m-P1	1	817	721	52	0.015647	0.012411	0.003200	0.000036	0.001807	0.001279	0.000114
poly6_4.m-P2	2	817	721	52	0.019812	0.013433	0.006306	0.000073	0.002475	0.003756	0.000075
poly6_4.m-P4	4	817	721	52	0.017238	0.008391	0.008758	0.000089	0.002871	0.005834	0.000054
poly6_4.m-P8	8	817	721	52	0.023580	0.009927	0.013512	0.000141	0.003810	0.009654	0.000047
poly6_4.m-P16	16	817	721	52	0.029220	0.009617	0.019414	0.000189	0.005323	0.014054	0.000037
poly6_4.m-P32	32	817	721	52	0.276721	0.158364	0.117591	0.000766	0.029597	0.087945	0.000049
poly6_5.m-P1	1	3169	2977	105	0.033536	0.014518	0.018905	0.000113	0.013698	0.004337	0.000870
poly6_5.m-P2	2	3169	2977	105	0.032921	0.012892	0.019859	0.000170	0.010762	0.008624	0.000473
poly6_5.m-P4	4	3169	2977	105	0.040084	0.017907	0.021982	0.000195	0.009571	0.012157	0.000254
poly6_5.m-P8	8	3169	2977	105	0.049776	0.019470	0.030071	0.000235	0.010370	0.019533	0.000168
poly6_5.m-P16	16	3169	2977	105	0.060099	0.018052	0.041675	0.000372	0.012372	0.029208	0.000094
poly6_5.m-P32	32	3169	2977	105	0.403273	0.164820	0.237535	0.000918	0.060654	0.176774	0.000107
poly6_5.m-P64	64	3169	2977	106	0.967022	0.645473	0.320239	0.001310	0.080330	0.239805	0.000104
poly6_6.m-P1	1	12481	12097	250	0.214646	0.050955	0.163276	0.000415	0.126160	0.028126	0.008990
poly6_6.m-P2	2	12481	12097	250	0.168096	0.049859	0.117673	0.000564	0.081893	0.031652	0.004128
poly6_6.m-P4	4	12481	12097	251	0.136661	0.044264	0.091844	0.000553	0.054431	0.035066	0.002347
poly6_6.m-P8	8	12481	12097	251	0.140049	0.043540	0.095902	0.000607	0.044233	0.050669	0.001000
poly6_6.m-P16	16	12481	12097	251	0.156129	0.041690	0.113747	0.000692	0.041569	0.071483	0.000695
poly6_6.m-P32	32	12481	12097	250	0.717970	0.184248	0.532413	0.001309	0.115081	0.416922	0.000410
poly6_6.m-P64	64	12481	12097	251	1.421113	0.683528	0.734807	0.002778	0.156133	0.578325	0.000349
poly7_1.m-P1	1	22	8	3	0.001569	0.001476	0.000083	0.000010	0.000028	0.000052	0.000003
poly7_1.m-P2	2	22	8	3	0.002152	0.001641	0.000477	0.000034	0.000130	0.000342	0.000005
poly7_2.m-P1	1	71	43	10	0.007976	0.007629	0.000335	0.000012	0.000099	0.000230	0.000006
poly7_2.m-P2	2	71	43	10	0.008548	0.007563	0.000948	0.000037	0.000252	0.000690	0.000006
poly7_2.m-P4	4	71	43	10	0.003646	0.001902	0.001669	0.000075	0.000417	0.001246	0.000006
poly7_2.m-P8	8	71	43	10	0.013224	0.010484	0.002651	0.000089	0.000751	0.001895	0.000004
poly7_3.m-P1	1	253	197	28	0.003613	0.002537	0.001049	0.000027	0.000426	0.000597	0.000026
poly7_3.m-P2	2	253	197	28	0.013421	0.010508	0.002868	0.000045	0.000865	0.001980	0.000023
poly7_3.m-P4	4	253	197	28	0.013595	0.009037	0.004489	0.000069	0.001285	0.003181	0.000023
poly7_3.m-P8	8	253	197	28	0.014779	0.007210	0.007463	0.000106	0.001864	0.005585	0.000013
poly7_3.m-P16	16	253	197	28	0.019881	0.009371	0.010358	0.000152	0.002732	0.007612	0.000014
poly7_4.m-P1	1	953	841	61	0.017598	0.013528	0.004030	0.000040	0.002397	0.001477	0.000156
poly7_4.m-P2	2	953	841	61	0.019162	0.011451	0.007611	0.000100	0.003113	0.004399	0.000099
poly7_4.m-P4	4	953	841	61	0.022801	0.012463	0.010233	0.000105	0.003455	0.006722	0.000057
poly7_4.m-P8	8	953	841	61	0.029093	0.013077	0.015862	0.000154	0.004672	0.011143	0.000047
poly7_4.m-P16	16	953	841	61	0.031712	0.008285	0.023218	0.000209	0.006299	0.016881	0.000037
poly7_4.m-P32	32	953	841	61	0.297379	0.159177	0.137414	0.000788	0.034610	0.102764	0.000040
poly7_5.m-P1	1	3697	3473	117	0.040692	0.016361	0.024205	0.000126	0.017819	0.005257	0.001128
poly7_5.m-P2	2	3697	3473	117	0.039637	0.014673	0.024754	0.000210	0.013994	0.010213	0.000547
poly7_5.m-P4	4	3697	3473	118	0.048036	0.022525	0.025280	0.000231	0.011184	0.013829	0.000267
poly7_5.m-P8	8	3697	3473	118	0.047143	0.012717	0.034133	0.000293	0.011911	0.022048	0.000174
poly7_5.m-P16	16	3697	3473	118	0.068288	0.020884	0.047015	0.000389	0.014118	0.032745	0.000152
poly7_5.m-P32	32	3697	3473	118	0.434088	0.167595	0.265484	0.001009	0.068463	0.196883	0.000138
poly7_5.m-P64	64	3697	3473	118	1.015914	0.657184	0.357393	0.001337	0.089630	0.267668	0.000095
poly7_6.m-P1	1	14561	14113	240	0.250080	0.067539	0.182053	0.000488	0.141327	0.030672	0.010054
poly7_6.m-P2	2	14561	14113	241	0.190730	0.060336	0.129812	0.000582	0.091320	0.033012	0.005480
poly7_6.m-P4	4	14561	14113	240	0.149931	0.054683	0.094599	0.000649	0.057330	0.034615	0.002653
poly7_6.m-P8	8	14561	14113	240	0.146650	0.051086	0.094857	0.000707	0.044574	0.048890	0.001393
poly7_6.m-P16	16	14561	14113	240	0.162991	0.050039	0.112166	0.000786	0.041712	0.069678	0.000776
poly7_6.m-P32	32	14561	14113	240	0.714202	0.192735	0.520069	0.001398	0.116087	0.403439	0.000543
poly7_6.m-P64	64	14561	14113	240	1.365389	0.659144	0.703332	0.002913	0.149659	0.553322	0.000351
poly8_1.m-P1	1	25	9	3	0.007267	0.007185	0.000071	0.000011	0.000019	0.000051	0.000001
poly8_1.m-P2	2	25	9	3	0.007320	0.007012	0.000273	0.000035	0.000072	0.000199	0.000002
poly8_1.m-P4	4	25	9	3	0.002528	0.001666	0.000810	0.000052	0.000204	0.000603	0.000003
poly8_1.m-P8	8	25	9	3	0.011034	0.010204	0.000743	0.000087	0.000185	0.000557	0.000001
poly8_2.m-P1	1	81	49	9	0.001875	0.001519	0.000343	0.000013	0.000087	0.000250	0.000006
poly8_2.m-P2	2	81	49	9	0.003000	0.001807	0.001156	0.000037	0.000250	0.000899	0.000007
poly8_2.m-P4	4	81	49	9	0.009697	0.008256	0.001385	0.000056	0.000366	0.001017	0.000002
poly8_2.m-P8	8	81	49	9	0.011347	0.008781	0.002476	0.000090	0.000604	0.001865	0.000007
poly8_3.m-P1	1	289	225	24	0.010442	0.009531	0.000892	0.000019	0.000365	0.000508	0.000019
poly8_3.m-P2	2	289	225	24	0.009086	0.006365	0.002654	0.000067	0.000811	0.001824	0.000019
poly8_3.m-P4	4	289	225	24	0.010640	0.006463	0.004029	0.000148	0.001030	0.002982	0.000017
poly8_3.m-P8	8	289	225	24	0.017246	0.011125	0.006017	0.000104	0.001535	0.004466	0.000015
poly8_3.m-P16	16	289	225	24	0.016760	0.007433	0.009172	0.000155	0.002396	0.006763	0.000013
poly8_3.m-P32	32	289	225	24	0.106748	0.052806	0.053057	0.000885	0.010857	0.042184	0.000016
poly8_4.m-P1	1	1089	961	60	0.019443	0.014907	0.004491	0.000045	0.002669	0.001646	0.000176
poly8_4.m-P2	2	1089	961	60	0.021456	0.013903	0.007459	0.000094	0.003035	0.004315	0.000109
poly8_4.m-P4	4	1089	961	60	0.024356	0.014267	0.009977	0.000112	0.003319	0.006589	0.000069
poly8_4.m-P8	8	1089	961	60	0.032743	0.017323	0.015271	0.000149	0.004383	0.010840	0.000048
poly8_4.m-P16	16	1089	961	60	0.038211	0.015307	0.022694	0.000210	0.006177	0.016467	0.000050
poly8_4.m-P32	32	1089	961	60	0.288473	0.152152	0.135536	0.000785	0.034359	0.101122	0.000055
poly8_4.m-P64	64	1089	961	60	0.254431	0.070586	0.182789	0.001056	0.045355	0.137375	0.000059
poly8_5.m-P1	1	4225	3969	123	0.047463	0.018852	0.028459	0.000152	0.021047	0.006022	0.001390
poly8_5.m-P2	2	4225	3969	124	0.051490	0.024471	0.026806	0.000213	0.015271	0.010794	0.000741
poly8_5.m-P4	4	4225	3969	124	0.050667	0.023015	0.027396	0.000256	0.012154	0.014852	0.000390
poly8_5.m-P8	8	4225	3969	124	0.049877	0.014076	0.035501	0.000300	0.012190	0.023095	0.000215
poly8_5.m-P16	16	4225	3969	124	0.073796	0.023735	0.049659	0.000402	0.015040	0.034477	0.000142
poly8_5.m-P32	32	4225	3969	124	0.433550	0.153546	0.278974	0.001030	0.072201	0.206632	0.000141
poly8_5.m-P64	64	4225	3969	124	2.089858	1.713060	0.375443	0.001355	0.095017	0.280324	0.000102
poly8_6.m-P1	1	16641	16129	233	0.281849	0.080027	0.201237	0.000585	0.156533	0.033344	0.011360
poly8_6.m-P2	2	16641	16129	234	0.194532	0.064555	0.129239	0.000738	0.091293	0.032455	0.005491
poly8_6.m-P4	4	16641	16129	234	0.143033	0.048952	0.093373	0.000708	0.056725	0.033788	0.002860
poly8_6.m-P8	8	16641	16129	233	0.143569	0.049709	0.093074	0.000786	0.044395	0.047163	0.001516
poly8_6.m-P16	16	16641	16129	234	0.166633	0.054859	0.110897	0.000877	0.041131	0.069067	0.000698
poly8_6.m-P32	32	16641	16129	234	0.704121	0.198597	0.504047	0.001477	0.111173	0.392290	0.000584
poly8_6.m-P64	64	16641	16129	234	1.394426	0.704291	0.687252	0.002883	0.146588	0.540348	0.000317
