Running on Cartesius 

[1;31mtime	Thu Jan 15 03:23:06 CET 2015[0;39m
poly5_1.m-P1	1	16	6	3	0.001212	0.001129	0.000072	0.000011	0.000019	0.000052	0.000001
poly5_1.m-P2	2	16	6	3	0.001719	0.001405	0.000279	0.000035	0.000072	0.000206	0.000001
poly5_1.m-P4	4	16	6	3	0.002231	0.001474	0.000680	0.000077	0.000310	0.000367	0.000003
poly5_10.m-P1	1	2624001	2618881	4352	630.357397	12.706757	617.528825	0.121815	477.211762	82.312643	58.004421
poly5_10.m-P2	2	2624001	2618881	4352	354.379078	9.739384	344.503980	0.135714	267.833157	45.348946	31.321877
poly5_10.m-P4	4	2624001	2618881	4352	184.226387	8.089820	176.019467	0.117100	138.479261	23.536818	14.003388
poly5_10.m-P8	8	2624001	2618881	4352	97.271342	7.211646	89.952490	0.107206	69.637484	12.811056	7.503950
poly5_10.m-P16	16	2624001	2618881	4352	58.254662	6.823948	51.331748	0.098966	37.692263	8.512386	5.127099
poly5_10.m-P32	32	2624001	2618881	4352	44.060894	6.873555	37.089952	0.097387	22.543994	12.138053	2.407905
poly5_10.m-P64	64	2624001	2618881	4352	41.606757	7.182535	34.327657	0.096565	17.135760	16.373959	0.817939
poly5_2.m-P1	1	51	31	10	0.001517	0.001210	0.000293	0.000014	0.000091	0.000194	0.000008
poly5_2.m-P2	2	51	31	10	0.002959	0.001324	0.001598	0.000037	0.000457	0.001133	0.000008
poly5_2.m-P4	4	51	31	10	0.004018	0.001621	0.002342	0.000055	0.000747	0.001579	0.000016
poly5_2.m-P8	8	51	31	10	0.005147	0.001984	0.003076	0.000087	0.000782	0.002290	0.000004
poly5_3.m-P1	1	181	141	27	0.003133	0.001811	0.001305	0.000017	0.000484	0.000800	0.000021
poly5_3.m-P2	2	181	141	27	0.005664	0.002002	0.003616	0.000046	0.001034	0.002509	0.000073
poly5_3.m-P4	4	181	141	27	0.007414	0.002177	0.005170	0.000067	0.001356	0.003803	0.000011
poly5_3.m-P8	8	181	141	27	0.010189	0.002350	0.007731	0.000108	0.002095	0.005624	0.000012
poly5_3.m-P16	16	181	141	27	0.013139	0.002295	0.010700	0.000144	0.002784	0.007903	0.000013
poly5_4.m-P1	1	681	601	58	0.007637	0.004141	0.003465	0.000031	0.001923	0.001413	0.000129
poly5_4.m-P2	2	681	601	58	0.011572	0.003965	0.007542	0.000065	0.003005	0.004457	0.000080
poly5_4.m-P4	4	681	601	58	0.014167	0.003857	0.010217	0.000093	0.003530	0.006635	0.000051
poly5_4.m-P8	8	681	601	58	0.019783	0.004193	0.015464	0.000126	0.004649	0.010774	0.000041
poly5_4.m-P16	16	681	601	58	0.026386	0.003990	0.022226	0.000170	0.006064	0.016120	0.000042
poly5_4.m-P32	32	681	601	58	0.178151	0.046496	0.130919	0.000736	0.033119	0.097755	0.000044
poly5_4.m-P64	64	681	601	58	0.236622	0.064485	0.171100	0.001037	0.035468	0.135576	0.000056
poly5_5.m-P1	1	2641	2481	122	0.031045	0.012048	0.018902	0.000095	0.013404	0.004639	0.000860
poly5_5.m-P2	2	2641	2481	122	0.033769	0.010816	0.022795	0.000158	0.012489	0.009865	0.000442
poly5_5.m-P4	4	2641	2481	122	0.035431	0.009755	0.025496	0.000180	0.011280	0.013939	0.000277
poly5_5.m-P8	8	2641	2481	122	0.045116	0.009255	0.035637	0.000224	0.012677	0.022799	0.000161
poly5_5.m-P16	16	2641	2481	122	0.057779	0.009399	0.048073	0.000307	0.014788	0.033162	0.000122
poly5_5.m-P32	32	2641	2481	122	0.406469	0.146635	0.258966	0.000868	0.053733	0.205109	0.000124
poly5_5.m-P64	64	2641	2481	122	1.027609	0.656143	0.370249	0.001217	0.093751	0.276386	0.000113
poly5_6.m-P1	1	10401	10081	248	0.178042	0.041590	0.136087	0.000365	0.104779	0.023885	0.007422
poly5_6.m-P2	2	10401	10081	248	0.142907	0.036064	0.106348	0.000495	0.073307	0.029377	0.003664
poly5_6.m-P4	4	10401	10081	248	0.119385	0.031154	0.087746	0.000485	0.052774	0.032941	0.002031
poly5_6.m-P8	8	10401	10081	248	0.124825	0.029440	0.094846	0.000539	0.044505	0.049186	0.001155
poly5_6.m-P16	16	10401	10081	248	0.144190	0.029427	0.114130	0.000633	0.042840	0.070649	0.000641
poly5_6.m-P32	32	10401	10081	248	0.703507	0.166107	0.536082	0.001318	0.118822	0.416784	0.000476
poly5_6.m-P64	64	10401	10081	248	1.414258	0.681457	0.731038	0.001763	0.155710	0.575010	0.000318
poly5_7.m-P1	1	41281	40641	503	1.236178	0.160767	1.073811	0.001600	0.847003	0.161191	0.065616
poly5_7.m-P2	2	41281	40641	503	0.814453	0.134389	0.678412	0.001652	0.517928	0.126130	0.034354
poly5_7.m-P4	4	41281	40641	503	0.547422	0.116045	0.429827	0.001550	0.309852	0.104424	0.015551
poly5_7.m-P8	8	41281	40641	503	0.448168	0.106844	0.339690	0.001634	0.208697	0.123748	0.007245
poly5_7.m-P16	16	41281	40641	503	0.437921	0.105044	0.330860	0.002017	0.162856	0.164344	0.003660
poly5_7.m-P32	32	41281	40641	503	1.392504	0.246706	1.142928	0.002870	0.281130	0.859234	0.002564
poly5_7.m-P64	64	41281	40641	503	2.254933	0.736292	1.515250	0.003391	0.341018	1.172779	0.001453
poly5_8.m-P1	1	164481	163201	1012	9.367297	0.779546	8.581049	0.006702	6.832764	1.209251	0.539033
poly5_8.m-P2	2	164481	163201	1012	5.542082	0.559659	4.974375	0.008048	3.959031	0.771239	0.244106
poly5_8.m-P4	4	164481	163201	1012	3.234551	0.470873	2.757154	0.006524	2.149780	0.495859	0.111515
poly5_8.m-P8	8	164481	163201	1012	2.146261	0.427743	1.712661	0.005857	1.262994	0.401154	0.048514
poly5_8.m-P16	16	164481	163201	1012	1.656609	0.406147	1.244127	0.006335	0.783930	0.429961	0.030236
poly5_8.m-P32	32	164481	163201	1012	3.203103	0.548762	2.646697	0.007644	0.838048	1.798279	0.010370
poly5_8.m-P64	64	164481	163201	1012	4.337719	1.013028	3.315631	0.009060	0.852354	2.453456	0.009820
poly5_9.m-P1	1	656641	654081	2158	77.338994	3.063222	74.246838	0.028934	58.800835	10.138993	5.307010
poly5_9.m-P2	2	656641	654081	2158	43.922776	2.452978	41.439207	0.030591	33.021675	5.793991	2.623541
poly5_9.m-P4	4	656641	654081	2158	23.314793	2.005730	21.282269	0.026794	16.912173	3.064806	1.305290
poly5_9.m-P8	8	656641	654081	2158	13.649742	1.780864	11.845264	0.023614	9.195690	1.968536	0.681038
poly5_9.m-P16	16	656641	654081	2158	8.836335	1.682214	7.131169	0.022952	5.168323	1.609903	0.352942
poly5_9.m-P32	32	656641	654081	2158	10.120333	1.777713	8.317872	0.024748	3.768251	4.428808	0.120813
poly5_9.m-P64	64	656641	654081	2158	13.683177	2.235079	11.422303	0.025795	4.649234	6.706401	0.066668
lshaped_10.m-P1	1	2100225	2094081	6710	775.333187	9.968271	765.268328	0.096588	588.837363	101.706186	74.724779
lshaped_10.m-P2	2	2100225	2094081	6710	420.015935	7.538312	412.366324	0.111299	319.164989	55.212896	37.988440
lshaped_10.m-P4	4	2100225	2094081	6710	218.211694	6.297921	211.823904	0.089869	168.433970	31.412147	11.977787
lshaped_10.m-P8	8	2100225	2094081	6710	115.967704	5.647392	110.233464	0.086848	85.854896	15.649494	8.729074
lshaped_10.m-P16	16	2100225	2094081	6710	70.137389	5.400523	64.656001	0.080865	47.871424	10.807341	5.977236
lshaped_10.m-P32	32	2100225	2094081	6710	54.496310	5.371718	49.052878	0.071714	28.885623	17.569601	2.597653
lshaped_10.m-P64	64	2100225	2094081	6710	53.799624	5.838387	47.885448	0.075789	22.749481	24.192651	0.943316
lshaped_2.m-P1	1	45	21	12	0.001636	0.001223	0.000402	0.000011	0.000088	0.000304	0.000010
lshaped_2.m-P2	2	45	21	12	0.003225	0.001493	0.001652	0.000080	0.000461	0.001187	0.000004
lshaped_3.m-P1	1	153	105	35	0.002956	0.001721	0.001220	0.000015	0.000441	0.000751	0.000027
lshaped_3.m-P2	2	153	105	35	0.006260	0.001776	0.004427	0.000057	0.001330	0.003075	0.000022
lshaped_3.m-P4	4	153	105	35	0.008345	0.002063	0.006217	0.000065	0.001817	0.004383	0.000017
lshaped_3.m-P8	8	153	105	35	0.012051	0.002312	0.009643	0.000096	0.002557	0.007040	0.000046
lshaped_4.m-P1	1	561	465	83	0.008270	0.003611	0.004631	0.000028	0.002406	0.002087	0.000138
lshaped_4.m-P2	2	561	465	83	0.013353	0.003392	0.009899	0.000062	0.003705	0.006093	0.000101
lshaped_4.m-P4	4	561	465	83	0.017747	0.003283	0.014379	0.000085	0.004994	0.009325	0.000060
lshaped_4.m-P8	8	561	465	84	0.025729	0.003707	0.021888	0.000134	0.006527	0.015295	0.000066
lshaped_4.m-P16	16	561	465	84	0.035437	0.003718	0.031556	0.000163	0.008449	0.023042	0.000065
lshaped_4.m-P32	32	561	465	84	0.234661	0.042807	0.191121	0.000733	0.049337	0.141722	0.000062
lshaped_5.m-P1	1	2145	1953	190	0.034071	0.010025	0.023966	0.000080	0.016579	0.006348	0.001039
lshaped_5.m-P2	2	2145	1953	189	0.040950	0.009032	0.031789	0.000129	0.016398	0.014758	0.000633
lshaped_5.m-P4	4	2145	1953	190	0.046081	0.008031	0.037889	0.000161	0.016033	0.021429	0.000427
lshaped_5.m-P8	8	2145	1953	189	0.061670	0.007743	0.053725	0.000202	0.018550	0.034938	0.000237
lshaped_5.m-P16	16	2145	1953	189	0.081826	0.007913	0.073634	0.000279	0.022084	0.051355	0.000195
lshaped_5.m-P32	32	2145	1953	189	0.573202	0.147847	0.424509	0.000846	0.109857	0.314463	0.000189
lshaped_5.m-P64	64	2145	1953	189	1.222980	0.648848	0.572993	0.001139	0.143848	0.429008	0.000137
lshaped_6.m-P1	1	8385	8001	394	0.208126	0.034161	0.173668	0.000297	0.132454	0.032174	0.009040
lshaped_6.m-P2	2	8385	8001	395	0.170658	0.028490	0.141749	0.000419	0.095199	0.042420	0.004129
lshaped_6.m-P4	4	8385	8001	395	0.156406	0.025079	0.130897	0.000430	0.076251	0.052041	0.002606
lshaped_6.m-P8	8	8385	8001	394	0.163833	0.023925	0.139439	0.000469	0.061261	0.076844	0.001334
lshaped_6.m-P16	16	8385	8001	394	0.199802	0.023818	0.175408	0.000576	0.062869	0.111704	0.000835
lshaped_6.m-P32	32	8385	8001	394	1.011799	0.169266	0.841379	0.001154	0.183883	0.656908	0.000588
lshaped_6.m-P64	64	8385	8001	394	1.825869	0.670623	1.153550	0.001696	0.243735	0.909276	0.000540
lshaped_7.m-P1	1	33153	32385	804	1.507841	0.132539	1.374056	0.001246	1.078353	0.210228	0.085475
lshaped_7.m-P2	2	33153	32385	803	0.982589	0.107757	0.873367	0.001465	0.664844	0.172985	0.035537
lshaped_7.m-P4	4	33153	32385	804	0.680859	0.092347	0.587250	0.001262	0.412680	0.154067	0.020503
lshaped_7.m-P8	8	33153	32385	804	0.581680	0.085642	0.494679	0.001359	0.291942	0.191962	0.010775
lshaped_7.m-P16	16	33153	32385	804	0.568215	0.083921	0.482664	0.001630	0.224811	0.251847	0.006006
lshaped_7.m-P32	32	33153	32385	804	2.030137	0.229662	1.798118	0.002357	0.429519	1.365216	0.003382
lshaped_7.m-P64	64	33153	32385	804	3.123388	0.704304	2.415901	0.003183	0.537372	1.876735	0.001795
lshaped_8.m-P1	1	131841	130305	1630	11.619322	0.577607	11.036304	0.005411	8.782877	1.566194	0.687233
lshaped_8.m-P2	2	131841	130305	1630	6.711729	0.418038	6.287698	0.005993	4.950502	0.968369	0.368827
lshaped_8.m-P4	4	131841	130305	1630	3.975539	0.359154	3.611346	0.005039	2.803735	0.629432	0.178179
lshaped_8.m-P8	8	131841	130305	1630	2.640060	0.334991	2.300427	0.004642	1.646237	0.572522	0.081668
lshaped_8.m-P16	16	131841	130305	1630	2.066535	0.321800	1.739503	0.005232	1.059061	0.642125	0.038317
lshaped_8.m-P32	32	131841	130305	1630	4.581384	0.445017	4.130102	0.006265	1.236777	2.872021	0.021303
lshaped_8.m-P64	64	131841	130305	1630	6.181166	0.952875	5.220379	0.007912	1.284961	3.924312	0.011106
lshaped_9.m-P1	1	525825	522753	3311	93.506931	2.410318	91.073515	0.023098	71.897757	12.445664	6.730094
lshaped_9.m-P2	2	525825	522753	3311	51.812023	1.859561	49.927020	0.025442	39.725001	7.045382	3.156637
lshaped_9.m-P4	4	525825	522753	3311	28.183620	1.583475	26.578114	0.022031	21.100053	3.917196	1.560865
lshaped_9.m-P8	8	525825	522753	3311	16.431940	1.400585	15.012598	0.018757	11.588622	2.664292	0.759684
lshaped_9.m-P16	16	525825	522753	3311	10.652258	1.321031	9.312450	0.018777	6.767459	2.234306	0.310685
lshaped_9.m-P32	32	525825	522753	3311	13.171495	1.428005	11.723191	0.020299	4.952543	6.600129	0.170518
lshaped_9.m-P64	64	525825	522753	3311	14.589994	1.892259	12.676496	0.021239	3.948590	8.645409	0.082497
